{"/Users/mpaulson/workspaces/work/f2/falcor-get-coverage.js":{"path":"/Users/mpaulson/workspaces/work/f2/falcor-get-coverage.js","s":{"1":1,"2":1,"3":1,"4":1,"5":1,"6":1,"7":1,"8":1,"9":1,"10":1,"11":1,"12":1,"13":1},"b":{},"f":{"1":1,"2":1,"3":1,"4":1},"fnMap":{"1":{"name":"(anonymous_1)","line":7,"loc":{"start":{"line":7,"column":13},"end":{"line":7,"column":24}}},"2":{"name":"(anonymous_2)","line":8,"loc":{"start":{"line":8,"column":40},"end":{"line":8,"column":54}}},"3":{"name":"(anonymous_3)","line":19,"loc":{"start":{"line":19,"column":17},"end":{"line":19,"column":28}}},"4":{"name":"(anonymous_4)","line":20,"loc":{"start":{"line":20,"column":15},"end":{"line":20,"column":26}}}},"statementMap":{"1":{"start":{"line":1,"column":0},"end":{"line":1,"column":30}},"2":{"start":{"line":2,"column":0},"end":{"line":2,"column":25}},"3":{"start":{"line":3,"column":0},"end":{"line":3,"column":54}},"4":{"start":{"line":4,"column":0},"end":{"line":4,"column":23}},"5":{"start":{"line":5,"column":0},"end":{"line":16,"column":3}},"6":{"start":{"line":8,"column":12},"end":{"line":13,"column":15}},"7":{"start":{"line":9,"column":16},"end":{"line":11,"column":19}},"8":{"start":{"line":12,"column":16},"end":{"line":12,"column":34}},"9":{"start":{"line":17,"column":0},"end":{"line":17,"column":9}},"10":{"start":{"line":18,"column":0},"end":{"line":18,"column":46}},"11":{"start":{"line":19,"column":0},"end":{"line":25,"column":3}},"12":{"start":{"line":20,"column":4},"end":{"line":24,"column":7}},"13":{"start":{"line":21,"column":8},"end":{"line":23,"column":24}}},"branchMap":{}},"/Users/mpaulson/workspaces/work/f2/lib/index.js":{"path":"/Users/mpaulson/workspaces/work/f2/lib/index.js","s":{"1":1,"2":0,"3":1,"4":1,"5":0,"6":1,"7":1},"b":{"1":[1,0]},"f":{"1":0},"fnMap":{"1":{"name":"falcor","line":3,"loc":{"start":{"line":3,"column":0},"end":{"line":3,"column":22}}}},"statementMap":{"1":{"start":{"line":3,"column":0},"end":{"line":5,"column":1}},"2":{"start":{"line":4,"column":4},"end":{"line":4,"column":34}},"3":{"start":{"line":7,"column":0},"end":{"line":11,"column":1}},"4":{"start":{"line":8,"column":4},"end":{"line":8,"column":29}},"5":{"start":{"line":10,"column":4},"end":{"line":10,"column":40}},"6":{"start":{"line":13,"column":0},"end":{"line":13,"column":24}},"7":{"start":{"line":15,"column":0},"end":{"line":15,"column":34}}},"branchMap":{"1":{"line":7,"type":"if","locations":[{"start":{"line":7,"column":0},"end":{"line":7,"column":0}},{"start":{"line":7,"column":0},"end":{"line":7,"column":0}}]}}},"/Users/mpaulson/workspaces/work/f2/lib/Model.js":{"path":"/Users/mpaulson/workspaces/work/f2/lib/Model.js","s":{"1":1,"2":1,"3":1,"4":1,"5":1,"6":1,"7":1,"8":1,"9":1,"10":1,"11":1,"12":1,"13":1,"14":1,"15":1,"16":1,"17":1,"18":1,"19":1,"20":1,"21":1,"22":1,"23":1,"24":1,"25":1,"26":1,"27":1,"28":1,"29":1,"30":1,"31":1,"32":1,"33":1,"34":1,"35":1,"36":1,"37":1,"38":1,"39":1,"40":1,"41":1,"42":0,"43":1,"44":1,"45":0,"46":1,"47":1,"48":0,"49":1,"50":0,"51":1,"52":0,"53":1,"54":0,"55":1,"56":1,"57":0,"58":1,"59":1,"60":1,"61":1,"62":1,"63":1,"64":1,"65":1,"66":1,"67":1,"68":1,"69":0,"70":0,"71":0,"72":0,"73":0,"74":0,"75":0,"76":0,"77":0,"78":0,"79":1,"80":0,"81":0,"82":0,"83":0,"84":0,"85":0,"86":0,"87":0,"88":0,"89":0,"90":0,"91":0,"92":1,"93":0,"94":0,"95":0,"96":0,"97":0,"98":0,"99":0,"100":0,"101":0,"102":0,"103":1,"104":1,"105":1,"106":1,"107":1,"108":1,"109":1,"110":1,"111":0,"112":0,"113":0,"114":0,"115":0,"116":0,"117":0,"118":0,"119":0,"120":0,"121":0,"122":0,"123":0,"124":0,"125":0,"126":0,"127":0,"128":0,"129":1,"130":0,"131":0,"132":0,"133":0,"134":0,"135":0,"136":0,"137":0,"138":1,"139":0,"140":0,"141":0,"142":0,"143":0,"144":0,"145":1,"146":0,"147":0,"148":0,"149":1,"150":0,"151":0,"152":0,"153":0,"154":0,"155":0,"156":0,"157":0,"158":1,"159":0,"160":0,"161":0,"162":0,"163":0,"164":0,"165":0,"166":0,"167":1,"168":0,"169":0,"170":0,"171":1,"172":0,"173":1,"174":0,"175":1,"176":0,"177":1,"178":0,"179":1,"180":0,"181":1,"182":0,"183":1,"184":0,"185":1,"186":0,"187":1,"188":0,"189":1,"190":0,"191":1,"192":1,"193":1,"194":1,"195":1,"196":1,"197":1,"198":1,"199":1,"200":1,"201":1},"b":{"1":[1,0],"2":[1,1],"3":[1,1,1],"4":[1,1,1],"5":[1,0],"6":[1,1,1],"7":[0,1],"8":[1,1],"9":[0,1],"10":[1,1],"11":[0,1],"12":[1,1],"13":[0,0],"14":[0,1],"15":[1,1],"16":[0,0],"17":[0,1],"18":[0,1],"19":[1,1,1],"20":[0,1],"21":[0,0],"22":[0,0],"23":[0,0,0,0,0,0,0,0],"24":[0,0],"25":[0,0],"26":[0,0],"27":[0,0],"28":[0,0],"29":[0,0],"30":[0,0],"31":[0,0],"32":[0,0,0],"33":[0,0],"34":[0,0],"35":[0,0],"36":[0,0,0],"37":[0,0],"38":[0,0],"39":[0,0],"40":[0,0],"41":[0,0]},"f":{"1":0,"2":1,"3":0,"4":0,"5":0,"6":0,"7":0,"8":0,"9":0,"10":0,"11":0,"12":0,"13":0,"14":0,"15":0,"16":0,"17":0,"18":0,"19":0,"20":0,"21":0,"22":0,"23":0,"24":0,"25":0,"26":0,"27":0,"28":0,"29":0},"fnMap":{"1":{"name":"(anonymous_1)","line":30,"loc":{"start":{"line":30,"column":11},"end":{"line":30,"column":22}}},"2":{"name":"Model","line":73,"loc":{"start":{"line":73,"column":0},"end":{"line":73,"column":18}}},"3":{"name":"preload","line":156,"loc":{"start":{"line":156,"column":26},"end":{"line":156,"column":45}}},"4":{"name":"(anonymous_4)","line":159,"loc":{"start":{"line":159,"column":33},"end":{"line":159,"column":45}}},"5":{"name":"(anonymous_5)","line":165,"loc":{"start":{"line":165,"column":29},"end":{"line":165,"column":43}}},"6":{"name":"(anonymous_6)","line":166,"loc":{"start":{"line":166,"column":52},"end":{"line":166,"column":63}}},"7":{"name":"(anonymous_7)","line":167,"loc":{"start":{"line":167,"column":11},"end":{"line":167,"column":25}}},"8":{"name":"(anonymous_8)","line":169,"loc":{"start":{"line":169,"column":11},"end":{"line":169,"column":22}}},"9":{"name":"call","line":184,"loc":{"start":{"line":184,"column":23},"end":{"line":184,"column":39}}},"10":{"name":"(anonymous_10)","line":197,"loc":{"start":{"line":197,"column":37},"end":{"line":197,"column":49}}},"11":{"name":"invalidate","line":212,"loc":{"start":{"line":212,"column":29},"end":{"line":212,"column":51}}},"12":{"name":"(anonymous_12)","line":226,"loc":{"start":{"line":226,"column":24},"end":{"line":226,"column":36}}},"13":{"name":"modelSetCache","line":353,"loc":{"start":{"line":353,"column":27},"end":{"line":353,"column":76}}},"14":{"name":"_getCache","line":385,"loc":{"start":{"line":385,"column":27},"end":{"line":385,"column":48}}},"15":{"name":"getVersion","line":403,"loc":{"start":{"line":403,"column":29},"end":{"line":403,"column":58}}},"16":{"name":"syncCheck","line":414,"loc":{"start":{"line":414,"column":29},"end":{"line":414,"column":54}}},"17":{"name":"cloneModel","line":422,"loc":{"start":{"line":422,"column":25},"end":{"line":422,"column":51}}},"18":{"name":"batch","line":442,"loc":{"start":{"line":442,"column":24},"end":{"line":442,"column":60}}},"19":{"name":"unbatch","line":462,"loc":{"start":{"line":462,"column":26},"end":{"line":462,"column":45}}},"20":{"name":"treatErrorsAsValues","line":472,"loc":{"start":{"line":472,"column":38},"end":{"line":472,"column":69}}},"21":{"name":"asDataSource","line":499,"loc":{"start":{"line":499,"column":31},"end":{"line":499,"column":55}}},"22":{"name":"materialize","line":503,"loc":{"start":{"line":503,"column":31},"end":{"line":503,"column":54}}},"23":{"name":"dematerialize","line":509,"loc":{"start":{"line":509,"column":33},"end":{"line":509,"column":58}}},"24":{"name":"boxValues","line":519,"loc":{"start":{"line":519,"column":28},"end":{"line":519,"column":49}}},"25":{"name":"unboxValues","line":529,"loc":{"start":{"line":529,"column":30},"end":{"line":529,"column":53}}},"26":{"name":"withoutDataSource","line":539,"loc":{"start":{"line":539,"column":36},"end":{"line":539,"column":65}}},"27":{"name":"toJSON","line":545,"loc":{"start":{"line":545,"column":25},"end":{"line":545,"column":43}}},"28":{"name":"getPath","line":584,"loc":{"start":{"line":584,"column":26},"end":{"line":584,"column":45}}},"29":{"name":"fromWhenceYouCame","line":593,"loc":{"start":{"line":593,"column":37},"end":{"line":593,"column":71}}}},"statementMap":{"1":{"start":{"line":1,"column":0},"end":{"line":1,"column":39}},"2":{"start":{"line":2,"column":0},"end":{"line":2,"column":65}},"3":{"start":{"line":4,"column":0},"end":{"line":4,"column":55}},"4":{"start":{"line":5,"column":0},"end":{"line":5,"column":56}},"5":{"start":{"line":6,"column":0},"end":{"line":6,"column":54}},"6":{"start":{"line":7,"column":0},"end":{"line":7,"column":66}},"7":{"start":{"line":9,"column":0},"end":{"line":9,"column":58}},"8":{"start":{"line":10,"column":0},"end":{"line":10,"column":64}},"9":{"start":{"line":11,"column":0},"end":{"line":11,"column":68}},"10":{"start":{"line":13,"column":0},"end":{"line":13,"column":50}},"11":{"start":{"line":14,"column":0},"end":{"line":14,"column":50}},"12":{"start":{"line":16,"column":0},"end":{"line":16,"column":42}},"13":{"start":{"line":17,"column":0},"end":{"line":17,"column":47}},"14":{"start":{"line":19,"column":0},"end":{"line":19,"column":43}},"15":{"start":{"line":20,"column":0},"end":{"line":20,"column":45}},"16":{"start":{"line":21,"column":0},"end":{"line":21,"column":51}},"17":{"start":{"line":22,"column":0},"end":{"line":22,"column":57}},"18":{"start":{"line":23,"column":0},"end":{"line":23,"column":67}},"19":{"start":{"line":25,"column":0},"end":{"line":25,"column":44}},"20":{"start":{"line":26,"column":0},"end":{"line":26,"column":51}},"21":{"start":{"line":27,"column":0},"end":{"line":27,"column":41}},"22":{"start":{"line":28,"column":0},"end":{"line":28,"column":11}},"23":{"start":{"line":29,"column":0},"end":{"line":29,"column":55}},"24":{"start":{"line":30,"column":0},"end":{"line":30,"column":25}},"25":{"start":{"line":31,"column":0},"end":{"line":31,"column":41}},"26":{"start":{"line":32,"column":0},"end":{"line":32,"column":27}},"27":{"start":{"line":33,"column":0},"end":{"line":33,"column":59}},"28":{"start":{"line":35,"column":0},"end":{"line":35,"column":23}},"29":{"start":{"line":37,"column":0},"end":{"line":37,"column":22}},"30":{"start":{"line":38,"column":0},"end":{"line":38,"column":24}},"31":{"start":{"line":39,"column":0},"end":{"line":39,"column":26}},"32":{"start":{"line":40,"column":0},"end":{"line":40,"column":34}},"33":{"start":{"line":73,"column":0},"end":{"line":115,"column":1}},"34":{"start":{"line":75,"column":4},"end":{"line":75,"column":26}},"35":{"start":{"line":76,"column":4},"end":{"line":76,"column":57}},"36":{"start":{"line":77,"column":4},"end":{"line":77,"column":53}},"37":{"start":{"line":78,"column":4},"end":{"line":78,"column":90}},"38":{"start":{"line":79,"column":4},"end":{"line":79,"column":53}},"39":{"start":{"line":80,"column":4},"end":{"line":80,"column":99}},"40":{"start":{"line":81,"column":4},"end":{"line":81,"column":20}},"41":{"start":{"line":83,"column":4},"end":{"line":87,"column":5}},"42":{"start":{"line":84,"column":8},"end":{"line":84,"column":40}},"43":{"start":{"line":86,"column":8},"end":{"line":86,"column":69}},"44":{"start":{"line":89,"column":4},"end":{"line":93,"column":5}},"45":{"start":{"line":90,"column":8},"end":{"line":90,"column":50}},"46":{"start":{"line":92,"column":8},"end":{"line":92,"column":84}},"47":{"start":{"line":95,"column":4},"end":{"line":97,"column":5}},"48":{"start":{"line":96,"column":8},"end":{"line":96,"column":54}},"49":{"start":{"line":99,"column":4},"end":{"line":101,"column":5}},"50":{"start":{"line":100,"column":8},"end":{"line":100,"column":75}},"51":{"start":{"line":103,"column":4},"end":{"line":107,"column":5}},"52":{"start":{"line":104,"column":8},"end":{"line":104,"column":64}},"53":{"start":{"line":105,"column":11},"end":{"line":107,"column":5}},"54":{"start":{"line":106,"column":8},"end":{"line":106,"column":65}},"55":{"start":{"line":109,"column":4},"end":{"line":110,"column":49}},"56":{"start":{"line":112,"column":4},"end":{"line":114,"column":5}},"57":{"start":{"line":113,"column":8},"end":{"line":113,"column":37}},"58":{"start":{"line":117,"column":0},"end":{"line":117,"column":36}},"59":{"start":{"line":119,"column":0},"end":{"line":119,"column":38}},"60":{"start":{"line":120,"column":0},"end":{"line":120,"column":31}},"61":{"start":{"line":121,"column":0},"end":{"line":121,"column":37}},"62":{"start":{"line":122,"column":0},"end":{"line":122,"column":45}},"63":{"start":{"line":123,"column":0},"end":{"line":123,"column":47}},"64":{"start":{"line":124,"column":0},"end":{"line":124,"column":37}},"65":{"start":{"line":132,"column":0},"end":{"line":132,"column":48}},"66":{"start":{"line":141,"column":0},"end":{"line":141,"column":71}},"67":{"start":{"line":148,"column":0},"end":{"line":148,"column":48}},"68":{"start":{"line":156,"column":0},"end":{"line":173,"column":2}},"69":{"start":{"line":157,"column":4},"end":{"line":157,"column":67}},"70":{"start":{"line":158,"column":4},"end":{"line":162,"column":5}},"71":{"start":{"line":159,"column":8},"end":{"line":161,"column":11}},"72":{"start":{"line":160,"column":12},"end":{"line":160,"column":27}},"73":{"start":{"line":163,"column":4},"end":{"line":163,"column":53}},"74":{"start":{"line":164,"column":4},"end":{"line":164,"column":20}},"75":{"start":{"line":165,"column":4},"end":{"line":172,"column":7}},"76":{"start":{"line":166,"column":8},"end":{"line":171,"column":11}},"77":{"start":{"line":168,"column":12},"end":{"line":168,"column":29}},"78":{"start":{"line":170,"column":12},"end":{"line":170,"column":30}},"79":{"start":{"line":184,"column":0},"end":{"line":205,"column":2}},"80":{"start":{"line":185,"column":4},"end":{"line":185,"column":13}},"81":{"start":{"line":186,"column":4},"end":{"line":186,"column":21}},"82":{"start":{"line":187,"column":4},"end":{"line":187,"column":35}},"83":{"start":{"line":188,"column":4},"end":{"line":188,"column":30}},"84":{"start":{"line":189,"column":4},"end":{"line":202,"column":5}},"85":{"start":{"line":190,"column":8},"end":{"line":190,"column":37}},"86":{"start":{"line":191,"column":8},"end":{"line":191,"column":28}},"87":{"start":{"line":192,"column":8},"end":{"line":192,"column":33}},"88":{"start":{"line":193,"column":8},"end":{"line":201,"column":9}},"89":{"start":{"line":197,"column":12},"end":{"line":199,"column":15}},"90":{"start":{"line":198,"column":16},"end":{"line":198,"column":57}},"91":{"start":{"line":204,"column":4},"end":{"line":204,"column":70}},"92":{"start":{"line":212,"column":0},"end":{"line":229,"column":2}},"93":{"start":{"line":213,"column":4},"end":{"line":213,"column":13}},"94":{"start":{"line":214,"column":4},"end":{"line":214,"column":21}},"95":{"start":{"line":215,"column":4},"end":{"line":215,"column":35}},"96":{"start":{"line":216,"column":4},"end":{"line":216,"column":14}},"97":{"start":{"line":217,"column":4},"end":{"line":222,"column":5}},"98":{"start":{"line":218,"column":8},"end":{"line":218,"column":64}},"99":{"start":{"line":219,"column":8},"end":{"line":221,"column":9}},"100":{"start":{"line":220,"column":12},"end":{"line":220,"column":48}},"101":{"start":{"line":225,"column":4},"end":{"line":228,"column":11}},"102":{"start":{"line":227,"column":12},"end":{"line":227,"column":20}},"103":{"start":{"line":277,"column":0},"end":{"line":277,"column":43}},"104":{"start":{"line":290,"column":0},"end":{"line":290,"column":86}},"105":{"start":{"line":307,"column":0},"end":{"line":307,"column":53}},"106":{"start":{"line":325,"column":0},"end":{"line":325,"column":53}},"107":{"start":{"line":337,"column":0},"end":{"line":337,"column":54}},"108":{"start":{"line":342,"column":0},"end":{"line":342,"column":54}},"109":{"start":{"line":347,"column":0},"end":{"line":347,"column":53}},"110":{"start":{"line":353,"column":0},"end":{"line":375,"column":2}},"111":{"start":{"line":354,"column":4},"end":{"line":354,"column":33}},"112":{"start":{"line":355,"column":4},"end":{"line":373,"column":5}},"113":{"start":{"line":356,"column":8},"end":{"line":356,"column":35}},"114":{"start":{"line":357,"column":8},"end":{"line":357,"column":35}},"115":{"start":{"line":358,"column":8},"end":{"line":358,"column":24}},"116":{"start":{"line":359,"column":8},"end":{"line":359,"column":30}},"117":{"start":{"line":360,"column":8},"end":{"line":362,"column":9}},"118":{"start":{"line":361,"column":12},"end":{"line":361,"column":72}},"119":{"start":{"line":363,"column":8},"end":{"line":369,"column":9}},"120":{"start":{"line":364,"column":12},"end":{"line":364,"column":60}},"121":{"start":{"line":365,"column":15},"end":{"line":369,"column":9}},"122":{"start":{"line":366,"column":12},"end":{"line":366,"column":55}},"123":{"start":{"line":367,"column":15},"end":{"line":369,"column":9}},"124":{"start":{"line":368,"column":12},"end":{"line":368,"column":65}},"125":{"start":{"line":370,"column":8},"end":{"line":370,"column":31}},"126":{"start":{"line":371,"column":11},"end":{"line":373,"column":5}},"127":{"start":{"line":372,"column":8},"end":{"line":372,"column":30}},"128":{"start":{"line":374,"column":4},"end":{"line":374,"column":16}},"129":{"start":{"line":385,"column":0},"end":{"line":396,"column":2}},"130":{"start":{"line":386,"column":4},"end":{"line":386,"column":38}},"131":{"start":{"line":387,"column":4},"end":{"line":389,"column":5}},"132":{"start":{"line":388,"column":8},"end":{"line":388,"column":42}},"133":{"start":{"line":391,"column":4},"end":{"line":391,"column":22}},"134":{"start":{"line":392,"column":4},"end":{"line":392,"column":26}},"135":{"start":{"line":393,"column":4},"end":{"line":393,"column":53}},"136":{"start":{"line":394,"column":4},"end":{"line":394,"column":22}},"137":{"start":{"line":395,"column":4},"end":{"line":395,"column":31}},"138":{"start":{"line":403,"column":0},"end":{"line":412,"column":2}},"139":{"start":{"line":404,"column":4},"end":{"line":404,"column":61}},"140":{"start":{"line":405,"column":4},"end":{"line":407,"column":5}},"141":{"start":{"line":406,"column":8},"end":{"line":406,"column":79}},"142":{"start":{"line":408,"column":4},"end":{"line":410,"column":5}},"143":{"start":{"line":409,"column":8},"end":{"line":409,"column":39}},"144":{"start":{"line":411,"column":4},"end":{"line":411,"column":40}},"145":{"start":{"line":414,"column":0},"end":{"line":419,"column":2}},"146":{"start":{"line":415,"column":4},"end":{"line":417,"column":5}},"147":{"start":{"line":416,"column":8},"end":{"line":416,"column":107}},"148":{"start":{"line":418,"column":4},"end":{"line":418,"column":16}},"149":{"start":{"line":422,"column":0},"end":{"line":434,"column":2}},"150":{"start":{"line":423,"column":4},"end":{"line":423,"column":32}},"151":{"start":{"line":424,"column":4},"end":{"line":431,"column":5}},"152":{"start":{"line":425,"column":8},"end":{"line":425,"column":30}},"153":{"start":{"line":426,"column":8},"end":{"line":430,"column":9}},"154":{"start":{"line":427,"column":12},"end":{"line":427,"column":30}},"155":{"start":{"line":429,"column":12},"end":{"line":429,"column":31}},"156":{"start":{"line":432,"column":4},"end":{"line":432,"column":28}},"157":{"start":{"line":433,"column":4},"end":{"line":433,"column":17}},"158":{"start":{"line":442,"column":0},"end":{"line":453,"column":2}},"159":{"start":{"line":443,"column":4},"end":{"line":443,"column":47}},"160":{"start":{"line":444,"column":4},"end":{"line":448,"column":5}},"161":{"start":{"line":445,"column":8},"end":{"line":445,"column":88}},"162":{"start":{"line":446,"column":11},"end":{"line":448,"column":5}},"163":{"start":{"line":447,"column":8},"end":{"line":447,"column":47}},"164":{"start":{"line":449,"column":4},"end":{"line":449,"column":30}},"165":{"start":{"line":450,"column":4},"end":{"line":450,"column":63}},"166":{"start":{"line":452,"column":4},"end":{"line":452,"column":17}},"167":{"start":{"line":462,"column":0},"end":{"line":466,"column":2}},"168":{"start":{"line":463,"column":4},"end":{"line":463,"column":30}},"169":{"start":{"line":464,"column":4},"end":{"line":464,"column":71}},"170":{"start":{"line":465,"column":4},"end":{"line":465,"column":17}},"171":{"start":{"line":472,"column":0},"end":{"line":476,"column":2}},"172":{"start":{"line":473,"column":4},"end":{"line":475,"column":7}},"173":{"start":{"line":499,"column":0},"end":{"line":501,"column":2}},"174":{"start":{"line":500,"column":4},"end":{"line":500,"column":44}},"175":{"start":{"line":503,"column":0},"end":{"line":507,"column":2}},"176":{"start":{"line":504,"column":4},"end":{"line":506,"column":7}},"177":{"start":{"line":509,"column":0},"end":{"line":513,"column":2}},"178":{"start":{"line":510,"column":4},"end":{"line":512,"column":7}},"179":{"start":{"line":519,"column":0},"end":{"line":523,"column":2}},"180":{"start":{"line":520,"column":4},"end":{"line":522,"column":7}},"181":{"start":{"line":529,"column":0},"end":{"line":533,"column":2}},"182":{"start":{"line":530,"column":4},"end":{"line":532,"column":7}},"183":{"start":{"line":539,"column":0},"end":{"line":543,"column":2}},"184":{"start":{"line":540,"column":4},"end":{"line":542,"column":7}},"185":{"start":{"line":545,"column":0},"end":{"line":550,"column":2}},"186":{"start":{"line":546,"column":4},"end":{"line":549,"column":6}},"187":{"start":{"line":584,"column":0},"end":{"line":586,"column":2}},"188":{"start":{"line":585,"column":4},"end":{"line":585,"column":34}},"189":{"start":{"line":593,"column":0},"end":{"line":597,"column":2}},"190":{"start":{"line":594,"column":4},"end":{"line":596,"column":7}},"191":{"start":{"line":599,"column":0},"end":{"line":599,"column":64}},"192":{"start":{"line":600,"column":0},"end":{"line":600,"column":58}},"193":{"start":{"line":601,"column":0},"end":{"line":601,"column":62}},"194":{"start":{"line":603,"column":0},"end":{"line":603,"column":68}},"195":{"start":{"line":604,"column":0},"end":{"line":604,"column":68}},"196":{"start":{"line":606,"column":0},"end":{"line":606,"column":64}},"197":{"start":{"line":607,"column":0},"end":{"line":607,"column":60}},"198":{"start":{"line":608,"column":0},"end":{"line":608,"column":60}},"199":{"start":{"line":609,"column":0},"end":{"line":609,"column":57}},"200":{"start":{"line":611,"column":0},"end":{"line":611,"column":83}},"201":{"start":{"line":612,"column":0},"end":{"line":612,"column":81}}},"branchMap":{"1":{"line":75,"type":"binary-expr","locations":[{"start":{"line":75,"column":18},"end":{"line":75,"column":19}},{"start":{"line":75,"column":23},"end":{"line":75,"column":25}}]},"2":{"line":76,"type":"binary-expr","locations":[{"start":{"line":76,"column":17},"end":{"line":76,"column":30}},{"start":{"line":76,"column":34},"end":{"line":76,"column":56}}]},"3":{"line":77,"type":"binary-expr","locations":[{"start":{"line":77,"column":17},"end":{"line":77,"column":29}},{"start":{"line":77,"column":33},"end":{"line":77,"column":46}},{"start":{"line":77,"column":50},"end":{"line":77,"column":52}}]},"4":{"line":78,"type":"binary-expr","locations":[{"start":{"line":78,"column":22},"end":{"line":78,"column":39}},{"start":{"line":78,"column":43},"end":{"line":78,"column":61}},{"start":{"line":78,"column":65},"end":{"line":78,"column":89}}]},"5":{"line":79,"type":"binary-expr","locations":[{"start":{"line":79,"column":19},"end":{"line":79,"column":33}},{"start":{"line":79,"column":37},"end":{"line":79,"column":52}}]},"6":{"line":80,"type":"binary-expr","locations":[{"start":{"line":80,"column":20},"end":{"line":80,"column":35}},{"start":{"line":80,"column":39},"end":{"line":80,"column":55}},{"start":{"line":80,"column":59},"end":{"line":80,"column":98}}]},"7":{"line":83,"type":"if","locations":[{"start":{"line":83,"column":4},"end":{"line":83,"column":4}},{"start":{"line":83,"column":4},"end":{"line":83,"column":4}}]},"8":{"line":86,"type":"binary-expr","locations":[{"start":{"line":86,"column":24},"end":{"line":86,"column":40}},{"start":{"line":86,"column":44},"end":{"line":86,"column":68}}]},"9":{"line":89,"type":"if","locations":[{"start":{"line":89,"column":4},"end":{"line":89,"column":4}},{"start":{"line":89,"column":4},"end":{"line":89,"column":4}}]},"10":{"line":92,"type":"binary-expr","locations":[{"start":{"line":92,"column":29},"end":{"line":92,"column":50}},{"start":{"line":92,"column":54},"end":{"line":92,"column":83}}]},"11":{"line":95,"type":"if","locations":[{"start":{"line":95,"column":4},"end":{"line":95,"column":4}},{"start":{"line":95,"column":4},"end":{"line":95,"column":4}}]},"12":{"line":95,"type":"binary-expr","locations":[{"start":{"line":95,"column":8},"end":{"line":95,"column":21}},{"start":{"line":95,"column":25},"end":{"line":95,"column":57}}]},"13":{"line":96,"type":"binary-expr","locations":[{"start":{"line":96,"column":22},"end":{"line":96,"column":35}},{"start":{"line":96,"column":39},"end":{"line":96,"column":53}}]},"14":{"line":99,"type":"if","locations":[{"start":{"line":99,"column":4},"end":{"line":99,"column":4}},{"start":{"line":99,"column":4},"end":{"line":99,"column":4}}]},"15":{"line":99,"type":"binary-expr","locations":[{"start":{"line":99,"column":8},"end":{"line":99,"column":28}},{"start":{"line":99,"column":32},"end":{"line":99,"column":71}}]},"16":{"line":100,"type":"binary-expr","locations":[{"start":{"line":100,"column":29},"end":{"line":100,"column":49}},{"start":{"line":100,"column":53},"end":{"line":100,"column":74}}]},"17":{"line":103,"type":"if","locations":[{"start":{"line":103,"column":4},"end":{"line":103,"column":4}},{"start":{"line":103,"column":4},"end":{"line":103,"column":4}}]},"18":{"line":105,"type":"if","locations":[{"start":{"line":105,"column":11},"end":{"line":105,"column":11}},{"start":{"line":105,"column":11},"end":{"line":105,"column":11}}]},"19":{"line":109,"type":"binary-expr","locations":[{"start":{"line":109,"column":35},"end":{"line":109,"column":65}},{"start":{"line":110,"column":8},"end":{"line":110,"column":39}},{"start":{"line":110,"column":43},"end":{"line":110,"column":48}}]},"20":{"line":112,"type":"if","locations":[{"start":{"line":112,"column":4},"end":{"line":112,"column":4}},{"start":{"line":112,"column":4},"end":{"line":112,"column":4}}]},"21":{"line":158,"type":"if","locations":[{"start":{"line":158,"column":4},"end":{"line":158,"column":4}},{"start":{"line":158,"column":4},"end":{"line":158,"column":4}}]},"22":{"line":193,"type":"if","locations":[{"start":{"line":193,"column":8},"end":{"line":193,"column":8}},{"start":{"line":193,"column":8},"end":{"line":193,"column":8}}]},"23":{"line":193,"type":"binary-expr","locations":[{"start":{"line":193,"column":12},"end":{"line":193,"column":23}},{"start":{"line":193,"column":27},"end":{"line":193,"column":46}},{"start":{"line":194,"column":12},"end":{"line":194,"column":25}},{"start":{"line":194,"column":29},"end":{"line":194,"column":48}},{"start":{"line":194,"column":52},"end":{"line":194,"column":72}},{"start":{"line":195,"column":12},"end":{"line":195,"column":25}},{"start":{"line":195,"column":29},"end":{"line":195,"column":48}},{"start":{"line":195,"column":52},"end":{"line":195,"column":69}}]},"24":{"line":219,"type":"if","locations":[{"start":{"line":219,"column":8},"end":{"line":219,"column":8}},{"start":{"line":219,"column":8},"end":{"line":219,"column":8}}]},"25":{"line":355,"type":"if","locations":[{"start":{"line":355,"column":4},"end":{"line":355,"column":4}},{"start":{"line":355,"column":4},"end":{"line":355,"column":4}}]},"26":{"line":360,"type":"if","locations":[{"start":{"line":360,"column":8},"end":{"line":360,"column":8}},{"start":{"line":360,"column":8},"end":{"line":360,"column":8}}]},"27":{"line":363,"type":"if","locations":[{"start":{"line":363,"column":8},"end":{"line":363,"column":8}},{"start":{"line":363,"column":8},"end":{"line":363,"column":8}}]},"28":{"line":365,"type":"if","locations":[{"start":{"line":365,"column":15},"end":{"line":365,"column":15}},{"start":{"line":365,"column":15},"end":{"line":365,"column":15}}]},"29":{"line":367,"type":"if","locations":[{"start":{"line":367,"column":15},"end":{"line":367,"column":15}},{"start":{"line":367,"column":15},"end":{"line":367,"column":15}}]},"30":{"line":371,"type":"if","locations":[{"start":{"line":371,"column":11},"end":{"line":371,"column":11}},{"start":{"line":371,"column":11},"end":{"line":371,"column":11}}]},"31":{"line":387,"type":"if","locations":[{"start":{"line":387,"column":4},"end":{"line":387,"column":4}},{"start":{"line":387,"column":4},"end":{"line":387,"column":4}}]},"32":{"line":404,"type":"binary-expr","locations":[{"start":{"line":404,"column":15},"end":{"line":404,"column":22}},{"start":{"line":404,"column":26},"end":{"line":404,"column":54}},{"start":{"line":404,"column":58},"end":{"line":404,"column":60}}]},"33":{"line":405,"type":"if","locations":[{"start":{"line":405,"column":4},"end":{"line":405,"column":4}},{"start":{"line":405,"column":4},"end":{"line":405,"column":4}}]},"34":{"line":408,"type":"if","locations":[{"start":{"line":408,"column":4},"end":{"line":408,"column":4}},{"start":{"line":408,"column":4},"end":{"line":408,"column":4}}]},"35":{"line":415,"type":"if","locations":[{"start":{"line":415,"column":4},"end":{"line":415,"column":4}},{"start":{"line":415,"column":4},"end":{"line":415,"column":4}}]},"36":{"line":415,"type":"binary-expr","locations":[{"start":{"line":415,"column":8},"end":{"line":415,"column":29}},{"start":{"line":415,"column":33},"end":{"line":415,"column":61}},{"start":{"line":415,"column":65},"end":{"line":415,"column":96}}]},"37":{"line":426,"type":"if","locations":[{"start":{"line":426,"column":8},"end":{"line":426,"column":8}},{"start":{"line":426,"column":8},"end":{"line":426,"column":8}}]},"38":{"line":444,"type":"if","locations":[{"start":{"line":444,"column":4},"end":{"line":444,"column":4}},{"start":{"line":444,"column":4},"end":{"line":444,"column":4}}]},"39":{"line":446,"type":"if","locations":[{"start":{"line":446,"column":11},"end":{"line":446,"column":11}},{"start":{"line":446,"column":11},"end":{"line":446,"column":11}}]},"40":{"line":446,"type":"binary-expr","locations":[{"start":{"line":446,"column":15},"end":{"line":446,"column":32}},{"start":{"line":446,"column":36},"end":{"line":446,"column":62}}]},"41":{"line":595,"type":"cond-expr","locations":[{"start":{"line":595,"column":55},"end":{"line":595,"column":59}},{"start":{"line":595,"column":62},"end":{"line":595,"column":67}}]}}},"/Users/mpaulson/workspaces/work/f2/lib/ModelRoot.js":{"path":"/Users/mpaulson/workspaces/work/f2/lib/ModelRoot.js","s":{"1":1,"2":1,"3":1,"4":1,"5":1,"6":1,"7":1,"8":1,"9":1,"10":1,"11":1,"12":0,"13":1,"14":0,"15":1,"16":0,"17":1,"18":0,"19":1,"20":1,"21":0,"22":1,"23":1},"b":{"1":[1,0],"2":[1,1],"3":[1,1],"4":[1,1],"5":[0,1],"6":[0,1],"7":[0,1],"8":[0,1],"9":[1,0],"10":[0,0,0]},"f":{"1":1,"2":0,"3":1},"fnMap":{"1":{"name":"ModelRoot","line":5,"loc":{"start":{"line":5,"column":0},"end":{"line":5,"column":22}}},"2":{"name":"errorSelector","line":28,"loc":{"start":{"line":28,"column":36},"end":{"line":28,"column":65}}},"3":{"name":"comparator","line":31,"loc":{"start":{"line":31,"column":33},"end":{"line":31,"column":77}}}},"statementMap":{"1":{"start":{"line":1,"column":0},"end":{"line":1,"column":49}},"2":{"start":{"line":2,"column":0},"end":{"line":2,"column":41}},"3":{"start":{"line":3,"column":0},"end":{"line":3,"column":68}},"4":{"start":{"line":5,"column":0},"end":{"line":26,"column":1}},"5":{"start":{"line":7,"column":4},"end":{"line":7,"column":26}},"6":{"start":{"line":9,"column":4},"end":{"line":9,"column":26}},"7":{"start":{"line":10,"column":4},"end":{"line":10,"column":41}},"8":{"start":{"line":11,"column":4},"end":{"line":11,"column":50}},"9":{"start":{"line":12,"column":4},"end":{"line":12,"column":87}},"10":{"start":{"line":13,"column":4},"end":{"line":13,"column":20}},"11":{"start":{"line":15,"column":4},"end":{"line":17,"column":5}},"12":{"start":{"line":16,"column":8},"end":{"line":16,"column":45}},"13":{"start":{"line":19,"column":4},"end":{"line":21,"column":5}},"14":{"start":{"line":20,"column":8},"end":{"line":20,"column":51}},"15":{"start":{"line":23,"column":4},"end":{"line":25,"column":5}},"16":{"start":{"line":24,"column":8},"end":{"line":24,"column":41}},"17":{"start":{"line":28,"column":0},"end":{"line":30,"column":2}},"18":{"start":{"line":29,"column":4},"end":{"line":29,"column":13}},"19":{"start":{"line":31,"column":0},"end":{"line":39,"column":2}},"20":{"start":{"line":32,"column":4},"end":{"line":37,"column":5}},"21":{"start":{"line":34,"column":8},"end":{"line":36,"column":56}},"22":{"start":{"line":38,"column":4},"end":{"line":38,"column":37}},"23":{"start":{"line":41,"column":0},"end":{"line":41,"column":27}}},"branchMap":{"1":{"line":7,"type":"binary-expr","locations":[{"start":{"line":7,"column":18},"end":{"line":7,"column":19}},{"start":{"line":7,"column":23},"end":{"line":7,"column":25}}]},"2":{"line":10,"type":"binary-expr","locations":[{"start":{"line":10,"column":19},"end":{"line":10,"column":34}},{"start":{"line":10,"column":38},"end":{"line":10,"column":40}}]},"3":{"line":11,"type":"binary-expr","locations":[{"start":{"line":11,"column":22},"end":{"line":11,"column":40}},{"start":{"line":11,"column":44},"end":{"line":11,"column":49}}]},"4":{"line":12,"type":"binary-expr","locations":[{"start":{"line":12,"column":31},"end":{"line":12,"column":58}},{"start":{"line":12,"column":62},"end":{"line":12,"column":86}}]},"5":{"line":15,"type":"if","locations":[{"start":{"line":15,"column":4},"end":{"line":15,"column":4}},{"start":{"line":15,"column":4},"end":{"line":15,"column":4}}]},"6":{"line":19,"type":"if","locations":[{"start":{"line":19,"column":4},"end":{"line":19,"column":4}},{"start":{"line":19,"column":4},"end":{"line":19,"column":4}}]},"7":{"line":23,"type":"if","locations":[{"start":{"line":23,"column":4},"end":{"line":23,"column":4}},{"start":{"line":23,"column":4},"end":{"line":23,"column":4}}]},"8":{"line":32,"type":"if","locations":[{"start":{"line":32,"column":4},"end":{"line":32,"column":4}},{"start":{"line":32,"column":4},"end":{"line":32,"column":4}}]},"9":{"line":32,"type":"binary-expr","locations":[{"start":{"line":32,"column":8},"end":{"line":32,"column":34}},{"start":{"line":32,"column":38},"end":{"line":32,"column":66}}]},"10":{"line":34,"type":"binary-expr","locations":[{"start":{"line":34,"column":15},"end":{"line":34,"column":52}},{"start":{"line":35,"column":12},"end":{"line":35,"column":49}},{"start":{"line":36,"column":12},"end":{"line":36,"column":55}}]}}},"/Users/mpaulson/workspaces/work/f2/lib/support/isFunction.js":{"path":"/Users/mpaulson/workspaces/work/f2/lib/support/isFunction.js","s":{"1":1,"2":1,"3":5},"b":{"1":[5,1]},"f":{"1":5},"fnMap":{"1":{"name":"isFunction","line":3,"loc":{"start":{"line":3,"column":17},"end":{"line":3,"column":43}}}},"statementMap":{"1":{"start":{"line":1,"column":0},"end":{"line":1,"column":32}},"2":{"start":{"line":3,"column":0},"end":{"line":5,"column":2}},"3":{"start":{"line":4,"column":4},"end":{"line":4,"column":59}}},"branchMap":{"1":{"line":4,"type":"binary-expr","locations":[{"start":{"line":4,"column":11},"end":{"line":4,"column":24}},{"start":{"line":4,"column":28},"end":{"line":4,"column":58}}]}}},"/Users/mpaulson/workspaces/work/f2/lib/support/hasOwn.js":{"path":"/Users/mpaulson/workspaces/work/f2/lib/support/hasOwn.js","s":{"1":1,"2":1,"3":1,"4":45},"b":{"1":[45,44]},"f":{"1":45},"fnMap":{"1":{"name":"(anonymous_1)","line":4,"loc":{"start":{"line":4,"column":17},"end":{"line":4,"column":37}}}},"statementMap":{"1":{"start":{"line":1,"column":0},"end":{"line":1,"column":37}},"2":{"start":{"line":2,"column":0},"end":{"line":2,"column":45}},"3":{"start":{"line":4,"column":0},"end":{"line":6,"column":2}},"4":{"start":{"line":5,"column":2},"end":{"line":5,"column":49}}},"branchMap":{"1":{"line":5,"type":"binary-expr","locations":[{"start":{"line":5,"column":9},"end":{"line":5,"column":22}},{"start":{"line":5,"column":26},"end":{"line":5,"column":48}}]}}},"/Users/mpaulson/workspaces/work/f2/lib/support/isObject.js":{"path":"/Users/mpaulson/workspaces/work/f2/lib/support/isObject.js","s":{"1":1,"2":1,"3":216},"b":{"1":[216,216]},"f":{"1":216},"fnMap":{"1":{"name":"isObject","line":2,"loc":{"start":{"line":2,"column":17},"end":{"line":2,"column":42}}}},"statementMap":{"1":{"start":{"line":1,"column":0},"end":{"line":1,"column":25}},"2":{"start":{"line":2,"column":0},"end":{"line":4,"column":2}},"3":{"start":{"line":3,"column":4},"end":{"line":3,"column":56}}},"branchMap":{"1":{"line":3,"type":"binary-expr","locations":[{"start":{"line":3,"column":11},"end":{"line":3,"column":25}},{"start":{"line":3,"column":29},"end":{"line":3,"column":55}}]}}},"/Users/mpaulson/workspaces/work/f2/lib/schedulers/ImmediateScheduler.js":{"path":"/Users/mpaulson/workspaces/work/f2/lib/schedulers/ImmediateScheduler.js","s":{"1":1,"2":1,"3":1,"4":1,"5":1,"6":1,"7":0,"8":0,"9":1},"b":{},"f":{"1":0,"2":2,"3":1,"4":0},"fnMap":{"1":{"name":"(anonymous_1)","line":1,"loc":{"start":{"line":1,"column":22},"end":{"line":1,"column":33}}},"2":{"name":"ImmediateScheduler","line":3,"loc":{"start":{"line":3,"column":0},"end":{"line":3,"column":30}}},"3":{"name":"schedule","line":5,"loc":{"start":{"line":5,"column":40},"end":{"line":5,"column":66}}},"4":{"name":"scheduleWithState","line":10,"loc":{"start":{"line":10,"column":49},"end":{"line":10,"column":91}}}},"statementMap":{"1":{"start":{"line":1,"column":0},"end":{"line":1,"column":37}},"2":{"start":{"line":3,"column":0},"end":{"line":3,"column":32}},"3":{"start":{"line":5,"column":0},"end":{"line":8,"column":2}},"4":{"start":{"line":6,"column":4},"end":{"line":6,"column":13}},"5":{"start":{"line":7,"column":4},"end":{"line":7,"column":17}},"6":{"start":{"line":10,"column":0},"end":{"line":13,"column":2}},"7":{"start":{"line":11,"column":4},"end":{"line":11,"column":24}},"8":{"start":{"line":12,"column":4},"end":{"line":12,"column":17}},"9":{"start":{"line":15,"column":0},"end":{"line":15,"column":36}}},"branchMap":{}},"/Users/mpaulson/workspaces/work/f2/lib/ModelDataSourceAdapter.js":{"path":"/Users/mpaulson/workspaces/work/f2/lib/ModelDataSourceAdapter.js","s":{"1":1,"2":0,"3":1,"4":0,"5":1,"6":0,"7":1,"8":0,"9":0,"10":1},"b":{},"f":{"1":0,"2":0,"3":0,"4":0},"fnMap":{"1":{"name":"ModelDataSourceAdapter","line":1,"loc":{"start":{"line":1,"column":0},"end":{"line":1,"column":39}}},"2":{"name":"get","line":5,"loc":{"start":{"line":5,"column":39},"end":{"line":5,"column":62}}},"3":{"name":"set","line":9,"loc":{"start":{"line":9,"column":39},"end":{"line":9,"column":67}}},"4":{"name":"call","line":13,"loc":{"start":{"line":13,"column":40},"end":{"line":13,"column":83}}}},"statementMap":{"1":{"start":{"line":1,"column":0},"end":{"line":3,"column":1}},"2":{"start":{"line":2,"column":4},"end":{"line":2,"column":73}},"3":{"start":{"line":5,"column":0},"end":{"line":7,"column":2}},"4":{"start":{"line":6,"column":4},"end":{"line":6,"column":67}},"5":{"start":{"line":9,"column":0},"end":{"line":11,"column":2}},"6":{"start":{"line":10,"column":4},"end":{"line":10,"column":53}},"7":{"start":{"line":13,"column":0},"end":{"line":16,"column":2}},"8":{"start":{"line":14,"column":4},"end":{"line":14,"column":54}},"9":{"start":{"line":15,"column":4},"end":{"line":15,"column":66}},"10":{"start":{"line":18,"column":0},"end":{"line":18,"column":40}}},"branchMap":{}},"/Users/mpaulson/workspaces/work/f2/lib/request/RequestQueueV2.js":{"path":"/Users/mpaulson/workspaces/work/f2/lib/request/RequestQueueV2.js","s":{"1":1,"2":1,"3":1,"4":1,"5":1,"6":1,"7":1,"8":1,"9":1,"10":0,"11":0,"12":0,"13":1,"14":1,"15":1,"16":1,"17":1,"18":1,"19":1,"20":1,"21":1,"22":1,"23":0,"24":0,"25":0,"26":0,"27":0,"28":0,"29":0,"30":0,"31":0,"32":0,"33":0,"34":0,"35":0,"36":0,"37":0,"38":0,"39":1,"40":1,"41":1,"42":1,"43":1,"44":1,"45":1,"46":1,"47":0,"48":1,"49":1,"50":1,"51":1,"52":0,"53":0,"54":0,"55":0,"56":0,"57":0,"58":1,"59":1,"60":1,"61":1,"62":1,"63":1,"64":1},"b":{"1":[0,0],"2":[0,0],"3":[0,0],"4":[0,0],"5":[1,0],"6":[0,1],"7":[1,0],"8":[0,0],"9":[0,0],"10":[1,0]},"f":{"1":1,"2":0,"3":0,"4":1,"5":1,"6":0,"7":1},"fnMap":{"1":{"name":"RequestQueueV2","line":13,"loc":{"start":{"line":13,"column":0},"end":{"line":13,"column":42}}},"2":{"name":"(anonymous_2)","line":23,"loc":{"start":{"line":23,"column":18},"end":{"line":23,"column":38}}},"3":{"name":"(anonymous_3)","line":34,"loc":{"start":{"line":34,"column":9},"end":{"line":34,"column":33}}},"4":{"name":"(anonymous_4)","line":46,"loc":{"start":{"line":46,"column":9},"end":{"line":46,"column":54}}},"5":{"name":"refCountCallback","line":107,"loc":{"start":{"line":107,"column":8},"end":{"line":107,"column":39}}},"6":{"name":"(anonymous_6)","line":123,"loc":{"start":{"line":123,"column":15},"end":{"line":123,"column":26}}},"7":{"name":"(anonymous_7)","line":139,"loc":{"start":{"line":139,"column":19},"end":{"line":139,"column":37}}}},"statementMap":{"1":{"start":{"line":1,"column":0},"end":{"line":1,"column":45}},"2":{"start":{"line":2,"column":0},"end":{"line":2,"column":49}},"3":{"start":{"line":3,"column":0},"end":{"line":3,"column":43}},"4":{"start":{"line":4,"column":0},"end":{"line":4,"column":51}},"5":{"start":{"line":13,"column":0},"end":{"line":17,"column":1}},"6":{"start":{"line":14,"column":4},"end":{"line":14,"column":23}},"7":{"start":{"line":15,"column":4},"end":{"line":15,"column":31}},"8":{"start":{"line":16,"column":4},"end":{"line":16,"column":40}},"9":{"start":{"line":19,"column":0},"end":{"line":149,"column":2}},"10":{"start":{"line":24,"column":8},"end":{"line":24,"column":35}},"11":{"start":{"line":35,"column":8},"end":{"line":35,"column":68}},"12":{"start":{"line":36,"column":8},"end":{"line":36,"column":57}},"13":{"start":{"line":47,"column":8},"end":{"line":47,"column":24}},"14":{"start":{"line":48,"column":8},"end":{"line":48,"column":29}},"15":{"start":{"line":49,"column":8},"end":{"line":49,"column":22}},"16":{"start":{"line":50,"column":8},"end":{"line":50,"column":38}},"17":{"start":{"line":51,"column":8},"end":{"line":51,"column":19}},"18":{"start":{"line":52,"column":8},"end":{"line":52,"column":45}},"19":{"start":{"line":53,"column":8},"end":{"line":53,"column":45}},"20":{"start":{"line":54,"column":8},"end":{"line":54,"column":29}},"21":{"start":{"line":55,"column":8},"end":{"line":55,"column":20}},"22":{"start":{"line":57,"column":8},"end":{"line":93,"column":9}},"23":{"start":{"line":58,"column":12},"end":{"line":58,"column":34}},"24":{"start":{"line":59,"column":12},"end":{"line":61,"column":13}},"25":{"start":{"line":60,"column":16},"end":{"line":60,"column":25}},"26":{"start":{"line":65,"column":12},"end":{"line":87,"column":13}},"27":{"start":{"line":66,"column":16},"end":{"line":67,"column":72}},"28":{"start":{"line":72,"column":16},"end":{"line":77,"column":17}},"29":{"start":{"line":73,"column":20},"end":{"line":73,"column":49}},"30":{"start":{"line":74,"column":20},"end":{"line":74,"column":49}},"31":{"start":{"line":75,"column":20},"end":{"line":75,"column":65}},"32":{"start":{"line":76,"column":20},"end":{"line":76,"column":28}},"33":{"start":{"line":82,"column":16},"end":{"line":83,"column":72}},"34":{"start":{"line":84,"column":16},"end":{"line":84,"column":37}},"35":{"start":{"line":85,"column":16},"end":{"line":85,"column":37}},"36":{"start":{"line":86,"column":16},"end":{"line":86,"column":24}},"37":{"start":{"line":90,"column":12},"end":{"line":92,"column":13}},"38":{"start":{"line":91,"column":16},"end":{"line":91,"column":22}},"39":{"start":{"line":97,"column":8},"end":{"line":104,"column":9}},"40":{"start":{"line":98,"column":12},"end":{"line":98,"column":59}},"41":{"start":{"line":99,"column":12},"end":{"line":99,"column":48}},"42":{"start":{"line":100,"column":12},"end":{"line":100,"column":20}},"43":{"start":{"line":101,"column":12},"end":{"line":102,"column":68}},"44":{"start":{"line":103,"column":12},"end":{"line":103,"column":57}},"45":{"start":{"line":107,"column":8},"end":{"line":119,"column":9}},"46":{"start":{"line":108,"column":12},"end":{"line":110,"column":13}},"47":{"start":{"line":109,"column":16},"end":{"line":109,"column":23}},"48":{"start":{"line":112,"column":12},"end":{"line":112,"column":20}},"49":{"start":{"line":116,"column":12},"end":{"line":118,"column":13}},"50":{"start":{"line":117,"column":16},"end":{"line":117,"column":24}},"51":{"start":{"line":123,"column":8},"end":{"line":133,"column":10}},"52":{"start":{"line":124,"column":12},"end":{"line":126,"column":13}},"53":{"start":{"line":125,"column":16},"end":{"line":125,"column":23}},"54":{"start":{"line":128,"column":12},"end":{"line":128,"column":28}},"55":{"start":{"line":129,"column":12},"end":{"line":129,"column":44}},"56":{"start":{"line":130,"column":12},"end":{"line":132,"column":13}},"57":{"start":{"line":131,"column":16},"end":{"line":131,"column":35}},"58":{"start":{"line":140,"column":8},"end":{"line":140,"column":38}},"59":{"start":{"line":141,"column":8},"end":{"line":141,"column":32}},"60":{"start":{"line":142,"column":8},"end":{"line":147,"column":9}},"61":{"start":{"line":143,"column":12},"end":{"line":146,"column":13}},"62":{"start":{"line":144,"column":16},"end":{"line":144,"column":38}},"63":{"start":{"line":145,"column":16},"end":{"line":145,"column":22}},"64":{"start":{"line":151,"column":0},"end":{"line":151,"column":32}}},"branchMap":{"1":{"line":59,"type":"if","locations":[{"start":{"line":59,"column":12},"end":{"line":59,"column":12}},{"start":{"line":59,"column":12},"end":{"line":59,"column":12}}]},"2":{"line":65,"type":"if","locations":[{"start":{"line":65,"column":12},"end":{"line":65,"column":12}},{"start":{"line":65,"column":12},"end":{"line":65,"column":12}}]},"3":{"line":72,"type":"if","locations":[{"start":{"line":72,"column":16},"end":{"line":72,"column":16}},{"start":{"line":72,"column":16},"end":{"line":72,"column":16}}]},"4":{"line":90,"type":"if","locations":[{"start":{"line":90,"column":12},"end":{"line":90,"column":12}},{"start":{"line":90,"column":12},"end":{"line":90,"column":12}}]},"5":{"line":97,"type":"if","locations":[{"start":{"line":97,"column":8},"end":{"line":97,"column":8}},{"start":{"line":97,"column":8},"end":{"line":97,"column":8}}]},"6":{"line":108,"type":"if","locations":[{"start":{"line":108,"column":12},"end":{"line":108,"column":12}},{"start":{"line":108,"column":12},"end":{"line":108,"column":12}}]},"7":{"line":116,"type":"if","locations":[{"start":{"line":116,"column":12},"end":{"line":116,"column":12}},{"start":{"line":116,"column":12},"end":{"line":116,"column":12}}]},"8":{"line":124,"type":"if","locations":[{"start":{"line":124,"column":12},"end":{"line":124,"column":12}},{"start":{"line":124,"column":12},"end":{"line":124,"column":12}}]},"9":{"line":124,"type":"binary-expr","locations":[{"start":{"line":124,"column":16},"end":{"line":124,"column":24}},{"start":{"line":124,"column":28},"end":{"line":124,"column":39}}]},"10":{"line":143,"type":"if","locations":[{"start":{"line":143,"column":12},"end":{"line":143,"column":12}},{"start":{"line":143,"column":12},"end":{"line":143,"column":12}}]}}},"/Users/mpaulson/workspaces/work/f2/lib/request/RequestTypes.js":{"path":"/Users/mpaulson/workspaces/work/f2/lib/request/RequestTypes.js","s":{"1":1},"b":{},"f":{},"fnMap":{},"statementMap":{"1":{"start":{"line":1,"column":0},"end":{"line":3,"column":2}}},"branchMap":{}},"/Users/mpaulson/workspaces/work/f2/lib/request/sendSetRequest.js":{"path":"/Users/mpaulson/workspaces/work/f2/lib/request/sendSetRequest.js","s":{"1":1,"2":1,"3":1,"4":1,"5":1,"6":1,"7":1,"8":0,"9":0,"10":0,"11":0,"12":0,"13":0,"14":0,"15":0,"16":0,"17":0,"18":0,"19":0,"20":0,"21":0,"22":0,"23":0,"24":0,"25":0,"26":0,"27":0,"28":0,"29":0,"30":0,"31":0,"32":0,"33":0,"34":0,"35":0,"36":1},"b":{"1":[0,0],"2":[0,0],"3":[0,0],"4":[0,0]},"f":{"1":0,"2":0,"3":0,"4":0,"5":0,"6":0},"fnMap":{"1":{"name":"(anonymous_1)","line":7,"loc":{"start":{"line":7,"column":32},"end":{"line":7,"column":43}}},"2":{"name":"(anonymous_2)","line":18,"loc":{"start":{"line":18,"column":21},"end":{"line":18,"column":66}}},"3":{"name":"onNext","line":38,"loc":{"start":{"line":38,"column":18},"end":{"line":38,"column":53}}},"4":{"name":"onError","line":58,"loc":{"start":{"line":58,"column":11},"end":{"line":58,"column":45}}},"5":{"name":"(anonymous_5)","line":64,"loc":{"start":{"line":64,"column":49},"end":{"line":64,"column":64}}},"6":{"name":"onCompleted","line":74,"loc":{"start":{"line":74,"column":11},"end":{"line":74,"column":34}}}},"statementMap":{"1":{"start":{"line":1,"column":0},"end":{"line":1,"column":49}},"2":{"start":{"line":2,"column":0},"end":{"line":2,"column":54}},"3":{"start":{"line":3,"column":0},"end":{"line":3,"column":54}},"4":{"start":{"line":4,"column":0},"end":{"line":4,"column":67}},"5":{"start":{"line":6,"column":0},"end":{"line":6,"column":20}},"6":{"start":{"line":7,"column":0},"end":{"line":7,"column":47}},"7":{"start":{"line":18,"column":0},"end":{"line":79,"column":2}},"8":{"start":{"line":19,"column":4},"end":{"line":19,"column":40}},"9":{"start":{"line":20,"column":4},"end":{"line":20,"column":32}},"10":{"start":{"line":21,"column":4},"end":{"line":21,"column":48}},"11":{"start":{"line":22,"column":4},"end":{"line":22,"column":42}},"12":{"start":{"line":23,"column":4},"end":{"line":23,"column":32}},"13":{"start":{"line":24,"column":4},"end":{"line":24,"column":35}},"14":{"start":{"line":28,"column":4},"end":{"line":28,"column":22}},"15":{"start":{"line":29,"column":4},"end":{"line":35,"column":5}},"16":{"start":{"line":30,"column":8},"end":{"line":31,"column":35}},"17":{"start":{"line":33,"column":8},"end":{"line":33,"column":43}},"18":{"start":{"line":34,"column":8},"end":{"line":34,"column":31}},"19":{"start":{"line":37,"column":4},"end":{"line":76,"column":11}},"20":{"start":{"line":41,"column":12},"end":{"line":43,"column":13}},"21":{"start":{"line":42,"column":16},"end":{"line":42,"column":23}},"22":{"start":{"line":47,"column":12},"end":{"line":47,"column":37}},"23":{"start":{"line":49,"column":12},"end":{"line":52,"column":49}},"24":{"start":{"line":54,"column":12},"end":{"line":54,"column":57}},"25":{"start":{"line":56,"column":12},"end":{"line":56,"column":36}},"26":{"start":{"line":57,"column":12},"end":{"line":57,"column":59}},"27":{"start":{"line":59,"column":12},"end":{"line":61,"column":13}},"28":{"start":{"line":60,"column":16},"end":{"line":60,"column":23}},"29":{"start":{"line":62,"column":12},"end":{"line":62,"column":37}},"30":{"start":{"line":64,"column":12},"end":{"line":69,"column":49}},"31":{"start":{"line":65,"column":16},"end":{"line":68,"column":18}},"32":{"start":{"line":71,"column":12},"end":{"line":71,"column":36}},"33":{"start":{"line":73,"column":12},"end":{"line":73,"column":38}},"34":{"start":{"line":75,"column":12},"end":{"line":75,"column":55}},"35":{"start":{"line":78,"column":4},"end":{"line":78,"column":22}},"36":{"start":{"line":81,"column":0},"end":{"line":81,"column":32}}},"branchMap":{"1":{"line":41,"type":"if","locations":[{"start":{"line":41,"column":12},"end":{"line":41,"column":12}},{"start":{"line":41,"column":12},"end":{"line":41,"column":12}}]},"2":{"line":41,"type":"binary-expr","locations":[{"start":{"line":41,"column":16},"end":{"line":41,"column":26}},{"start":{"line":41,"column":30},"end":{"line":41,"column":49}}]},"3":{"line":59,"type":"if","locations":[{"start":{"line":59,"column":12},"end":{"line":59,"column":12}},{"start":{"line":59,"column":12},"end":{"line":59,"column":12}}]},"4":{"line":59,"type":"binary-expr","locations":[{"start":{"line":59,"column":16},"end":{"line":59,"column":26}},{"start":{"line":59,"column":30},"end":{"line":59,"column":49}}]}}},"/Users/mpaulson/workspaces/work/f2/lib/support/array-map.js":{"path":"/Users/mpaulson/workspaces/work/f2/lib/support/array-map.js","s":{"1":1,"2":0,"3":0,"4":0,"5":0,"6":0,"7":0},"b":{},"f":{"1":0},"fnMap":{"1":{"name":"arrayMap","line":1,"loc":{"start":{"line":1,"column":17},"end":{"line":1,"column":52}}}},"statementMap":{"1":{"start":{"line":1,"column":0},"end":{"line":9,"column":2}},"2":{"start":{"line":2,"column":4},"end":{"line":2,"column":15}},"3":{"start":{"line":3,"column":4},"end":{"line":3,"column":25}},"4":{"start":{"line":4,"column":4},"end":{"line":4,"column":30}},"5":{"start":{"line":5,"column":4},"end":{"line":7,"column":5}},"6":{"start":{"line":6,"column":8},"end":{"line":6,"column":49}},"7":{"start":{"line":8,"column":4},"end":{"line":8,"column":18}}},"branchMap":{}},"/Users/mpaulson/workspaces/work/f2/lib/set/setJSONGraphs.js":{"path":"/Users/mpaulson/workspaces/work/f2/lib/set/setJSONGraphs.js","s":{"1":1,"2":1,"3":1,"4":1,"5":1,"6":1,"7":1,"8":1,"9":1,"10":1,"11":1,"12":1,"13":1,"14":1,"15":1,"16":1,"17":1,"18":1,"19":1,"20":1,"21":1,"22":1,"23":1,"24":1,"25":1,"26":1,"27":1,"28":1,"29":1,"30":1,"31":1,"32":1,"33":1,"34":1,"35":1,"36":1,"37":1,"38":1,"39":1,"40":1,"41":1,"42":1,"43":0,"44":1,"45":1,"46":23,"47":23,"48":23,"49":23,"50":23,"51":23,"52":32,"53":32,"54":32,"55":32,"56":32,"57":32,"58":32,"59":32,"60":22,"61":10,"62":10,"63":10,"64":32,"65":32,"66":23,"67":9,"68":1,"69":21,"70":21,"71":21,"72":21,"73":0,"74":0,"75":0,"76":21,"77":21,"78":21,"79":21,"80":21,"81":21,"82":21,"83":42,"84":42,"85":42,"86":42,"87":42,"88":42,"89":0,"90":0,"91":42,"92":42,"93":42,"94":21,"95":21,"96":12,"97":12,"98":12,"99":12,"100":12,"101":21,"102":1,"103":74,"104":74,"105":21,"106":21,"107":21,"108":0,"109":21,"110":21,"111":21,"112":21,"113":74,"114":0,"115":74,"116":0,"117":0,"118":0,"119":0,"120":74,"121":74,"122":74,"123":74,"124":74,"125":74},"b":{"1":[0,1],"2":[1,0],"3":[32,0],"4":[22,10],"5":[23,9],"6":[0,21],"7":[0,42],"8":[12,9],"9":[12,12],"10":[0,21],"11":[0,74],"12":[0,74],"13":[0,0],"14":[0,0],"15":[74,74]},"f":{"1":1,"2":23,"3":21,"4":74},"fnMap":{"1":{"name":"setJSONGraphs","line":28,"loc":{"start":{"line":28,"column":17},"end":{"line":28,"column":97}}},"2":{"name":"setJSONGraphPathSet","line":79,"loc":{"start":{"line":79,"column":0},"end":{"line":83,"column":54}}},"3":{"name":"setReference","line":125,"loc":{"start":{"line":125,"column":0},"end":{"line":127,"column":54}}},"4":{"name":"setNode","line":180,"loc":{"start":{"line":180,"column":0},"end":{"line":183,"column":54}}}},"statementMap":{"1":{"start":{"line":1,"column":0},"end":{"line":1,"column":41}},"2":{"start":{"line":2,"column":0},"end":{"line":2,"column":41}},"3":{"start":{"line":3,"column":0},"end":{"line":3,"column":49}},"4":{"start":{"line":4,"column":0},"end":{"line":4,"column":49}},"5":{"start":{"line":5,"column":0},"end":{"line":5,"column":52}},"6":{"start":{"line":6,"column":0},"end":{"line":6,"column":56}},"7":{"start":{"line":8,"column":0},"end":{"line":8,"column":37}},"8":{"start":{"line":10,"column":0},"end":{"line":10,"column":42}},"9":{"start":{"line":11,"column":0},"end":{"line":11,"column":57}},"10":{"start":{"line":12,"column":0},"end":{"line":12,"column":52}},"11":{"start":{"line":13,"column":0},"end":{"line":13,"column":54}},"12":{"start":{"line":14,"column":0},"end":{"line":14,"column":52}},"13":{"start":{"line":15,"column":0},"end":{"line":15,"column":63}},"14":{"start":{"line":16,"column":0},"end":{"line":16,"column":64}},"15":{"start":{"line":17,"column":0},"end":{"line":17,"column":68}},"16":{"start":{"line":18,"column":0},"end":{"line":18,"column":61}},"17":{"start":{"line":28,"column":0},"end":{"line":76,"column":2}},"18":{"start":{"line":30,"column":4},"end":{"line":30,"column":32}},"19":{"start":{"line":31,"column":4},"end":{"line":31,"column":24}},"20":{"start":{"line":32,"column":4},"end":{"line":32,"column":36}},"21":{"start":{"line":33,"column":4},"end":{"line":33,"column":37}},"22":{"start":{"line":34,"column":4},"end":{"line":34,"column":32}},"23":{"start":{"line":35,"column":4},"end":{"line":35,"column":42}},"24":{"start":{"line":37,"column":4},"end":{"line":37,"column":27}},"25":{"start":{"line":38,"column":4},"end":{"line":38,"column":27}},"26":{"start":{"line":39,"column":4},"end":{"line":39,"column":28}},"27":{"start":{"line":40,"column":4},"end":{"line":40,"column":28}},"28":{"start":{"line":41,"column":4},"end":{"line":41,"column":36}},"29":{"start":{"line":42,"column":4},"end":{"line":42,"column":59}},"30":{"start":{"line":44,"column":4},"end":{"line":66,"column":5}},"31":{"start":{"line":46,"column":8},"end":{"line":46,"column":75}},"32":{"start":{"line":47,"column":8},"end":{"line":47,"column":44}},"33":{"start":{"line":48,"column":8},"end":{"line":48,"column":52}},"34":{"start":{"line":50,"column":8},"end":{"line":50,"column":27}},"35":{"start":{"line":51,"column":8},"end":{"line":51,"column":37}},"36":{"start":{"line":53,"column":8},"end":{"line":65,"column":9}},"37":{"start":{"line":55,"column":12},"end":{"line":55,"column":40}},"38":{"start":{"line":56,"column":12},"end":{"line":56,"column":36}},"39":{"start":{"line":58,"column":12},"end":{"line":64,"column":14}},"40":{"start":{"line":68,"column":4},"end":{"line":68,"column":38}},"41":{"start":{"line":69,"column":4},"end":{"line":69,"column":47}},"42":{"start":{"line":71,"column":4},"end":{"line":73,"column":5}},"43":{"start":{"line":72,"column":8},"end":{"line":72,"column":28}},"44":{"start":{"line":75,"column":4},"end":{"line":75,"column":44}},"45":{"start":{"line":79,"column":0},"end":{"line":122,"column":1}},"46":{"start":{"line":85,"column":4},"end":{"line":85,"column":18}},"47":{"start":{"line":86,"column":4},"end":{"line":86,"column":41}},"48":{"start":{"line":87,"column":4},"end":{"line":87,"column":29}},"49":{"start":{"line":88,"column":4},"end":{"line":88,"column":42}},"50":{"start":{"line":89,"column":4},"end":{"line":89,"column":45}},"51":{"start":{"line":91,"column":4},"end":{"line":121,"column":19}},"52":{"start":{"line":92,"column":8},"end":{"line":96,"column":10}},"53":{"start":{"line":97,"column":8},"end":{"line":97,"column":35}},"54":{"start":{"line":98,"column":8},"end":{"line":98,"column":36}},"55":{"start":{"line":99,"column":8},"end":{"line":99,"column":51}},"56":{"start":{"line":100,"column":8},"end":{"line":100,"column":34}},"57":{"start":{"line":101,"column":8},"end":{"line":101,"column":36}},"58":{"start":{"line":102,"column":8},"end":{"line":115,"column":9}},"59":{"start":{"line":103,"column":12},"end":{"line":114,"column":13}},"60":{"start":{"line":104,"column":16},"end":{"line":109,"column":18}},"61":{"start":{"line":111,"column":16},"end":{"line":111,"column":39}},"62":{"start":{"line":112,"column":16},"end":{"line":112,"column":85}},"63":{"start":{"line":113,"column":16},"end":{"line":113,"column":81}},"64":{"start":{"line":116,"column":8},"end":{"line":116,"column":42}},"65":{"start":{"line":117,"column":8},"end":{"line":119,"column":9}},"66":{"start":{"line":118,"column":12},"end":{"line":118,"column":18}},"67":{"start":{"line":120,"column":8},"end":{"line":120,"column":45}},"68":{"start":{"line":125,"column":0},"end":{"line":178,"column":1}},"69":{"start":{"line":129,"column":4},"end":{"line":129,"column":31}},"70":{"start":{"line":130,"column":4},"end":{"line":130,"column":50}},"71":{"start":{"line":131,"column":4},"end":{"line":131,"column":55}},"72":{"start":{"line":133,"column":4},"end":{"line":137,"column":5}},"73":{"start":{"line":134,"column":8},"end":{"line":134,"column":47}},"74":{"start":{"line":135,"column":8},"end":{"line":135,"column":39}},"75":{"start":{"line":136,"column":8},"end":{"line":136,"column":55}},"76":{"start":{"line":139,"column":4},"end":{"line":139,"column":23}},"77":{"start":{"line":141,"column":4},"end":{"line":141,"column":18}},"78":{"start":{"line":142,"column":4},"end":{"line":142,"column":25}},"79":{"start":{"line":143,"column":4},"end":{"line":143,"column":37}},"80":{"start":{"line":144,"column":4},"end":{"line":144,"column":29}},"81":{"start":{"line":145,"column":4},"end":{"line":145,"column":46}},"82":{"start":{"line":147,"column":4},"end":{"line":165,"column":30}},"83":{"start":{"line":148,"column":8},"end":{"line":148,"column":35}},"84":{"start":{"line":149,"column":8},"end":{"line":149,"column":35}},"85":{"start":{"line":150,"column":8},"end":{"line":150,"column":36}},"86":{"start":{"line":152,"column":8},"end":{"line":156,"column":10}},"87":{"start":{"line":157,"column":8},"end":{"line":157,"column":26}},"88":{"start":{"line":158,"column":8},"end":{"line":161,"column":9}},"89":{"start":{"line":159,"column":12},"end":{"line":159,"column":40}},"90":{"start":{"line":160,"column":12},"end":{"line":160,"column":27}},"91":{"start":{"line":162,"column":8},"end":{"line":162,"column":28}},"92":{"start":{"line":163,"column":8},"end":{"line":163,"column":29}},"93":{"start":{"line":164,"column":8},"end":{"line":164,"column":35}},"94":{"start":{"line":167,"column":4},"end":{"line":167,"column":32}},"95":{"start":{"line":169,"column":4},"end":{"line":175,"column":5}},"96":{"start":{"line":170,"column":8},"end":{"line":170,"column":47}},"97":{"start":{"line":171,"column":8},"end":{"line":171,"column":42}},"98":{"start":{"line":172,"column":8},"end":{"line":172,"column":43}},"99":{"start":{"line":173,"column":8},"end":{"line":173,"column":36}},"100":{"start":{"line":174,"column":8},"end":{"line":174,"column":41}},"101":{"start":{"line":177,"column":4},"end":{"line":177,"column":50}},"102":{"start":{"line":180,"column":0},"end":{"line":229,"column":1}},"103":{"start":{"line":185,"column":4},"end":{"line":185,"column":26}},"104":{"start":{"line":187,"column":4},"end":{"line":204,"column":5}},"105":{"start":{"line":189,"column":8},"end":{"line":192,"column":10}},"106":{"start":{"line":194,"column":8},"end":{"line":194,"column":26}},"107":{"start":{"line":196,"column":8},"end":{"line":198,"column":9}},"108":{"start":{"line":197,"column":12},"end":{"line":197,"column":27}},"109":{"start":{"line":200,"column":8},"end":{"line":200,"column":28}},"110":{"start":{"line":201,"column":8},"end":{"line":201,"column":29}},"111":{"start":{"line":202,"column":8},"end":{"line":202,"column":35}},"112":{"start":{"line":203,"column":8},"end":{"line":203,"column":26}},"113":{"start":{"line":206,"column":4},"end":{"line":208,"column":5}},"114":{"start":{"line":207,"column":8},"end":{"line":207,"column":54}},"115":{"start":{"line":210,"column":4},"end":{"line":221,"column":5}},"116":{"start":{"line":211,"column":8},"end":{"line":215,"column":9}},"117":{"start":{"line":212,"column":12},"end":{"line":212,"column":40}},"118":{"start":{"line":213,"column":15},"end":{"line":215,"column":9}},"119":{"start":{"line":214,"column":12},"end":{"line":214,"column":30}},"120":{"start":{"line":217,"column":8},"end":{"line":217,"column":22}},"121":{"start":{"line":218,"column":8},"end":{"line":218,"column":32}},"122":{"start":{"line":219,"column":8},"end":{"line":219,"column":27}},"123":{"start":{"line":220,"column":8},"end":{"line":220,"column":54}},"124":{"start":{"line":223,"column":4},"end":{"line":226,"column":6}},"125":{"start":{"line":228,"column":4},"end":{"line":228,"column":50}}},"branchMap":{"1":{"line":71,"type":"if","locations":[{"start":{"line":71,"column":4},"end":{"line":71,"column":4}},{"start":{"line":71,"column":4},"end":{"line":71,"column":4}}]},"2":{"line":71,"type":"binary-expr","locations":[{"start":{"line":71,"column":8},"end":{"line":71,"column":37}},{"start":{"line":71,"column":41},"end":{"line":71,"column":70}}]},"3":{"line":102,"type":"if","locations":[{"start":{"line":102,"column":8},"end":{"line":102,"column":8}},{"start":{"line":102,"column":8},"end":{"line":102,"column":8}}]},"4":{"line":103,"type":"if","locations":[{"start":{"line":103,"column":12},"end":{"line":103,"column":12}},{"start":{"line":103,"column":12},"end":{"line":103,"column":12}}]},"5":{"line":117,"type":"if","locations":[{"start":{"line":117,"column":8},"end":{"line":117,"column":8}},{"start":{"line":117,"column":8},"end":{"line":117,"column":8}}]},"6":{"line":133,"type":"if","locations":[{"start":{"line":133,"column":4},"end":{"line":133,"column":4}},{"start":{"line":133,"column":4},"end":{"line":133,"column":4}}]},"7":{"line":158,"type":"if","locations":[{"start":{"line":158,"column":8},"end":{"line":158,"column":8}},{"start":{"line":158,"column":8},"end":{"line":158,"column":8}}]},"8":{"line":169,"type":"if","locations":[{"start":{"line":169,"column":4},"end":{"line":169,"column":4}},{"start":{"line":169,"column":4},"end":{"line":169,"column":4}}]},"9":{"line":170,"type":"binary-expr","locations":[{"start":{"line":170,"column":23},"end":{"line":170,"column":41}},{"start":{"line":170,"column":45},"end":{"line":170,"column":46}}]},"10":{"line":196,"type":"if","locations":[{"start":{"line":196,"column":8},"end":{"line":196,"column":8}},{"start":{"line":196,"column":8},"end":{"line":196,"column":8}}]},"11":{"line":206,"type":"if","locations":[{"start":{"line":206,"column":4},"end":{"line":206,"column":4}},{"start":{"line":206,"column":4},"end":{"line":206,"column":4}}]},"12":{"line":210,"type":"if","locations":[{"start":{"line":210,"column":4},"end":{"line":210,"column":4}},{"start":{"line":210,"column":4},"end":{"line":210,"column":4}}]},"13":{"line":211,"type":"if","locations":[{"start":{"line":211,"column":8},"end":{"line":211,"column":8}},{"start":{"line":211,"column":8},"end":{"line":211,"column":8}}]},"14":{"line":213,"type":"if","locations":[{"start":{"line":213,"column":15},"end":{"line":213,"column":15}},{"start":{"line":213,"column":15},"end":{"line":213,"column":15}}]},"15":{"line":220,"type":"binary-expr","locations":[{"start":{"line":220,"column":18},"end":{"line":220,"column":31}},{"start":{"line":220,"column":35},"end":{"line":220,"column":53}}]}}},"/Users/mpaulson/workspaces/work/f2/lib/internal/key.js":{"path":"/Users/mpaulson/workspaces/work/f2/lib/internal/key.js","s":{"1":1},"b":{},"f":{},"fnMap":{},"statementMap":{"1":{"start":{"line":1,"column":0},"end":{"line":1,"column":57}}},"branchMap":{}},"/Users/mpaulson/workspaces/work/f2/lib/internal/prefix.js":{"path":"/Users/mpaulson/workspaces/work/f2/lib/internal/prefix.js","s":{"1":1},"b":{},"f":{},"fnMap":{},"statementMap":{"1":{"start":{"line":5,"column":0},"end":{"line":5,"column":41}}},"branchMap":{}},"/Users/mpaulson/workspaces/work/f2/lib/internal/ref.js":{"path":"/Users/mpaulson/workspaces/work/f2/lib/internal/ref.js","s":{"1":1},"b":{},"f":{},"fnMap":{},"statementMap":{"1":{"start":{"line":1,"column":0},"end":{"line":1,"column":57}}},"branchMap":{}},"/Users/mpaulson/workspaces/work/f2/lib/internal/context.js":{"path":"/Users/mpaulson/workspaces/work/f2/lib/internal/context.js","s":{"1":1},"b":{},"f":{},"fnMap":{},"statementMap":{"1":{"start":{"line":1,"column":0},"end":{"line":1,"column":61}}},"branchMap":{}},"/Users/mpaulson/workspaces/work/f2/lib/internal/version.js":{"path":"/Users/mpaulson/workspaces/work/f2/lib/internal/version.js","s":{"1":1},"b":{},"f":{},"fnMap":{},"statementMap":{"1":{"start":{"line":1,"column":0},"end":{"line":1,"column":61}}},"branchMap":{}},"/Users/mpaulson/workspaces/work/f2/lib/internal/ref-index.js":{"path":"/Users/mpaulson/workspaces/work/f2/lib/internal/ref-index.js","s":{"1":1},"b":{},"f":{},"fnMap":{},"statementMap":{"1":{"start":{"line":1,"column":0},"end":{"line":1,"column":63}}},"branchMap":{}},"/Users/mpaulson/workspaces/work/f2/lib/internal/refs-length.js":{"path":"/Users/mpaulson/workspaces/work/f2/lib/internal/refs-length.js","s":{"1":1},"b":{},"f":{},"fnMap":{},"statementMap":{"1":{"start":{"line":1,"column":0},"end":{"line":1,"column":65}}},"branchMap":{}},"/Users/mpaulson/workspaces/work/f2/lib/types/ref.js":{"path":"/Users/mpaulson/workspaces/work/f2/lib/types/ref.js","s":{"1":1},"b":{},"f":{},"fnMap":{},"statementMap":{"1":{"start":{"line":1,"column":0},"end":{"line":1,"column":23}}},"branchMap":{}},"/Users/mpaulson/workspaces/work/f2/lib/lru/promote.js":{"path":"/Users/mpaulson/workspaces/work/f2/lib/lru/promote.js","s":{"1":1,"2":1,"3":1,"4":1,"5":1,"6":1,"7":75,"8":0,"9":75,"10":75,"11":1,"12":1,"13":74,"14":22,"15":52,"16":52,"17":52,"18":10,"19":52,"20":31,"21":52,"22":52,"23":52,"24":52,"25":52,"26":21},"b":{"1":[0,75],"2":[1,74],"3":[22,52],"4":[10,42],"5":[31,21],"6":[21,31]},"f":{"1":75},"fnMap":{"1":{"name":"lruPromote","line":9,"loc":{"start":{"line":9,"column":17},"end":{"line":9,"column":51}}}},"statementMap":{"1":{"start":{"line":1,"column":0},"end":{"line":1,"column":43}},"2":{"start":{"line":2,"column":0},"end":{"line":2,"column":43}},"3":{"start":{"line":3,"column":0},"end":{"line":3,"column":43}},"4":{"start":{"line":4,"column":0},"end":{"line":4,"column":43}},"5":{"start":{"line":5,"column":0},"end":{"line":5,"column":57}},"6":{"start":{"line":9,"column":0},"end":{"line":48,"column":2}},"7":{"start":{"line":11,"column":4},"end":{"line":13,"column":5}},"8":{"start":{"line":12,"column":8},"end":{"line":12,"column":15}},"9":{"start":{"line":15,"column":4},"end":{"line":15,"column":28}},"10":{"start":{"line":18,"column":4},"end":{"line":21,"column":5}},"11":{"start":{"line":19,"column":8},"end":{"line":19,"column":45}},"12":{"start":{"line":20,"column":8},"end":{"line":20,"column":15}},"13":{"start":{"line":23,"column":4},"end":{"line":25,"column":5}},"14":{"start":{"line":24,"column":8},"end":{"line":24,"column":15}},"15":{"start":{"line":29,"column":4},"end":{"line":29,"column":30}},"16":{"start":{"line":30,"column":4},"end":{"line":30,"column":30}},"17":{"start":{"line":31,"column":4},"end":{"line":33,"column":5}},"18":{"start":{"line":32,"column":8},"end":{"line":32,"column":28}},"19":{"start":{"line":34,"column":4},"end":{"line":36,"column":5}},"20":{"start":{"line":35,"column":8},"end":{"line":35,"column":28}},"21":{"start":{"line":37,"column":4},"end":{"line":37,"column":31}},"22":{"start":{"line":40,"column":4},"end":{"line":40,"column":26}},"23":{"start":{"line":41,"column":4},"end":{"line":41,"column":26}},"24":{"start":{"line":42,"column":4},"end":{"line":42,"column":26}},"25":{"start":{"line":45,"column":4},"end":{"line":47,"column":5}},"26":{"start":{"line":46,"column":8},"end":{"line":46,"column":28}}},"branchMap":{"1":{"line":11,"type":"if","locations":[{"start":{"line":11,"column":4},"end":{"line":11,"column":4}},{"start":{"line":11,"column":4},"end":{"line":11,"column":4}}]},"2":{"line":18,"type":"if","locations":[{"start":{"line":18,"column":4},"end":{"line":18,"column":4}},{"start":{"line":18,"column":4},"end":{"line":18,"column":4}}]},"3":{"line":23,"type":"if","locations":[{"start":{"line":23,"column":4},"end":{"line":23,"column":4}},{"start":{"line":23,"column":4},"end":{"line":23,"column":4}}]},"4":{"line":31,"type":"if","locations":[{"start":{"line":31,"column":4},"end":{"line":31,"column":4}},{"start":{"line":31,"column":4},"end":{"line":31,"column":4}}]},"5":{"line":34,"type":"if","locations":[{"start":{"line":34,"column":4},"end":{"line":34,"column":4}},{"start":{"line":34,"column":4},"end":{"line":34,"column":4}}]},"6":{"line":45,"type":"if","locations":[{"start":{"line":45,"column":4},"end":{"line":45,"column":4}},{"start":{"line":45,"column":4},"end":{"line":45,"column":4}}]}}},"/Users/mpaulson/workspaces/work/f2/lib/internal/head.js":{"path":"/Users/mpaulson/workspaces/work/f2/lib/internal/head.js","s":{"1":1},"b":{},"f":{},"fnMap":{},"statementMap":{"1":{"start":{"line":1,"column":0},"end":{"line":1,"column":58}}},"branchMap":{}},"/Users/mpaulson/workspaces/work/f2/lib/internal/tail.js":{"path":"/Users/mpaulson/workspaces/work/f2/lib/internal/tail.js","s":{"1":1},"b":{},"f":{},"fnMap":{},"statementMap":{"1":{"start":{"line":1,"column":0},"end":{"line":1,"column":58}}},"branchMap":{}},"/Users/mpaulson/workspaces/work/f2/lib/internal/next.js":{"path":"/Users/mpaulson/workspaces/work/f2/lib/internal/next.js","s":{"1":1},"b":{},"f":{},"fnMap":{},"statementMap":{"1":{"start":{"line":1,"column":0},"end":{"line":1,"column":58}}},"branchMap":{}},"/Users/mpaulson/workspaces/work/f2/lib/internal/prev.js":{"path":"/Users/mpaulson/workspaces/work/f2/lib/internal/prev.js","s":{"1":1},"b":{},"f":{},"fnMap":{},"statementMap":{"1":{"start":{"line":1,"column":0},"end":{"line":1,"column":58}}},"branchMap":{}},"/Users/mpaulson/workspaces/work/f2/lib/values/expires-never.js":{"path":"/Users/mpaulson/workspaces/work/f2/lib/values/expires-never.js","s":{"1":1},"b":{},"f":{},"fnMap":{},"statementMap":{"1":{"start":{"line":1,"column":0},"end":{"line":1,"column":19}}},"branchMap":{}},"/Users/mpaulson/workspaces/work/f2/lib/support/isAlreadyExpired.js":{"path":"/Users/mpaulson/workspaces/work/f2/lib/support/isAlreadyExpired.js","s":{"1":1,"2":1,"3":1,"4":1,"5":21,"6":21},"b":{"1":[21,0,0,0]},"f":{"1":21},"fnMap":{"1":{"name":"isAlreadyExpired","line":5,"loc":{"start":{"line":5,"column":17},"end":{"line":5,"column":49}}}},"statementMap":{"1":{"start":{"line":1,"column":0},"end":{"line":1,"column":38}},"2":{"start":{"line":2,"column":0},"end":{"line":2,"column":46}},"3":{"start":{"line":3,"column":0},"end":{"line":3,"column":50}},"4":{"start":{"line":5,"column":0},"end":{"line":11,"column":2}},"5":{"start":{"line":6,"column":4},"end":{"line":6,"column":28}},"6":{"start":{"line":7,"column":4},"end":{"line":10,"column":21}}},"branchMap":{"1":{"line":7,"type":"binary-expr","locations":[{"start":{"line":7,"column":12},"end":{"line":7,"column":23}},{"start":{"line":8,"column":8},"end":{"line":8,"column":22}},{"start":{"line":9,"column":8},"end":{"line":9,"column":20}},{"start":{"line":10,"column":8},"end":{"line":10,"column":19}}]}}},"/Users/mpaulson/workspaces/work/f2/lib/support/now.js":{"path":"/Users/mpaulson/workspaces/work/f2/lib/support/now.js","s":{"1":1},"b":{},"f":{},"fnMap":{},"statementMap":{"1":{"start":{"line":1,"column":0},"end":{"line":1,"column":26}}},"branchMap":{}},"/Users/mpaulson/workspaces/work/f2/lib/values/expires-now.js":{"path":"/Users/mpaulson/workspaces/work/f2/lib/values/expires-now.js","s":{"1":1},"b":{},"f":{},"fnMap":{},"statementMap":{"1":{"start":{"line":1,"column":0},"end":{"line":1,"column":19}}},"branchMap":{}},"/Users/mpaulson/workspaces/work/f2/lib/support/isPrimitive.js":{"path":"/Users/mpaulson/workspaces/work/f2/lib/support/isPrimitive.js","s":{"1":1,"2":1,"3":63},"b":{"1":[63,63]},"f":{"1":63},"fnMap":{"1":{"name":"isPrimitive","line":2,"loc":{"start":{"line":2,"column":17},"end":{"line":2,"column":45}}}},"statementMap":{"1":{"start":{"line":1,"column":0},"end":{"line":1,"column":25}},"2":{"start":{"line":2,"column":0},"end":{"line":4,"column":2}},"3":{"start":{"line":3,"column":4},"end":{"line":3,"column":55}}},"branchMap":{"1":{"line":3,"type":"binary-expr","locations":[{"start":{"line":3,"column":11},"end":{"line":3,"column":24}},{"start":{"line":3,"column":28},"end":{"line":3,"column":54}}]}}},"/Users/mpaulson/workspaces/work/f2/lib/support/expireNode.js":{"path":"/Users/mpaulson/workspaces/work/f2/lib/support/expireNode.js","s":{"1":1,"2":1,"3":1,"4":0,"5":0,"6":0,"7":0,"8":0},"b":{"1":[0,0]},"f":{"1":0},"fnMap":{"1":{"name":"expireNode","line":4,"loc":{"start":{"line":4,"column":17},"end":{"line":4,"column":57}}}},"statementMap":{"1":{"start":{"line":1,"column":0},"end":{"line":1,"column":40}},"2":{"start":{"line":2,"column":0},"end":{"line":2,"column":57}},"3":{"start":{"line":4,"column":0},"end":{"line":11,"column":2}},"4":{"start":{"line":5,"column":4},"end":{"line":9,"column":5}},"5":{"start":{"line":6,"column":8},"end":{"line":6,"column":35}},"6":{"start":{"line":7,"column":8},"end":{"line":7,"column":27}},"7":{"start":{"line":8,"column":8},"end":{"line":8,"column":26}},"8":{"start":{"line":10,"column":4},"end":{"line":10,"column":16}}},"branchMap":{"1":{"line":5,"type":"if","locations":[{"start":{"line":5,"column":4},"end":{"line":5,"column":4}},{"start":{"line":5,"column":4},"end":{"line":5,"column":4}}]}}},"/Users/mpaulson/workspaces/work/f2/lib/lru/splice.js":{"path":"/Users/mpaulson/workspaces/work/f2/lib/lru/splice.js","s":{"1":1,"2":1,"3":1,"4":1,"5":1,"6":0,"7":0,"8":0,"9":0,"10":0,"11":0,"12":0,"13":0,"14":0,"15":0,"16":0},"b":{"1":[0,0],"2":[0,0],"3":[0,0],"4":[0,0]},"f":{"1":0},"fnMap":{"1":{"name":"lruSplice","line":6,"loc":{"start":{"line":6,"column":17},"end":{"line":6,"column":50}}}},"statementMap":{"1":{"start":{"line":1,"column":0},"end":{"line":1,"column":43}},"2":{"start":{"line":2,"column":0},"end":{"line":2,"column":43}},"3":{"start":{"line":3,"column":0},"end":{"line":3,"column":43}},"4":{"start":{"line":4,"column":0},"end":{"line":4,"column":43}},"5":{"start":{"line":6,"column":0},"end":{"line":25,"column":2}},"6":{"start":{"line":9,"column":4},"end":{"line":9,"column":30}},"7":{"start":{"line":10,"column":4},"end":{"line":10,"column":30}},"8":{"start":{"line":11,"column":4},"end":{"line":13,"column":5}},"9":{"start":{"line":12,"column":8},"end":{"line":12,"column":28}},"10":{"start":{"line":14,"column":4},"end":{"line":16,"column":5}},"11":{"start":{"line":15,"column":8},"end":{"line":15,"column":28}},"12":{"start":{"line":17,"column":4},"end":{"line":17,"column":48}},"13":{"start":{"line":19,"column":4},"end":{"line":21,"column":5}},"14":{"start":{"line":20,"column":8},"end":{"line":20,"column":28}},"15":{"start":{"line":22,"column":4},"end":{"line":24,"column":5}},"16":{"start":{"line":23,"column":8},"end":{"line":23,"column":28}}},"branchMap":{"1":{"line":11,"type":"if","locations":[{"start":{"line":11,"column":4},"end":{"line":11,"column":4}},{"start":{"line":11,"column":4},"end":{"line":11,"column":4}}]},"2":{"line":14,"type":"if","locations":[{"start":{"line":14,"column":4},"end":{"line":14,"column":4}},{"start":{"line":14,"column":4},"end":{"line":14,"column":4}}]},"3":{"line":19,"type":"if","locations":[{"start":{"line":19,"column":4},"end":{"line":19,"column":4}},{"start":{"line":19,"column":4},"end":{"line":19,"column":4}}]},"4":{"line":22,"type":"if","locations":[{"start":{"line":22,"column":4},"end":{"line":22,"column":4}},{"start":{"line":22,"column":4},"end":{"line":22,"column":4}}]}}},"/Users/mpaulson/workspaces/work/f2/lib/internal/invalidated.js":{"path":"/Users/mpaulson/workspaces/work/f2/lib/internal/invalidated.js","s":{"1":1},"b":{},"f":{},"fnMap":{},"statementMap":{"1":{"start":{"line":1,"column":0},"end":{"line":1,"column":65}}},"branchMap":{}},"/Users/mpaulson/workspaces/work/f2/lib/support/incrementVersion.js":{"path":"/Users/mpaulson/workspaces/work/f2/lib/support/incrementVersion.js","s":{"1":1,"2":1,"3":1},"b":{},"f":{"1":1},"fnMap":{"1":{"name":"incrementVersion","line":2,"loc":{"start":{"line":2,"column":17},"end":{"line":2,"column":45}}}},"statementMap":{"1":{"start":{"line":1,"column":0},"end":{"line":1,"column":16}},"2":{"start":{"line":2,"column":0},"end":{"line":4,"column":2}},"3":{"start":{"line":3,"column":4},"end":{"line":3,"column":21}}},"branchMap":{}},"/Users/mpaulson/workspaces/work/f2/lib/support/mergeJSONGraphNode.js":{"path":"/Users/mpaulson/workspaces/work/f2/lib/support/mergeJSONGraphNode.js","s":{"1":1,"2":1,"3":1,"4":1,"5":1,"6":1,"7":1,"8":1,"9":1,"10":1,"11":1,"12":1,"13":1,"14":1,"15":1,"16":74,"17":74,"18":74,"19":70,"20":0,"21":0,"22":0,"23":0,"24":0,"25":70,"26":0,"27":70,"28":70,"29":70,"30":70,"31":49,"32":22,"33":49,"34":4,"35":4,"36":0,"37":25,"38":14,"39":14,"40":14,"41":14,"42":0,"43":0,"44":11,"45":0,"46":0,"47":0,"48":0,"49":11,"50":11,"51":11,"52":11,"53":11,"54":11,"55":0,"56":0,"57":0,"58":0,"59":0,"60":25,"61":0,"62":25,"63":22,"64":21,"65":21,"66":21,"67":21,"68":1,"69":1,"70":1,"71":1,"72":1,"73":1,"74":1,"75":1,"76":0,"77":1,"78":1,"79":1,"80":1,"81":22,"82":0,"83":22,"84":3,"85":3,"86":25},"b":{"1":[70,4],"2":[0,70],"3":[0,70],"4":[70,0],"5":[49,21],"6":[22,27],"7":[0,4],"8":[14,11],"9":[14,0],"10":[0,14],"11":[14,10],"12":[0,0],"13":[0,0,0],"14":[0,11],"15":[0,0],"16":[11,0],"17":[11,0],"18":[11,0],"19":[0,11],"20":[0,0],"21":[0,0,0],"22":[0,25],"23":[25,21,21],"24":[22,3],"25":[25,3],"26":[21,1],"27":[22,22],"28":[21,0],"29":[1,0],"30":[1,1],"31":[1,0],"32":[1,1,1],"33":[1,0],"34":[1,0],"35":[0,1],"36":[1,0],"37":[0,22],"38":[3,0]},"f":{"1":74},"fnMap":{"1":{"name":"mergeJSONGraphNode","line":18,"loc":{"start":{"line":18,"column":17},"end":{"line":20,"column":54}}}},"statementMap":{"1":{"start":{"line":1,"column":0},"end":{"line":1,"column":47}},"2":{"start":{"line":3,"column":0},"end":{"line":3,"column":37}},"3":{"start":{"line":4,"column":0},"end":{"line":4,"column":41}},"4":{"start":{"line":5,"column":0},"end":{"line":5,"column":46}},"5":{"start":{"line":6,"column":0},"end":{"line":6,"column":56}},"6":{"start":{"line":7,"column":0},"end":{"line":7,"column":48}},"7":{"start":{"line":8,"column":0},"end":{"line":8,"column":50}},"8":{"start":{"line":9,"column":0},"end":{"lin
[...]
"line":82,"column":12},"end":{"line":90,"column":13}},"50":{"start":{"line":83,"column":16},"end":{"line":87,"column":18}},"51":{"start":{"line":88,"column":19},"end":{"line":90,"column":13}},"52":{"start":{"line":89,"column":16},"end":{"line":89,"column":81}},"53":{"start":{"line":92,"column":8},"end":{"line":92,"column":42}},"54":{"start":{"line":96,"column":0},"end":{"line":145,"column":1}},"55":{"start":{"line":98,"column":4},"end":{"line":101,"column":5}},"56":{"start":{"line":99,"column":8},"end":{"line":99,"column":39}},"57":{"start":{"line":100,"column":8},"end":{"line":100,"column":33}},"58":{"start":{"line":103,"column":4},"end":{"line":103,"column":23}},"59":{"start":{"line":105,"column":4},"end":{"line":105,"column":25}},"60":{"start":{"line":106,"column":4},"end":{"line":106,"column":31}},"61":{"start":{"line":107,"column":4},"end":{"line":107,"column":22}},"62":{"start":{"line":109,"column":4},"end":{"line":109,"column":27}},"63":{"start":{"line":111,"column":4},"end":{"line":142,"column":5}},"64":{"start":{"line":112,"column":8},"end":{"line":112,"column":40}},"65":{"start":{"line":115,"column":8},"end":{"line":115,"column":22}},"66":{"start":{"line":116,"column":8},"end":{"line":116,"column":41}},"67":{"start":{"line":118,"column":8},"end":{"line":118,"column":29}},"68":{"start":{"line":120,"column":8},"end":{"line":133,"column":34}},"69":{"start":{"line":121,"column":12},"end":{"line":121,"column":39}},"70":{"start":{"line":122,"column":12},"end":{"line":122,"column":39}},"71":{"start":{"line":123,"column":12},"end":{"line":127,"column":14}},"72":{"start":{"line":128,"column":12},"end":{"line":128,"column":30}},"73":{"start":{"line":129,"column":12},"end":{"line":131,"column":13}},"74":{"start":{"line":130,"column":16},"end":{"line":130,"column":31}},"75":{"start":{"line":132,"column":12},"end":{"line":132,"column":32}},"76":{"start":{"line":135,"column":8},"end":{"line":141,"column":9}},"77":{"start":{"line":136,"column":12},"end":{"line":136,"column":51}},"78":{"start":{"line":137,"column":12},"end":{"line":137,"column":46}},"79":{"start":{"line":138,"column":12},"end":{"line":138,"column":47}},"80":{"start":{"line":139,"column":12},"end":{"line":139,"column":40}},"81":{"start":{"line":140,"column":12},"end":{"line":140,"column":45}},"82":{"start":{"line":144,"column":4},"end":{"line":144,"column":26}},"83":{"start":{"line":147,"column":0},"end":{"line":184,"column":1}},"84":{"start":{"line":152,"column":4},"end":{"line":152,"column":26}},"85":{"start":{"line":154,"column":4},"end":{"line":166,"column":5}},"86":{"start":{"line":156,"column":8},"end":{"line":156,"column":77}},"87":{"start":{"line":158,"column":8},"end":{"line":158,"column":26}},"88":{"start":{"line":160,"column":8},"end":{"line":162,"column":9}},"89":{"start":{"line":161,"column":12},"end":{"line":161,"column":27}},"90":{"start":{"line":164,"column":8},"end":{"line":164,"column":28}},"91":{"start":{"line":165,"column":8},"end":{"line":165,"column":26}},"92":{"start":{"line":168,"column":4},"end":{"line":170,"column":5}},"93":{"start":{"line":169,"column":8},"end":{"line":169,"column":30}},"94":{"start":{"line":172,"column":4},"end":{"line":181,"column":5}},"95":{"start":{"line":173,"column":8},"end":{"line":177,"column":9}},"96":{"start":{"line":174,"column":12},"end":{"line":174,"column":78}},"97":{"start":{"line":175,"column":15},"end":{"line":177,"column":9}},"98":{"start":{"line":176,"column":12},"end":{"line":176,"column":30}},"99":{"start":{"line":179,"column":8},"end":{"line":179,"column":22}},"100":{"start":{"line":180,"column":8},"end":{"line":180,"column":27}},"101":{"start":{"line":183,"column":4},"end":{"line":183,"column":26}}},"branchMap":{"1":{"line":39,"type":"cond-expr","locations":[{"start":{"line":39,"column":30},"end":{"line":39,"column":63}},{"start":{"line":39,"column":66},"end":{"line":39,"column":71}}]},"2":{"line":40,"type":"binary-expr","locations":[{"start":{"line":40,"column":17},"end":{"line":40,"column":31}},{"start":{"line":40,"column":35},"end":{"line":40,"column":40}}]},"3":{"line":59,"type":"if","locations":[{"start":{"line":59,"column":4},"end":{"line":59,"column":4}},{"start":{"line":59,"column":4},"end":{"line":59,"column":4}}]},"4":{"line":59,"type":"binary-expr","locations":[{"start":{"line":59,"column":8},"end":{"line":59,"column":37}},{"start":{"line":59,"column":41},"end":{"line":59,"column":70}}]},"5":{"line":81,"type":"if","locations":[{"start":{"line":81,"column":8},"end":{"line":81,"column":8}},{"start":{"line":81,"column":8},"end":{"line":81,"column":8}}]},"6":{"line":82,"type":"if","locations":[{"start":{"line":82,"column":12},"end":{"line":82,"column":12}},{"start":{"line":82,"column":12},"end":{"line":82,"column":12}}]},"7":{"line":88,"type":"if","locations":[{"start":{"line":88,"column":19},"end":{"line":88,"column":19}},{"start":{"line":88,"column":19},"end":{"line":88,"column":19}}]},"8":{"line":98,"type":"if","locations":[{"start":{"line":98,"column":4},"end":{"line":98,"column":4}},{"start":{"line":98,"column":4},"end":{"line":98,"column":4}}]},"9":{"line":111,"type":"if","locations":[{"start":{"line":111,"column":4},"end":{"line":111,"column":4}},{"start":{"line":111,"column":4},"end":{"line":111,"column":4}}]},"10":{"line":112,"type":"binary-expr","locations":[{"start":{"line":112,"column":17},"end":{"line":112,"column":31}},{"start":{"line":112,"column":35},"end":{"line":112,"column":39}}]},"11":{"line":129,"type":"if","locations":[{"start":{"line":129,"column":12},"end":{"line":129,"column":12}},{"start":{"line":129,"column":12},"end":{"line":129,"column":12}}]},"12":{"line":135,"type":"if","locations":[{"start":{"line":135,"column":8},"end":{"line":135,"column":8}},{"start":{"line":135,"column":8},"end":{"line":135,"column":8}}]},"13":{"line":136,"type":"binary-expr","locations":[{"start":{"line":136,"column":27},"end":{"line":136,"column":45}},{"start":{"line":136,"column":49},"end":{"line":136,"column":50}}]},"14":{"line":160,"type":"if","locations":[{"start":{"line":160,"column":8},"end":{"line":160,"column":8}},{"start":{"line":160,"column":8},"end":{"line":160,"column":8}}]},"15":{"line":168,"type":"if","locations":[{"start":{"line":168,"column":4},"end":{"line":168,"column":4}},{"start":{"line":168,"column":4},"end":{"line":168,"column":4}}]},"16":{"line":172,"type":"if","locations":[{"start":{"line":172,"column":4},"end":{"line":172,"column":4}},{"start":{"line":172,"column":4},"end":{"line":172,"column":4}}]},"17":{"line":173,"type":"if","locations":[{"start":{"line":173,"column":8},"end":{"line":173,"column":8}},{"start":{"line":173,"column":8},"end":{"line":173,"column":8}}]},"18":{"line":175,"type":"if","locations":[{"start":{"line":175,"column":15},"end":{"line":175,"column":15}},{"start":{"line":175,"column":15},"end":{"line":175,"column":15}}]}}},"/Users/mpaulson/workspaces/work/f2/lib/invalidate/invalidatePathMaps.js":{"path":"/Users/mpaulson/workspaces/work/f2/lib/invalidate/invalidatePathMaps.js","s":{"1":1,"2":1,"3":1,"4":1,"5":1,"6":1,"7":1,"8":1,"9":1,"10":1,"11":1,"12":1,"13":1,"14":1,"15":1,"16":1,"17":1,"18":1,"19":1,"20":1,"21":1,"22":1,"23":0,"24":0,"25":0,"26":0,"27":0,"28":0,"29":0,"30":0,"31":0,"32":0,"33":0,"34":0,"35":0,"36":0,"37":0,"38":0,"39":0,"40":0,"41":0,"42":0,"43":1,"44":0,"45":0,"46":0,"47":0,"48":0,"49":0,"50":0,"51":0,"52":0,"53":0,"54":0,"55":0,"56":0,"57":0,"58":1,"59":0,"60":0,"61":0,"62":0,"63":0,"64":0,"65":0,"66":0,"67":0,"68":0,"69":0,"70":0,"71":0,"72":0,"73":0,"74":0,"75":0,"76":0,"77":0,"78":0,"79":0,"80":0,"81":0,"82":0,"83":0,"84":0,"85":0,"86":0,"87":1,"88":0,"89":0,"90":0,"91":0,"92":0,"93":0,"94":0,"95":0,"96":0,"97":0,"98":0,"99":0,"100":0,"101":0,"102":0,"103":0,"104":0,"105":0},"b":{"1":[0,0],"2":[0,0],"3":[0,0],"4":[0,0],"5":[0,0],"6":[0,0],"7":[0,0],"8":[0,0,0],"9":[0,0],"10":[0,0],"11":[0,0],"12":[0,0],"13":[0,0],"14":[0,0],"15":[0,0],"16":[0,0],"17":[0,0],"18":[0,0],"19":[0,0],"20":[0,0],"21":[0,0],"22":[0,0],"23":[0,0],"24":[0,0]},"f":{"1":0,"2":0,"3":0,"4":0},"fnMap":{"1":{"name":"invalidatePathMaps","line":33,"loc":{"start":{"line":33,"column":17},"end":{"line":33,"column":70}}},"2":{"name":"invalidatePathMap","line":68,"loc":{"start":{"line":68,"column":0},"end":{"line":68,"column":113}}},"3":{"name":"invalidateReference","line":100,"loc":{"start":{"line":100,"column":0},"end":{"line":100,"column":98}}},"4":{"name":"invalidateNode","line":151,"loc":{"start":{"line":151,"column":0},"end":{"line":154,"column":54}}}},"statementMap":{"1":{"start":{"line":1,"column":0},"end":{"line":1,"column":41}},"2":{"start":{"line":2,"column":0},"end":{"line":2,"column":41}},"3":{"start":{"line":3,"column":0},"end":{"line":3,"column":47}},"4":{"start":{"line":4,"column":0},"end":{"line":4,"column":47}},"5":{"start":{"line":5,"column":0},"end":{"line":5,"column":49}},"6":{"start":{"line":6,"column":0},"end":{"line":6,"column":49}},"7":{"start":{"line":7,"column":0},"end":{"line":7,"column":52}},"8":{"start":{"line":8,"column":0},"end":{"line":8,"column":56}},"9":{"start":{"line":10,"column":0},"end":{"line":10,"column":37}},"10":{"start":{"line":12,"column":0},"end":{"line":12,"column":54}},"11":{"start":{"line":14,"column":0},"end":{"line":14,"column":42}},"12":{"start":{"line":15,"column":0},"end":{"line":15,"column":46}},"13":{"start":{"line":16,"column":0},"end":{"line":16,"column":44}},"14":{"start":{"line":17,"column":0},"end":{"line":17,"column":48}},"15":{"start":{"line":18,"column":0},"end":{"line":18,"column":50}},"16":{"start":{"line":19,"column":0},"end":{"line":19,"column":52}},"17":{"start":{"line":20,"column":0},"end":{"line":20,"column":54}},"18":{"start":{"line":21,"column":0},"end":{"line":21,"column":52}},"19":{"start":{"line":22,"column":0},"end":{"line":22,"column":64}},"20":{"start":{"line":23,"column":0},"end":{"line":23,"column":70}},"21":{"start":{"line":24,"column":0},"end":{"line":24,"column":80}},"22":{"start":{"line":33,"column":0},"end":{"line":66,"column":2}},"23":{"start":{"line":35,"column":4},"end":{"line":35,"column":32}},"24":{"start":{"line":36,"column":4},"end":{"line":36,"column":24}},"25":{"start":{"line":37,"column":4},"end":{"line":37,"column":36}},"26":{"start":{"line":38,"column":4},"end":{"line":38,"column":37}},"27":{"start":{"line":39,"column":4},"end":{"line":39,"column":43}},"28":{"start":{"line":40,"column":4},"end":{"line":40,"column":49}},"29":{"start":{"line":41,"column":4},"end":{"line":41,"column":28}},"30":{"start":{"line":42,"column":4},"end":{"line":42,"column":32}},"31":{"start":{"line":43,"column":4},"end":{"line":43,"column":72}},"32":{"start":{"line":44,"column":4},"end":{"line":44,"column":41}},"33":{"start":{"line":45,"column":4},"end":{"line":45,"column":42}},"34":{"start":{"line":47,"column":4},"end":{"line":47,"column":26}},"35":{"start":{"line":48,"column":4},"end":{"line":48,"column":47}},"36":{"start":{"line":50,"column":4},"end":{"line":58,"column":5}},"37":{"start":{"line":52,"column":8},"end":{"line":52,"column":61}},"38":{"start":{"line":54,"column":8},"end":{"line":57,"column":10}},"39":{"start":{"line":60,"column":4},"end":{"line":60,"column":38}},"40":{"start":{"line":61,"column":4},"end":{"line":61,"column":47}},"41":{"start":{"line":63,"column":4},"end":{"line":65,"column":5}},"42":{"start":{"line":64,"column":8},"end":{"line":64,"column":28}},"43":{"start":{"line":68,"column":0},"end":{"line":98,"column":1}},"44":{"start":{"line":70,"column":4},"end":{"line":72,"column":5}},"45":{"start":{"line":71,"column":8},"end":{"line":71,"column":15}},"46":{"start":{"line":74,"column":4},"end":{"line":97,"column":5}},"47":{"start":{"line":75,"column":8},"end":{"line":96,"column":9}},"48":{"start":{"line":76,"column":12},"end":{"line":76,"column":37}},"49":{"start":{"line":77,"column":12},"end":{"line":77,"column":57}},"50":{"start":{"line":78,"column":12},"end":{"line":82,"column":14}},"51":{"start":{"line":83,"column":12},"end":{"line":83,"column":38}},"52":{"start":{"line":84,"column":12},"end":{"line":84,"column":40}},"53":{"start":{"line":85,"column":12},"end":{"line":95,"column":13}},"54":{"start":{"line":86,"column":16},"end":{"line":94,"column":17}},"55":{"start":{"line":87,"column":20},"end":{"line":91,"column":22}},"56":{"start":{"line":92,"column":23},"end":{"line":94,"column":17}},"57":{"start":{"line":93,"column":20},"end":{"line":93,"column":85}},"58":{"start":{"line":100,"column":0},"end":{"line":149,"column":1}},"59":{"start":{"line":102,"column":4},"end":{"line":105,"column":5}},"60":{"start":{"line":103,"column":8},"end":{"line":103,"column":39}},"61":{"start":{"line":104,"column":8},"end":{"line":104,"column":33}},"62":{"start":{"line":107,"column":4},"end":{"line":107,"column":23}},"63":{"start":{"line":109,"column":4},"end":{"line":109,"column":25}},"64":{"start":{"line":110,"column":4},"end":{"line":110,"column":31}},"65":{"start":{"line":111,"column":4},"end":{"line":111,"column":22}},"66":{"start":{"line":113,"column":4},"end":{"line":113,"column":27}},"67":{"start":{"line":115,"column":4},"end":{"line":146,"column":5}},"68":{"start":{"line":116,"column":8},"end":{"line":116,"column":40}},"69":{"start":{"line":119,"column":8},"end":{"line":119,"column":22}},"70":{"start":{"line":120,"column":8},"end":{"line":120,"column":41}},"71":{"start":{"line":122,"column":8},"end":{"line":122,"column":29}},"72":{"start":{"line":124,"column":8},"end":{"line":137,"column":34}},"73":{"start":{"line":125,"column":12},"end":{"line":125,"column":39}},"74":{"start":{"line":126,"column":12},"end":{"line":126,"column":39}},"75":{"start":{"line":127,"column":12},"end":{"line":131,"column":14}},"76":{"start":{"line":132,"column":12},"end":{"line":132,"column":30}},"77":{"start":{"line":133,"column":12},"end":{"line":135,"column":13}},"78":{"start":{"line":134,"column":16},"end":{"line":134,"column":31}},"79":{"start":{"line":136,"column":12},"end":{"line":136,"column":32}},"80":{"start":{"line":139,"column":8},"end":{"line":145,"column":9}},"81":{"start":{"line":140,"column":12},"end":{"line":140,"column":51}},"82":{"start":{"line":141,"column":12},"end":{"line":141,"column":46}},"83":{"start":{"line":142,"column":12},"end":{"line":142,"column":47}},"84":{"start":{"line":143,"column":12},"end":{"line":143,"column":40}},"85":{"start":{"line":144,"column":12},"end":{"line":144,"column":45}},"86":{"start":{"line":148,"column":4},"end":{"line":148,"column":26}},"87":{"start":{"line":151,"column":0},"end":{"line":188,"column":1}},"88":{"start":{"line":156,"column":4},"end":{"line":156,"column":26}},"89":{"start":{"line":158,"column":4},"end":{"line":170,"column":5}},"90":{"start":{"line":160,"column":8},"end":{"line":160,"column":111}},"91":{"start":{"line":162,"column":8},"end":{"line":162,"column":26}},"92":{"start":{"line":164,"column":8},"end":{"line":166,"column":9}},"93":{"start":{"line":165,"column":12},"end":{"line":165,"column":27}},"94":{"start":{"line":168,"column":8},"end":{"line":168,"column":28}},"95":{"start":{"line":169,"column":8},"end":{"line":169,"column":34}},"96":{"start":{"line":172,"column":4},"end":{"line":174,"column":5}},"97":{"start":{"line":173,"column":8},"end":{"line":173,"column":30}},"98":{"start":{"line":176,"column":4},"end":{"line":185,"column":5}},"99":{"start":{"line":177,"column":8},"end":{"line":181,"column":9}},"100":{"start":{"line":178,"column":12},"end":{"line":178,"column":78}},"101":{"start":{"line":179,"column":15},"end":{"line":181,"column":9}},"102":{"start":{"line":180,"column":12},"end":{"line":180,"column":30}},"103":{"start":{"line":183,"column":8},"end":{"line":183,"column":22}},"104":{"start":{"line":184,"column":8},"end":{"line":184,"column":27}},"105":{"start":{"line":187,"column":4},"end":{"line":187,"column":26}}},"branchMap":{"1":{"line":43,"type":"cond-expr","locations":[{"start":{"line":43,"column":30},"end":{"line":43,"column":63}},{"start":{"line":43,"column":66},"end":{"line":43,"column":71}}]},"2":{"line":44,"type":"binary-expr","locations":[{"start":{"line":44,"column":17},"end":{"line":44,"column":31}},{"start":{"line":44,"column":35},"end":{"line":44,"column":40}}]},"3":{"line":63,"type":"if","locations":[{"start":{"line":63,"column":4},"end":{"line":63,"column":4}},{"start":{"line":63,"column":4},"end":{"line":63,"column":4}}]},"4":{"line":63,"type":"binary-expr","locations":[{"start":{"line":63,"column":8},"end":{"line":63,"column":37}},{"start":{"line":63,"column":41},"end":{"line":63,"column":70}}]},"5":{"line":70,"type":"if","locations":[{"start":{"line":70,"column":4},"end":{"line":70,"column":4}},{"start":{"line":70,"column":4},"end":{"line":70,"column":4}}]},"6":{"line":70,"type":"binary-expr","locations":[{"start":{"line":70,"column":8},"end":{"line":70,"column":28}},{"start":{"line":70,"column":32},"end":{"line":70,"column":45}}]},"7":{"line":75,"type":"if","locations":[{"start":{"line":75,"column":8},"end":{"line":75,"column":8}},{"start":{"line":75,"column":8},"end":{"line":75,"column":8}}]},"8":{"line":75,"type":"binary-expr","locations":[{"start":{"line":75,"column":12},"end":{"line":75,"column":31}},{"start":{"line":75,"column":35},"end":{"line":75,"column":49}},{"start":{"line":75,"column":53},"end":{"line":75,"column":73}}]},"9":{"line":77,"type":"binary-expr","locations":[{"start":{"line":77,"column":25},"end":{"line":77,"column":40}},{"start":{"line":77,"column":44},"end":{"line":77,"column":56}}]},"10":{"line":85,"type":"if","locations":[{"start":{"line":85,"column":12},"end":{"line":85,"column":12}},{"start":{"line":85,"column":12},"end":{"line":85,"column":12}}]},"11":{"line":86,"type":"if","locations":[{"start":{"line":86,"column":16},"end":{"line":86,"column":16}},{"start":{"line":86,"column":16},"end":{"line":86,"column":16}}]},"12":{"line":92,"type":"if","locations":[{"start":{"line":92,"column":23},"end":{"line":92,"column":23}},{"start":{"line":92,"column":23},"end":{"line":92,"column":23}}]},"13":{"line":102,"type":"if","locations":[{"start":{"line":102,"column":4},"end":{"line":102,"column":4}},{"start":{"line":102,"column":4},"end":{"line":102,"column":4}}]},"14":{"line":115,"type":"if","locations":[{"start":{"line":115,"column":4},"end":{"line":115,"column":4}},{"start":{"line":115,"column":4},"end":{"line":115,"column":4}}]},"15":{"line":116,"type":"binary-expr","locations":[{"start":{"line":116,"column":17},"end":{"line":116,"column":31}},{"start":{"line":116,"column":35},"end":{"line":116,"column":39}}]},"16":{"line":133,"type":"if","locations":[{"start":{"line":133,"column":12},"end":{"line":133,"column":12}},{"start":{"line":133,"column":12},"end":{"line":133,"column":12}}]},"17":{"line":139,"type":"if","locations":[{"start":{"line":139,"column":8},"end":{"line":139,"column":8}},{"start":{"line":139,"column":8},"end":{"line":139,"column":8}}]},"18":{"line":140,"type":"binary-expr","locations":[{"start":{"line":140,"column":27},"end":{"line":140,"column":45}},{"start":{"line":140,"column":49},"end":{"line":140,"column":50}}]},"19":{"line":164,"type":"if","locations":[{"start":{"line":164,"column":8},"end":{"line":164,"column":8}},{"start":{"line":164,"column":8},"end":{"line":164,"column":8}}]},"20":{"line":169,"type":"binary-expr","locations":[{"start":{"line":169,"column":15},"end":{"line":169,"column":19}},{"start":{"line":169,"column":23},"end":{"line":169,"column":33}}]},"21":{"line":172,"type":"if","locations":[{"start":{"line":172,"column":4},"end":{"line":172,"column":4}},{"start":{"line":172,"column":4},"end":{"line":172,"column":4}}]},"22":{"line":176,"type":"if","locations":[{"start":{"line":176,"column":4},"end":{"line":176,"column":4}},{"start":{"line":176,"column":4},"end":{"line":176,"column":4}}]},"23":{"line":177,"type":"if","locations":[{"start":{"line":177,"column":8},"end":{"line":177,"column":8}},{"start":{"line":177,"column":8},"end":{"line":177,"column":8}}]},"24":{"line":179,"type":"if","locations":[{"start":{"line":179,"column":15},"end":{"line":179,"column":15}},{"start":{"line":179,"column":15},"end":{"line":179,"column":15}}]}}}}