TN:
SF:/Users/mpaulson/workspaces/work/f2/falcor-get-coverage.js
FN:7,(anonymous_1)
FN:8,(anonymous_2)
FN:19,(anonymous_3)
FN:20,(anonymous_4)
FNF:4
FNH:4
FNDA:1,(anonymous_1)
FNDA:1,(anonymous_2)
FNDA:1,(anonymous_3)
FNDA:1,(anonymous_4)
DA:1,1
DA:2,1
DA:3,1
DA:4,1
DA:5,1
DA:8,1
DA:9,1
DA:12,1
DA:17,1
DA:18,1
DA:19,1
DA:20,1
DA:21,1
LF:13
LH:13
BRF:0
BRH:0
end_of_record
TN:
SF:/Users/mpaulson/workspaces/work/f2/lib/index.js
FN:3,falcor
FNF:1
FNH:0
FNDA:0,falcor
DA:3,1
DA:4,0
DA:7,1
DA:8,1
DA:10,0
DA:13,1
DA:15,1
LF:7
LH:5
BRDA:7,1,0,1
BRDA:7,1,1,0
BRF:2
BRH:1
end_of_record
TN:
SF:/Users/mpaulson/workspaces/work/f2/lib/Model.js
FN:30,(anonymous_1)
FN:73,Model
FN:156,preload
FN:159,(anonymous_4)
FN:165,(anonymous_5)
FN:166,(anonymous_6)
FN:167,(anonymous_7)
FN:169,(anonymous_8)
FN:184,call
FN:197,(anonymous_10)
FN:212,invalidate
FN:226,(anonymous_12)
FN:353,modelSetCache
FN:385,_getCache
FN:403,getVersion
FN:414,syncCheck
FN:422,cloneModel
FN:442,batch
FN:462,unbatch
FN:472,treatErrorsAsValues
FN:499,asDataSource
FN:503,materialize
FN:509,dematerialize
FN:519,boxValues
FN:529,unboxValues
FN:539,withoutDataSource
FN:545,toJSON
FN:584,getPath
FN:593,fromWhenceYouCame
FNF:29
FNH:1
FNDA:0,(anonymous_1)
FNDA:1,Model
FNDA:0,preload
FNDA:0,(anonymous_4)
FNDA:0,(anonymous_5)
FNDA:0,(anonymous_6)
FNDA:0,(anonymous_7)
FNDA:0,(anonymous_8)
FNDA:0,call
FNDA:0,(anonymous_10)
FNDA:0,invalidate
FNDA:0,(anonymous_12)
FNDA:0,modelSetCache
FNDA:0,_getCache
FNDA:0,getVersion
FNDA:0,syncCheck
FNDA:0,cloneModel
FNDA:0,batch
FNDA:0,unbatch
FNDA:0,treatErrorsAsValues
FNDA:0,asDataSource
FNDA:0,materialize
FNDA:0,dematerialize
FNDA:0,boxValues
FNDA:0,unboxValues
FNDA:0,withoutDataSource
FNDA:0,toJSON
FNDA:0,getPath
FNDA:0,fromWhenceYouCame
DA:1,1
DA:2,1
DA:4,1
DA:5,1
DA:6,1
DA:7,1
DA:9,1
DA:10,1
DA:11,1
DA:13,1
DA:14,1
DA:16,1
DA:17,1
DA:19,1
DA:20,1
DA:21,1
DA:22,1
DA:23,1
DA:25,1
DA:26,1
DA:27,1
DA:28,1
DA:29,1
DA:30,1
DA:31,1
DA:32,1
DA:33,1
DA:35,1
DA:37,1
DA:38,1
DA:39,1
DA:40,1
DA:73,1
DA:75,1
DA:76,1
DA:77,1
DA:78,1
DA:79,1
DA:80,1
DA:81,1
DA:83,1
DA:84,0
DA:86,1
DA:89,1
DA:90,0
DA:92,1
DA:95,1
DA:96,0
DA:99,1
DA:100,0
DA:103,1
DA:104,0
DA:105,1
DA:106,0
DA:109,1
DA:112,1
DA:113,0
DA:117,1
DA:119,1
DA:120,1
DA:121,1
DA:122,1
DA:123,1
DA:124,1
DA:132,1
DA:141,1
DA:148,1
DA:156,1
DA:157,0
DA:158,0
DA:159,0
DA:160,0
DA:163,0
DA:164,0
DA:165,0
DA:166,0
DA:168,0
DA:170,0
DA:184,1
DA:185,0
DA:186,0
DA:187,0
DA:188,0
DA:189,0
DA:190,0
DA:191,0
DA:192,0
DA:193,0
DA:197,0
DA:198,0
DA:204,0
DA:212,1
DA:213,0
DA:214,0
DA:215,0
DA:216,0
DA:217,0
DA:218,0
DA:219,0
DA:220,0
DA:225,0
DA:227,0
DA:277,1
DA:290,1
DA:307,1
DA:325,1
DA:337,1
DA:342,1
DA:347,1
DA:353,1
DA:354,0
DA:355,0
DA:356,0
DA:357,0
DA:358,0
DA:359,0
DA:360,0
DA:361,0
DA:363,0
DA:364,0
DA:365,0
DA:366,0
DA:367,0
DA:368,0
DA:370,0
DA:371,0
DA:372,0
DA:374,0
DA:385,1
DA:386,0
DA:387,0
DA:388,0
DA:391,0
DA:392,0
DA:393,0
DA:394,0
DA:395,0
DA:403,1
DA:404,0
DA:405,0
DA:406,0
DA:408,0
DA:409,0
DA:411,0
DA:414,1
DA:415,0
DA:416,0
DA:418,0
DA:422,1
DA:423,0
DA:424,0
DA:425,0
DA:426,0
DA:427,0
DA:429,0
DA:432,0
DA:433,0
DA:442,1
DA:443,0
DA:444,0
DA:445,0
DA:446,0
DA:447,0
DA:449,0
DA:450,0
DA:452,0
DA:462,1
DA:463,0
DA:464,0
DA:465,0
DA:472,1
DA:473,0
DA:499,1
DA:500,0
DA:503,1
DA:504,0
DA:509,1
DA:510,0
DA:519,1
DA:520,0
DA:529,1
DA:530,0
DA:539,1
DA:540,0
DA:545,1
DA:546,0
DA:584,1
DA:585,0
DA:593,1
DA:594,0
DA:599,1
DA:600,1
DA:601,1
DA:603,1
DA:604,1
DA:606,1
DA:607,1
DA:608,1
DA:609,1
DA:611,1
DA:612,1
LF:201
LH:98
BRDA:75,1,0,1
BRDA:75,1,1,0
BRDA:76,2,0,1
BRDA:76,2,1,1
BRDA:77,3,0,1
BRDA:77,3,1,1
BRDA:77,3,2,1
BRDA:78,4,0,1
BRDA:78,4,1,1
BRDA:78,4,2,1
BRDA:79,5,0,1
BRDA:79,5,1,0
BRDA:80,6,0,1
BRDA:80,6,1,1
BRDA:80,6,2,1
BRDA:83,7,0,0
BRDA:83,7,1,1
BRDA:86,8,0,1
BRDA:86,8,1,1
BRDA:89,9,0,0
BRDA:89,9,1,1
BRDA:92,10,0,1
BRDA:92,10,1,1
BRDA:95,11,0,0
BRDA:95,11,1,1
BRDA:95,12,0,1
BRDA:95,12,1,1
BRDA:96,13,0,0
BRDA:96,13,1,0
BRDA:99,14,0,0
BRDA:99,14,1,1
BRDA:99,15,0,1
BRDA:99,15,1,1
BRDA:100,16,0,0
BRDA:100,16,1,0
BRDA:103,17,0,0
BRDA:103,17,1,1
BRDA:105,18,0,0
BRDA:105,18,1,1
BRDA:109,19,0,1
BRDA:109,19,1,1
BRDA:109,19,2,1
BRDA:112,20,0,0
BRDA:112,20,1,1
BRDA:158,21,0,0
BRDA:158,21,1,0
BRDA:193,22,0,0
BRDA:193,22,1,0
BRDA:193,23,0,0
BRDA:193,23,1,0
BRDA:193,23,2,0
BRDA:193,23,3,0
BRDA:193,23,4,0
BRDA:193,23,5,0
BRDA:193,23,6,0
BRDA:193,23,7,0
BRDA:219,24,0,0
BRDA:219,24,1,0
BRDA:355,25,0,0
BRDA:355,25,1,0
BRDA:360,26,0,0
BRDA:360,26,1,0
BRDA:363,27,0,0
BRDA:363,27,1,0
BRDA:365,28,0,0
BRDA:365,28,1,0
BRDA:367,29,0,0
BRDA:367,29,1,0
BRDA:371,30,0,0
BRDA:371,30,1,0
BRDA:387,31,0,0
BRDA:387,31,1,0
BRDA:404,32,0,0
BRDA:404,32,1,0
BRDA:404,32,2,0
BRDA:405,33,0,0
BRDA:405,33,1,0
BRDA:408,34,0,0
BRDA:408,34,1,0
BRDA:415,35,0,0
BRDA:415,35,1,0
BRDA:415,36,0,0
BRDA:415,36,1,0
BRDA:415,36,2,0
BRDA:426,37,0,0
BRDA:426,37,1,0
BRDA:444,38,0,0
BRDA:444,38,1,0
BRDA:446,39,0,0
BRDA:446,39,1,0
BRDA:446,40,0,0
BRDA:446,40,1,0
BRDA:595,41,0,0
BRDA:595,41,1,0
BRF:94
BRH:31
end_of_record
TN:
SF:/Users/mpaulson/workspaces/work/f2/lib/ModelRoot.js
FN:5,ModelRoot
FN:28,errorSelector
FN:31,comparator
FNF:3
FNH:2
FNDA:1,ModelRoot
FNDA:0,errorSelector
FNDA:1,comparator
DA:1,1
DA:2,1
DA:3,1
DA:5,1
DA:7,1
DA:9,1
DA:10,1
DA:11,1
DA:12,1
DA:13,1
DA:15,1
DA:16,0
DA:19,1
DA:20,0
DA:23,1
DA:24,0
DA:28,1
DA:29,0
DA:31,1
DA:32,1
DA:34,0
DA:38,1
DA:41,1
LF:23
LH:18
BRDA:7,1,0,1
BRDA:7,1,1,0
BRDA:10,2,0,1
BRDA:10,2,1,1
BRDA:11,3,0,1
BRDA:11,3,1,1
BRDA:12,4,0,1
BRDA:12,4,1,1
BRDA:15,5,0,0
BRDA:15,5,1,1
BRDA:19,6,0,0
BRDA:19,6,1,1
BRDA:23,7,0,0
BRDA:23,7,1,1
BRDA:32,8,0,0
BRDA:32,8,1,1
BRDA:32,9,0,1
BRDA:32,9,1,0
BRDA:34,10,0,0
BRDA:34,10,1,0
BRDA:34,10,2,0
BRF:21
BRH:12
end_of_record
TN:
SF:/Users/mpaulson/workspaces/work/f2/lib/support/isFunction.js
FN:3,isFunction
FNF:1
FNH:1
FNDA:5,isFunction
DA:1,1
DA:3,1
DA:4,5
LF:3
LH:3
BRDA:4,1,0,5
BRDA:4,1,1,1
BRF:2
BRH:2
end_of_record
TN:
SF:/Users/mpaulson/workspaces/work/f2/lib/support/hasOwn.js
FN:4,(anonymous_1)
FNF:1
FNH:1
FNDA:45,(anonymous_1)
DA:1,1
DA:2,1
DA:4,1
DA:5,45
LF:4
LH:4
BRDA:5,1,0,45
BRDA:5,1,1,44
BRF:2
BRH:2
end_of_record
TN:
SF:/Users/mpaulson/workspaces/work/f2/lib/support/isObject.js
FN:2,isObject
FNF:1
FNH:1
FNDA:216,isObject
DA:1,1
DA:2,1
DA:3,216
LF:3
LH:3
BRDA:3,1,0,216
BRDA:3,1,1,216
BRF:2
BRH:2
end_of_record
TN:
SF:/Users/mpaulson/workspaces/work/f2/lib/schedulers/ImmediateScheduler.js
FN:1,(anonymous_1)
FN:3,ImmediateScheduler
FN:5,schedule
FN:10,scheduleWithState
FNF:4
FNH:2
FNDA:0,(anonymous_1)
FNDA:2,ImmediateScheduler
FNDA:1,schedule
FNDA:0,scheduleWithState
DA:1,1
DA:3,1
DA:5,1
DA:6,1
DA:7,1
DA:10,1
DA:11,0
DA:12,0
DA:15,1
LF:9
LH:7
BRF:0
BRH:0
end_of_record
TN:
SF:/Users/mpaulson/workspaces/work/f2/lib/ModelDataSourceAdapter.js
FN:1,ModelDataSourceAdapter
FN:5,get
FN:9,set
FN:13,call
FNF:4
FNH:0
FNDA:0,ModelDataSourceAdapter
FNDA:0,get
FNDA:0,set
FNDA:0,call
DA:1,1
DA:2,0
DA:5,1
DA:6,0
DA:9,1
DA:10,0
DA:13,1
DA:14,0
DA:15,0
DA:18,1
LF:10
LH:5
BRF:0
BRH:0
end_of_record
TN:
SF:/Users/mpaulson/workspaces/work/f2/lib/request/RequestQueueV2.js
FN:13,RequestQueueV2
FN:23,(anonymous_2)
FN:34,(anonymous_3)
FN:46,(anonymous_4)
FN:107,refCountCallback
FN:123,(anonymous_6)
FN:139,(anonymous_7)
FNF:7
FNH:4
FNDA:1,RequestQueueV2
FNDA:0,(anonymous_2)
FNDA:0,(anonymous_3)
FNDA:1,(anonymous_4)
FNDA:1,refCountCallback
FNDA:0,(anonymous_6)
FNDA:1,(anonymous_7)
DA:1,1
DA:2,1
DA:3,1
DA:4,1
DA:13,1
DA:14,1
DA:15,1
DA:16,1
DA:19,1
DA:24,0
DA:35,0
DA:36,0
DA:47,1
DA:48,1
DA:49,1
DA:50,1
DA:51,1
DA:52,1
DA:53,1
DA:54,1
DA:55,1
DA:57,1
DA:58,0
DA:59,0
DA:60,0
DA:65,0
DA:66,0
DA:72,0
DA:73,0
DA:74,0
DA:75,0
DA:76,0
DA:82,0
DA:84,0
DA:85,0
DA:86,0
DA:90,0
DA:91,0
DA:97,1
DA:98,1
DA:99,1
DA:100,1
DA:101,1
DA:103,1
DA:107,1
DA:108,1
DA:109,0
DA:112,1
DA:116,1
DA:117,1
DA:123,1
DA:124,0
DA:125,0
DA:128,0
DA:129,0
DA:130,0
DA:131,0
DA:140,1
DA:141,1
DA:142,1
DA:143,1
DA:144,1
DA:145,1
DA:151,1
LF:64
LH:38
BRDA:59,1,0,0
BRDA:59,1,1,0
BRDA:65,2,0,0
BRDA:65,2,1,0
BRDA:72,3,0,0
BRDA:72,3,1,0
BRDA:90,4,0,0
BRDA:90,4,1,0
BRDA:97,5,0,1
BRDA:97,5,1,0
BRDA:108,6,0,0
BRDA:108,6,1,1
BRDA:116,7,0,1
BRDA:116,7,1,0
BRDA:124,8,0,0
BRDA:124,8,1,0
BRDA:124,9,0,0
BRDA:124,9,1,0
BRDA:143,10,0,1
BRDA:143,10,1,0
BRF:20
BRH:4
end_of_record
TN:
SF:/Users/mpaulson/workspaces/work/f2/lib/request/RequestTypes.js
FNF:0
FNH:0
DA:1,1
LF:1
LH:1
BRF:0
BRH:0
end_of_record
TN:
SF:/Users/mpaulson/workspaces/work/f2/lib/request/sendSetRequest.js
FN:7,(anonymous_1)
FN:18,(anonymous_2)
FN:38,onNext
FN:58,onError
FN:64,(anonymous_5)
FN:74,onCompleted
FNF:6
FNH:0
FNDA:0,(anonymous_1)
FNDA:0,(anonymous_2)
FNDA:0,onNext
FNDA:0,onError
FNDA:0,(anonymous_5)
FNDA:0,onCompleted
DA:1,1
DA:2,1
DA:3,1
DA:4,1
DA:6,1
DA:7,1
DA:18,1
DA:19,0
DA:20,0
DA:21,0
DA:22,0
DA:23,0
DA:24,0
DA:28,0
DA:29,0
DA:30,0
DA:33,0
DA:34,0
DA:37,0
DA:41,0
DA:42,0
DA:47,0
DA:49,0
DA:54,0
DA:56,0
DA:57,0
DA:59,0
DA:60,0
DA:62,0
DA:64,0
DA:65,0
DA:71,0
DA:73,0
DA:75,0
DA:78,0
DA:81,1
LF:36
LH:8
BRDA:41,1,0,0
BRDA:41,1,1,0
BRDA:41,2,0,0
BRDA:41,2,1,0
BRDA:59,3,0,0
BRDA:59,3,1,0
BRDA:59,4,0,0
BRDA:59,4,1,0
BRF:8
BRH:0
end_of_record
TN:
SF:/Users/mpaulson/workspaces/work/f2/lib/support/array-map.js
FN:1,arrayMap
FNF:1
FNH:0
FNDA:0,arrayMap
DA:1,1
DA:2,0
DA:3,0
DA:4,0
DA:5,0
DA:6,0
DA:8,0
LF:7
LH:1
BRF:0
BRH:0
end_of_record
TN:
SF:/Users/mpaulson/workspaces/work/f2/lib/set/setJSONGraphs.js
FN:28,setJSONGraphs
FN:79,setJSONGraphPathSet
FN:125,setReference
FN:180,setNode
FNF:4
FNH:4
FNDA:1,setJSONGraphs
FNDA:23,setJSONGraphPathSet
FNDA:21,setReference
FNDA:74,setNode
DA:1,1
DA:2,1
DA:3,1
DA:4,1
DA:5,1
DA:6,1
DA:8,1
DA:10,1
DA:11,1
DA:12,1
DA:13,1
DA:14,1
DA:15,1
DA:16,1
DA:17,1
DA:18,1
DA:28,1
DA:30,1
DA:31,1
DA:32,1
DA:33,1
DA:34,1
DA:35,1
DA:37,1
DA:38,1
DA:39,1
DA:40,1
DA:41,1
DA:42,1
DA:44,1
DA:46,1
DA:47,1
DA:48,1
DA:50,1
DA:51,1
DA:53,1
DA:55,1
DA:56,1
DA:58,1
DA:68,1
DA:69,1
DA:71,1
DA:72,0
DA:75,1
DA:79,1
DA:85,23
DA:86,23
DA:87,23
DA:88,23
DA:89,23
DA:91,23
DA:92,32
DA:97,32
DA:98,32
DA:99,32
DA:100,32
DA:101,32
DA:102,32
DA:103,32
DA:104,22
DA:111,10
DA:112,10
DA:113,10
DA:116,32
DA:117,32
DA:118,23
DA:120,9
DA:125,1
DA:129,21
DA:130,21
DA:131,21
DA:133,21
DA:134,0
DA:135,0
DA:136,0
DA:139,21
DA:141,21
DA:142,21
DA:143,21
DA:144,21
DA:145,21
DA:147,21
DA:148,42
DA:149,42
DA:150,42
DA:152,42
DA:157,42
DA:158,42
DA:159,0
DA:160,0
DA:162,42
DA:163,42
DA:164,42
DA:167,21
DA:169,21
DA:170,12
DA:171,12
DA:172,12
DA:173,12
DA:174,12
DA:177,21
DA:180,1
DA:185,74
DA:187,74
DA:189,21
DA:194,21
DA:196,21
DA:197,0
DA:200,21
DA:201,21
DA:202,21
DA:203,21
DA:206,74
DA:207,0
DA:210,74
DA:211,0
DA:212,0
DA:213,0
DA:214,0
DA:217,74
DA:218,74
DA:219,74
DA:220,74
DA:223,74
DA:228,74
LF:125
LH:113
BRDA:71,1,0,0
BRDA:71,1,1,1
BRDA:71,2,0,1
BRDA:71,2,1,0
BRDA:102,3,0,32
BRDA:102,3,1,0
BRDA:103,4,0,22
BRDA:103,4,1,10
BRDA:117,5,0,23
BRDA:117,5,1,9
BRDA:133,6,0,0
BRDA:133,6,1,21
BRDA:158,7,0,0
BRDA:158,7,1,42
BRDA:169,8,0,12
BRDA:169,8,1,9
BRDA:170,9,0,12
BRDA:170,9,1,12
BRDA:196,10,0,0
BRDA:196,10,1,21
BRDA:206,11,0,0
BRDA:206,11,1,74
BRDA:210,12,0,0
BRDA:210,12,1,74
BRDA:211,13,0,0
BRDA:211,13,1,0
BRDA:213,14,0,0
BRDA:213,14,1,0
BRDA:220,15,0,74
BRDA:220,15,1,74
BRF:30
BRH:18
end_of_record
TN:
SF:/Users/mpaulson/workspaces/work/f2/lib/internal/key.js
FNF:0
FNH:0
DA:1,1
LF:1
LH:1
BRF:0
BRH:0
end_of_record
TN:
SF:/Users/mpaulson/workspaces/work/f2/lib/internal/prefix.js
FNF:0
FNH:0
DA:5,1
LF:1
LH:1
BRF:0
BRH:0
end_of_record
TN:
SF:/Users/mpaulson/workspaces/work/f2/lib/internal/ref.js
FNF:0
FNH:0
DA:1,1
LF:1
LH:1
BRF:0
BRH:0
end_of_record
TN:
SF:/Users/mpaulson/workspaces/work/f2/lib/internal/context.js
FNF:0
FNH:0
DA:1,1
LF:1
LH:1
BRF:0
BRH:0
end_of_record
TN:
SF:/Users/mpaulson/workspaces/work/f2/lib/internal/version.js
FNF:0
FNH:0
DA:1,1
LF:1
LH:1
BRF:0
BRH:0
end_of_record
TN:
SF:/Users/mpaulson/workspaces/work/f2/lib/internal/ref-index.js
FNF:0
FNH:0
DA:1,1
LF:1
LH:1
BRF:0
BRH:0
end_of_record
TN:
SF:/Users/mpaulson/workspaces/work/f2/lib/internal/refs-length.js
FNF:0
FNH:0
DA:1,1
LF:1
LH:1
BRF:0
BRH:0
end_of_record
TN:
SF:/Users/mpaulson/workspaces/work/f2/lib/types/ref.js
FNF:0
FNH:0
DA:1,1
LF:1
LH:1
BRF:0
BRH:0
end_of_record
TN:
SF:/Users/mpaulson/workspaces/work/f2/lib/lru/promote.js
FN:9,lruPromote
FNF:1
FNH:1
FNDA:75,lruPromote
DA:1,1
DA:2,1
DA:3,1
DA:4,1
DA:5,1
DA:9,1
DA:11,75
DA:12,0
DA:15,75
DA:18,75
DA:19,1
DA:20,1
DA:23,74
DA:24,22
DA:29,52
DA:30,52
DA:31,52
DA:32,10
DA:34,52
DA:35,31
DA:37,52
DA:40,52
DA:41,52
DA:42,52
DA:45,52
DA:46,21
LF:26
LH:25
BRDA:11,1,0,0
BRDA:11,1,1,75
BRDA:18,2,0,1
BRDA:18,2,1,74
BRDA:23,3,0,22
BRDA:23,3,1,52
BRDA:31,4,0,10
BRDA:31,4,1,42
BRDA:34,5,0,31
BRDA:34,5,1,21
BRDA:45,6,0,21
BRDA:45,6,1,31
BRF:12
BRH:11
end_of_record
TN:
SF:/Users/mpaulson/workspaces/work/f2/lib/internal/head.js
FNF:0
FNH:0
DA:1,1
LF:1
LH:1
BRF:0
BRH:0
end_of_record
TN:
SF:/Users/mpaulson/workspaces/work/f2/lib/internal/tail.js
FNF:0
FNH:0
DA:1,1
LF:1
LH:1
BRF:0
BRH:0
end_of_record
TN:
SF:/Users/mpaulson/workspaces/work/f2/lib/internal/next.js
FNF:0
FNH:0
DA:1,1
LF:1
LH:1
BRF:0
BRH:0
end_of_record
TN:
SF:/Users/mpaulson/workspaces/work/f2/lib/internal/prev.js
FNF:0
FNH:0
DA:1,1
LF:1
LH:1
BRF:0
BRH:0
end_of_record
TN:
SF:/Users/mpaulson/workspaces/work/f2/lib/values/expires-never.js
FNF:0
FNH:0
DA:1,1
LF:1
LH:1
BRF:0
BRH:0
end_of_record
TN:
SF:/Users/mpaulson/workspaces/work/f2/lib/support/isAlreadyExpired.js
FN:5,isAlreadyExpired
FNF:1
FNH:1
FNDA:21,isAlreadyExpired
DA:1,1
DA:2,1
DA:3,1
DA:5,1
DA:6,21
DA:7,21
LF:6
LH:6
BRDA:7,1,0,21
BRDA:7,1,1,0
BRDA:7,1,2,0
BRDA:7,1,3,0
BRF:4
BRH:1
end_of_record
TN:
SF:/Users/mpaulson/workspaces/work/f2/lib/support/now.js
FNF:0
FNH:0
DA:1,1
LF:1
LH:1
BRF:0
BRH:0
end_of_record
TN:
SF:/Users/mpaulson/workspaces/work/f2/lib/values/expires-now.js
FNF:0
FNH:0
DA:1,1
LF:1
LH:1
BRF:0
BRH:0
end_of_record
TN:
SF:/Users/mpaulson/workspaces/work/f2/lib/support/isPrimitive.js
FN:2,isPrimitive
FNF:1
FNH:1
FNDA:63,isPrimitive
DA:1,1
DA:2,1
DA:3,63
LF:3
LH:3
BRDA:3,1,0,63
BRDA:3,1,1,63
BRF:2
BRH:2
end_of_record
TN:
SF:/Users/mpaulson/workspaces/work/f2/lib/support/expireNode.js
FN:4,expireNode
FNF:1
FNH:0
FNDA:0,expireNode
DA:1,1
DA:2,1
DA:4,1
DA:5,0
DA:6,0
DA:7,0
DA:8,0
DA:10,0
LF:8
LH:3
BRDA:5,1,0,0
BRDA:5,1,1,0
BRF:2
BRH:0
end_of_record
TN:
SF:/Users/mpaulson/workspaces/work/f2/lib/lru/splice.js
FN:6,lruSplice
FNF:1
FNH:0
FNDA:0,lruSplice
DA:1,1
DA:2,1
DA:3,1
DA:4,1
DA:6,1
DA:9,0
DA:10,0
DA:11,0
DA:12,0
DA:14,0
DA:15,0
DA:17,0
DA:19,0
DA:20,0
DA:22,0
DA:23,0
LF:16
LH:5
BRDA:11,1,0,0
BRDA:11,1,1,0
BRDA:14,2,0,0
BRDA:14,2,1,0
BRDA:19,3,0,0
BRDA:19,3,1,0
BRDA:22,4,0,0
BRDA:22,4,1,0
BRF:8
BRH:0
end_of_record
TN:
SF:/Users/mpaulson/workspaces/work/f2/lib/internal/invalidated.js
FNF:0
FNH:0
DA:1,1
LF:1
LH:1
BRF:0
BRH:0
end_of_record
TN:
SF:/Users/mpaulson/workspaces/work/f2/lib/support/incrementVersion.js
FN:2,incrementVersion
FNF:1
FNH:1
FNDA:1,incrementVersion
DA:1,1
DA:2,1
DA:3,1
LF:3
LH:3
BRF:0
BRH:0
end_of_record
TN:
SF:/Users/mpaulson/workspaces/work/f2/lib/support/mergeJSONGraphNode.js
FN:18,mergeJSONGraphNode
FNF:1
FNH:1
FNDA:74,mergeJSONGraphNode
DA:1,1
DA:3,1
DA:4,1
DA:5,1
DA:6,1
DA:7,1
DA:8,1
DA:9,1
DA:11,1
DA:12,1
DA:13,1
DA:14,1
DA:15,1
DA:16,1
DA:18,1
DA:22,74
DA:24,74
DA:36,74
DA:40,70
DA:41,0
DA:42,0
DA:43,0
DA:44,0
DA:45,0
DA:49,70
DA:50,0
DA:54,70
DA:55,70
DA:57,70
DA:58,70
DA:61,49
DA:62,22
DA:64,49
DA:69,4
DA:70,4
DA:71,0
DA:76,25
DA:77,14
DA:78,14
DA:79,14
DA:81,14
DA:84,0
DA:85,0
DA:92,11
DA:95,0
DA:96,0
DA:97,0
DA:99,0
DA:101,11
DA:102,11
DA:103,11
DA:106,11
DA:107,11
DA:113,11
DA:114,0
DA:118,0
DA:119,0
DA:129,0
DA:130,0
DA:138,25
DA:139,0
DA:142,25
DA:147,22
DA:148,21
DA:149,21
DA:150,21
DA:151,21
DA:159,1
DA:162,1
DA:169,1
DA:171,1
DA:172,1
DA:175,1
DA:176,1
DA:178,1
DA:179,0
DA:182,1
DA:183,1
DA:184,1
DA:185,1
DA:190,22
DA:191,0
DA:193,22
DA:196,3
DA:197,3
DA:200,25
LF:86
LH:65
BRDA:36,1,0,70
BRDA:36,1,1,4
BRDA:40,2,0,0
BRDA:40,2,1,70
BRDA:49,3,0,0
BRDA:49,3,1,70
BRDA:55,4,0,70
BRDA:55,4,1,0
BRDA:58,5,0,49
BRDA:58,5,1,21
BRDA:61,6,0,22
BRDA:61,6,1,27
BRDA:70,7,0,0
BRDA:70,7,1,4
BRDA:76,8,0,14
BRDA:76,8,1,11
BRDA:78,9,0,14
BRDA:78,9,1,0
BRDA:81,10,0,0
BRDA:81,10,1,14
BRDA:81,11,0,14
BRDA:81,11,1,10
BRDA:84,12,0,0
BRDA:84,12,1,0
BRDA:84,13,0,0
BRDA:84,13,1,0
BRDA:84,13,2,0
BRDA:92,14,0,0
BRDA:92,14,1,11
BRDA:95,15,0,0
BRDA:95,15,1,0
BRDA:102,16,0,11
BRDA:102,16,1,0
BRDA:106,17,0,11
BRDA:106,17,1,0
BRDA:107,18,0,11
BRDA:107,18,1,0
BRDA:113,19,0,0
BRDA:113,19,1,11
BRDA:129,20,0,0
BRDA:129,20,1,0
BRDA:129,21,0,0
BRDA:129,21,1,0
BRDA:129,21,2,0
BRDA:138,22,0,0
BRDA:138,22,1,25
BRDA:138,23,0,25
BRDA:138,23,1,21
BRDA:138,23,2,21
BRDA:142,24,0,22
BRDA:142,24,1,3
BRDA:142,25,0,25
BRDA:142,25,1,3
BRDA:147,26,0,21
BRDA:147,26,1,1
BRDA:147,27,0,22
BRDA:147,27,1,22
BRDA:148,28,0,21
BRDA:148,28,1,0
BRDA:162,29,0,1
BRDA:162,29,1,0
BRDA:162,30,0,1
BRDA:162,30,1,1
BRDA:171,31,0,1
BRDA:171,31,1,0
BRDA:171,32,0,1
BRDA:171,32,1,1
BRDA:171,32,2,1
BRDA:175,33,0,1
BRDA:175,33,1,0
BRDA:176,34,0,1
BRDA:176,34,1,0
BRDA:178,35,0,0
BRDA:178,35,1,1
BRDA:178,36,0,1
BRDA:178,36,1,0
BRDA:190,37,0,0
BRDA:190,37,1,22
BRDA:196,38,0,3
BRDA:196,38,1,0
BRF:80
BRH:47
end_of_record
TN:
SF:/Users/mpaulson/workspaces/work/f2/lib/internal/parent.js
FNF:0
FNH:0
DA:1,1
LF:1
LH:1
BRF:0
BRH:0
end_of_record
TN:
SF:/Users/mpaulson/workspaces/work/f2/lib/types/error.js
FNF:0
FNH:0
DA:1,1
LF:1
LH:1
BRF:0
BRH:0
end_of_record
TN:
SF:/Users/mpaulson/workspaces/work/f2/lib/support/getSize.js
FN:2,getSize
FNF:1
FNH:1
FNDA:25,getSize
DA:1,1
DA:2,1
DA:3,25
LF:3
LH:3
BRDA:3,1,0,25
BRDA:3,1,1,24
BRDA:3,1,2,23
BRF:3
BRH:3
end_of_record
TN:
SF:/Users/mpaulson/workspaces/work/f2/lib/support/getTimestamp.js
FN:2,getTimestamp
FNF:1
FNH:1
FNDA:2,getTimestamp
DA:1,1
DA:2,1
DA:3,2
LF:3
LH:3
BRDA:3,1,0,2
BRDA:3,1,1,1
BRDA:3,1,2,2
BRF:3
BRH:3
end_of_record
TN:
SF:/Users/mpaulson/workspaces/work/f2/lib/support/isExpired.js
FN:5,isExpired
FNF:1
FNH:1
FNDA:22,isExpired
DA:1,1
DA:2,1
DA:3,1
DA:5,1
DA:6,22
DA:7,22
LF:6
LH:6
BRDA:7,1,0,22
BRDA:7,1,1,0
BRDA:7,1,2,0
BRDA:7,1,3,0
BRF:4
BRH:1
end_of_record
TN:
SF:/Users/mpaulson/workspaces/work/f2/lib/support/wrapNode.js
FN:16,wrapNode
FNF:1
FNH:1
FNDA:22,wrapNode
DA:1,1
DA:2,1
DA:4,1
DA:5,1
DA:7,1
DA:9,1
DA:11,1
DA:12,1
DA:13,1
DA:14,1
DA:16,1
DA:18,22
DA:19,22
DA:20,22
DA:22,22
DA:23,22
DA:24,22
DA:25,22
DA:27,0
DA:28,0
DA:29,0
DA:32,22
DA:33,0
DA:34,22
DA:35,22
DA:37,12
DA:38,12
DA:40,0
DA:42,12
DA:44,10
DA:45,10
DA:47,0
DA:48,0
DA:52,22
DA:54,22
DA:55,0
DA:58,22
DA:60,22
LF:38
LH:30
BRDA:22,1,0,22
BRDA:22,1,1,0
BRDA:32,2,0,0
BRDA:32,2,1,22
BRDA:34,3,0,22
BRDA:34,3,1,0
BRDA:34,4,0,22
BRDA:34,4,1,22
BRDA:35,5,0,12
BRDA:35,5,1,10
BRDA:35,5,2,0
BRDA:37,6,0,12
BRDA:37,6,1,0
BRDA:54,7,0,0
BRDA:54,7,1,22
BRDA:54,8,0,22
BRDA:54,8,1,0
BRF:17
BRH:10
end_of_record
TN:
SF:/Users/mpaulson/workspaces/work/f2/lib/internal/model-created.js
FNF:0
FNH:0
DA:1,1
LF:1
LH:1
BRF:0
BRH:0
end_of_record
TN:
SF:/Users/mpaulson/workspaces/work/f2/lib/support/clone.js
FN:6,clone
FNF:1
FNH:1
FNDA:22,clone
DA:1,1
DA:2,1
DA:3,1
DA:4,1
DA:6,1
DA:7,22
DA:8,22
DA:9,22
DA:10,22
DA:11,22
DA:12,44
DA:13,0
DA:15,44
DA:18,22
LF:14
LH:13
BRDA:8,1,0,22
BRDA:8,1,1,0
BRDA:9,2,0,0
BRDA:9,2,1,22
BRDA:12,3,0,0
BRDA:12,3,1,44
BRDA:12,4,0,44
BRDA:12,4,1,44
BRF:8
BRH:5
end_of_record
TN:
SF:/Users/mpaulson/workspaces/work/f2/lib/support/getExpires.js
FN:2,getSize
FNF:1
FNH:1
FNDA:22,getSize
DA:1,1
DA:2,1
DA:3,22
LF:3
LH:3
BRDA:3,1,0,22
BRDA:3,1,1,22
BRDA:3,1,2,22
BRF:3
BRH:3
end_of_record
TN:
SF:/Users/mpaulson/workspaces/work/f2/lib/support/insertNode.js
FN:6,insertNode
FNF:1
FNH:1
FNDA:47,insertNode
DA:1,1
DA:2,1
DA:3,1
DA:4,1
DA:6,1
DA:7,47
DA:8,47
DA:10,47
DA:11,44
DA:13,47
DA:14,47
DA:17,47
DA:19,47
LF:13
LH:13
BRDA:10,1,0,44
BRDA:10,1,1,3
BRDA:13,2,0,47
BRDA:13,2,1,0
BRF:4
BRH:3
end_of_record
TN:
SF:/Users/mpaulson/workspaces/work/f2/lib/internal/absolutePath.js
FNF:0
FNH:0
DA:1,1
LF:1
LH:1
BRF:0
BRH:0
end_of_record
TN:
SF:/Users/mpaulson/workspaces/work/f2/lib/support/replaceNode.js
FN:5,replaceNode
FNF:1
FNH:1
FNDA:1,replaceNode
DA:1,1
DA:2,1
DA:3,1
DA:5,1
DA:6,1
DA:7,0
DA:8,1
DA:9,0
DA:10,0
DA:13,1
DA:14,1
LF:11
LH:8
BRDA:6,1,0,0
BRDA:6,1,1,1
BRDA:8,2,0,0
BRDA:8,2,1,1
BRF:4
BRH:2
end_of_record
TN:
SF:/Users/mpaulson/workspaces/work/f2/lib/support/transferBackReferences.js
FN:5,transferBackReferences
FNF:1
FNH:0
FNDA:0,transferBackReferences
DA:1,1
DA:2,1
DA:3,1
DA:5,1
DA:6,0
DA:9,0
DA:10,0
DA:11,0
DA:12,0
DA:13,0
DA:14,0
DA:17,0
DA:18,0
DA:19,0
LF:14
LH:4
BRDA:6,1,0,0
BRDA:6,1,1,0
BRDA:7,2,0,0
BRDA:7,2,1,0
BRDA:11,3,0,0
BRDA:11,3,1,0
BRF:6
BRH:0
end_of_record
TN:
SF:/Users/mpaulson/workspaces/work/f2/lib/support/removeNodeAndDescendants.js
FN:5,removeNodeAndDescendants
FNF:1
FNH:0
FNDA:0,removeNodeAndDescendants
DA:1,1
DA:2,1
DA:3,1
DA:5,1
DA:6,0
DA:7,0
DA:8,0
DA:9,0
DA:10,0
DA:14,0
DA:16,0
LF:11
LH:4
BRDA:6,1,0,0
BRDA:6,1,1,0
BRDA:7,2,0,0
BRDA:7,2,1,0
BRDA:9,3,0,0
BRDA:9,3,1,0
BRDA:9,4,0,0
BRDA:9,4,1,0
BRDA:9,4,2,0
BRF:9
BRH:0
end_of_record
TN:
SF:/Users/mpaulson/workspaces/work/f2/lib/support/removeNode.js
FN:8,removeNode
FNF:1
FNH:0
FNDA:0,removeNode
DA:1,1
DA:2,1
DA:3,1
DA:4,1
DA:5,1
DA:6,1
DA:8,1
DA:9,0
DA:10,0
DA:11,0
DA:12,0
DA:13,0
DA:15,0
DA:17,0
DA:18,0
DA:19,0
DA:21,0
LF:17
LH:7
BRDA:9,1,0,0
BRDA:9,1,1,0
BRDA:11,2,0,0
BRDA:11,2,1,0
BRDA:12,3,0,0
BRDA:12,3,1,0
BRF:6
BRH:0
end_of_record
TN:
SF:/Users/mpaulson/workspaces/work/f2/lib/support/unlinkBackReferences.js
FN:6,unlinkBackReferences
FNF:1
FNH:0
FNDA:0,unlinkBackReferences
DA:1,1
DA:2,1
DA:3,1
DA:4,1
DA:6,1
DA:7,0
DA:8,0
DA:9,0
DA:10,0
DA:11,0
DA:14,0
DA:15,0
LF:12
LH:5
BRDA:7,1,0,0
BRDA:7,1,1,0
BRDA:10,2,0,0
BRDA:10,2,1,0
BRF:4
BRH:0
end_of_record
TN:
SF:/Users/mpaulson/workspaces/work/f2/lib/support/unlinkForwardReference.js
FN:6,unlinkForwardReference
FNF:1
FNH:0
FNDA:0,unlinkForwardReference
DA:1,1
DA:2,1
DA:3,1
DA:4,1
DA:6,1
DA:7,0
DA:8,0
DA:9,0
DA:11,0
DA:12,0
DA:14,0
DA:15,0
DA:17,0
LF:13
LH:5
BRDA:8,1,0,0
BRDA:8,1,1,0
BRDA:9,2,0,0
BRDA:9,2,1,0
BRDA:10,3,0,0
BRDA:10,3,1,0
BRF:6
BRH:0
end_of_record
TN:
SF:/Users/mpaulson/workspaces/work/f2/lib/support/updateNodeAncestors.js
FN:7,updateNodeAncestors
FNF:1
FNH:1
FNDA:22,updateNodeAncestors
DA:1,1
DA:2,1
DA:3,1
DA:4,1
DA:5,1
DA:7,1
DA:8,22
DA:9,22
DA:10,74
DA:11,74
DA:12,74
DA:13,0
DA:14,74
DA:15,4
DA:17,74
DA:19,22
LF:16
LH:15
BRDA:11,1,0,74
BRDA:11,1,1,26
BRDA:12,2,0,0
BRDA:12,2,1,74
BRDA:12,3,0,74
BRDA:12,3,1,0
BRDA:14,4,0,4
BRDA:14,4,1,70
BRF:8
BRH:6
end_of_record
TN:
SF:/Users/mpaulson/workspaces/work/f2/lib/support/updateBackReferenceVersions.js
FN:6,updateBackReferenceVersions
FNF:1
FNH:1
FNDA:4,updateBackReferenceVersions
DA:1,1
DA:2,1
DA:3,1
DA:4,1
DA:6,1
DA:7,4
DA:8,4
DA:9,4
DA:10,8
DA:11,8
DA:12,4
DA:13,4
DA:14,4
DA:15,4
DA:16,4
DA:17,0
DA:21,4
LF:17
LH:16
BRDA:11,1,0,4
BRDA:11,1,1,4
BRDA:11,2,0,8
BRDA:11,2,1,8
BRDA:15,3,0,4
BRDA:15,3,1,4
BRF:6
BRH:6
end_of_record
TN:
SF:/Users/mpaulson/workspaces/work/f2/lib/errors/NullInPathError.js
FN:7,NullInPathError
FNF:1
FNH:0
FNDA:0,NullInPathError
DA:1,1
DA:2,1
DA:7,1
DA:8,0
DA:9,0
DA:13,1
DA:14,1
DA:15,1
DA:17,1
LF:9
LH:7
BRF:0
BRH:0
end_of_record
TN:
SF:/Users/mpaulson/workspaces/work/f2/lib/set/setPathValues.js
FN:31,setPathValues
FN:76,setPathSet
FN:121,setReference
FN:184,setNode
FNF:4
FNH:0
FNDA:0,setPathValues
FNDA:0,setPathSet
FNDA:0,setReference
FNDA:0,setNode
DA:1,1
DA:2,1
DA:3,1
DA:4,1
DA:5,1
DA:6,1
DA:7,1
DA:9,1
DA:11,1
DA:13,1
DA:14,1
DA:15,1
DA:16,1
DA:17,1
DA:18,1
DA:19,1
DA:20,1
DA:21,1
DA:31,1
DA:33,0
DA:34,0
DA:35,0
DA:36,0
DA:37,0
DA:38,0
DA:39,0
DA:40,0
DA:41,0
DA:43,0
DA:44,0
DA:45,0
DA:46,0
DA:47,0
DA:48,0
DA:50,0
DA:52,0
DA:53,0
DA:54,0
DA:55,0
DA:56,0
DA:58,0
DA:65,0
DA:66,0
DA:68,0
DA:69,0
DA:72,0
DA:76,1
DA:81,0
DA:82,0
DA:83,0
DA:84,0
DA:85,0
DA:87,0
DA:88,0
DA:93,0
DA:94,0
DA:95,0
DA:96,0
DA:97,0
DA:98,0
DA:99,0
DA:100,0
DA:107,0
DA:108,0
DA:109,0
DA:112,0
DA:113,0
DA:114,0
DA:116,0
DA:121,1
DA:125,0
DA:126,0
DA:127,0
DA:129,0
DA:130,0
DA:131,0
DA:132,0
DA:135,0
DA:137,0
DA:138,0
DA:140,0
DA:142,0
DA:143,0
DA:144,0
DA:147,0
DA:148,0
DA:150,0
DA:152,0
DA:153,0
DA:154,0
DA:155,0
DA:157,0
DA:162,0
DA:163,0
DA:164,0
DA:165,0
DA:167,0
DA:170,0
DA:172,0
DA:173,0
DA:174,0
DA:175,0
DA:176,0
DA:177,0
DA:181,0
DA:184,1
DA:189,0
DA:191,0
DA:193,0
DA:198,0
DA:200,0
DA:201,0
DA:204,0
DA:205,0
DA:208,0
DA:209,0
DA:212,0
DA:213,0
DA:214,0
DA:215,0
DA:216,0
DA:219,0
DA:220,0
DA:223,0
DA:229,0
LF:125
LH:22
BRDA:39,1,0,0
BRDA:39,1,1,0
BRDA:40,2,0,0
BRDA:40,2,1,0
BRDA:68,3,0,0
BRDA:68,3,1,0
BRDA:68,4,0,0
BRDA:68,4,1,0
BRDA:98,5,0,0
BRDA:98,5,1,0
BRDA:99,6,0,0
BRDA:99,6,1,0
BRDA:113,7,0,0
BRDA:113,7,1,0
BRDA:129,8,0,0
BRDA:129,8,1,0
BRDA:142,9,0,0
BRDA:142,9,1,0
BRDA:143,10,0,0
BRDA:143,10,1,0
BRDA:163,11,0,0
BRDA:163,11,1,0
BRDA:172,12,0,0
BRDA:172,12,1,0
BRDA:173,13,0,0
BRDA:173,13,1,0
BRDA:200,14,0,0
BRDA:200,14,1,0
BRDA:208,15,0,0
BRDA:208,15,1,0
BRDA:212,16,0,0
BRDA:212,16,1,0
BRDA:213,17,0,0
BRDA:213,17,1,0
BRDA:215,18,0,0
BRDA:215,18,1,0
BRF:36
BRH:0
end_of_record
TN:
SF:/Users/mpaulson/workspaces/work/f2/lib/get/getBoundValue.js
FN:4,getBoundValue
FNF:1
FNH:0
FNDA:0,getBoundValue
DA:1,1
DA:2,1
DA:4,1
DA:6,0
DA:7,0
DA:8,0
DA:11,0
DA:12,0
DA:13,0
DA:15,0
DA:16,0
DA:17,0
DA:19,0
DA:21,0
DA:22,0
DA:23,0
DA:25,0
DA:26,0
DA:27,0
DA:28,0
DA:30,0
DA:31,0
DA:34,0
DA:35,0
DA:38,0
LF:25
LH:3
BRDA:16,1,0,0
BRDA:16,1,1,0
BRDA:30,2,0,0
BRDA:30,2,1,0
BRDA:34,3,0,0
BRDA:34,3,1,0
BRDA:34,4,0,0
BRDA:34,4,1,0
BRF:8
BRH:0
end_of_record
TN:
SF:/Users/mpaulson/workspaces/work/f2/lib/get/getValueSync.js
FN:9,getValueSync
FNF:1
FNH:0
FNDA:0,getValueSync
DA:1,1
DA:2,1
DA:3,1
DA:4,1
DA:5,1
DA:6,1
DA:7,1
DA:9,1
DA:10,0
DA:11,0
DA:12,0
DA:13,0
DA:14,0
DA:15,0
DA:16,0
DA:18,0
DA:19,0
DA:20,0
DA:21,0
DA:22,0
DA:25,0
DA:26,0
DA:27,0
DA:28,0
DA:29,0
DA:32,0
DA:36,0
DA:37,0
DA:38,0
DA:39,0
DA:44,0
DA:45,0
DA:46,0
DA:47,0
DA:48,0
DA:50,0
DA:51,0
DA:52,0
DA:55,0
DA:56,0
DA:61,0
DA:63,0
DA:66,0
DA:68,0
DA:69,0
DA:70,0
DA:71,0
DA:75,0
DA:76,0
DA:77,0
DA:79,0
DA:82,0
DA:83,0
DA:84,0
DA:90,0
DA:91,0
DA:92,0
DA:94,0
DA:99,0
DA:100,0
DA:104,0
DA:105,0
DA:106,0
DA:107,0
DA:108,0
DA:109,0
DA:112,0
LF:67
LH:8
BRDA:18,1,0,0
BRDA:18,1,1,0
BRDA:20,2,0,0
BRDA:20,2,1,0
BRDA:25,3,0,0
BRDA:25,3,1,0
BRDA:36,4,0,0
BRDA:36,4,1,0
BRDA:37,5,0,0
BRDA:37,5,1,0
BRDA:37,6,0,0
BRDA:37,6,1,0
BRDA:44,7,0,0
BRDA:44,7,1,0
BRDA:55,8,0,0
BRDA:55,8,1,0
BRDA:66,9,0,0
BRDA:66,9,1,0
BRDA:69,10,0,0
BRDA:69,10,1,0
BRDA:75,11,0,0
BRDA:75,11,1,0
BRDA:83,12,0,0
BRDA:83,12,1,0
BRDA:90,13,0,0
BRDA:90,13,1,0
BRDA:90,14,0,0
BRDA:90,14,1,0
BRDA:91,15,0,0
BRDA:91,15,1,0
BRDA:99,16,0,0
BRDA:99,16,1,0
BRDA:99,17,0,0
BRDA:99,17,1,0
BRDA:99,17,2,0
BRDA:101,18,0,0
BRDA:101,18,1,0
BRDA:104,19,0,0
BRDA:104,19,1,0
BRDA:104,20,0,0
BRDA:104,20,1,0
BRDA:105,21,0,0
BRDA:105,21,1,0
BRDA:105,22,0,0
BRDA:105,22,1,0
BRDA:106,23,0,0
BRDA:106,23,1,0
BRDA:106,24,0,0
BRDA:106,24,1,0
BRDA:108,25,0,0
BRDA:108,25,1,0
BRF:51
BRH:0
end_of_record
TN:
SF:/Users/mpaulson/workspaces/work/f2/lib/get/followReference.js
FN:10,followReference
FNF:1
FNH:1
FNDA:12,followReference
DA:1,1
DA:2,1
DA:3,1
DA:4,1
DA:5,1
DA:6,1
DA:7,1
DA:10,1
DA:13,12
DA:14,12
DA:15,12
DA:16,12
DA:17,12
DA:19,12
DA:20,12
DA:21,12
DA:22,12
DA:24,0
DA:25,0
DA:27,12
DA:28,12
DA:29,12
DA:31,12
DA:32,0
DA:33,0
DA:34,0
DA:37,0
DA:38,0
DA:44,12
DA:46,12
DA:47,0
DA:50,12
DA:51,0
DA:55,12
DA:58,0
DA:59,0
DA:62,0
DA:65,0
DA:66,0
DA:67,0
DA:68,0
DA:69,0
DA:72,12
DA:75,0
DA:77,0
DA:81,12
DA:82,0
DA:83,0
DA:84,0
DA:86,0
DA:89,12
DA:93,1
LF:52
LH:29
BRDA:20,1,0,12
BRDA:20,1,1,0
BRDA:20,2,0,12
BRDA:20,2,1,12
BRDA:27,3,0,12
BRDA:27,3,1,0
BRDA:29,4,0,12
BRDA:29,4,1,0
BRDA:29,4,2,12
BRDA:31,5,0,0
BRDA:31,5,1,12
BRDA:32,6,0,0
BRDA:32,6,1,0
BRDA:46,7,0,0
BRDA:46,7,1,12
BRDA:46,8,0,12
BRDA:46,8,1,0
BRDA:50,9,0,0
BRDA:50,9,1,12
BRDA:55,10,0,0
BRDA:55,10,1,12
BRDA:58,11,0,0
BRDA:58,11,1,0
BRDA:81,12,0,0
BRDA:81,12,1,12
BRDA:81,13,0,12
BRDA:81,13,1,0
BRF:27
BRH:13
end_of_record
TN:
SF:/Users/mpaulson/workspaces/work/f2/lib/get/util/hardlink.js
FN:6,createHardlink
FNF:1
FNH:0
FNDA:0,createHardlink
DA:1,1
DA:2,1
DA:3,1
DA:4,1
DA:6,1
DA:9,0
DA:10,0
DA:11,0
DA:14,0
DA:15,0
DA:18,1
LF:11
LH:6
BRDA:9,1,0,0
BRDA:9,1,1,0
BRF:2
BRH:0
end_of_record
TN:
SF:/Users/mpaulson/workspaces/work/f2/lib/get/onValue.js
FN:8,onValue
FNF:1
FNH:1
FNDA:10,onValue
DA:1,1
DA:2,1
DA:3,1
DA:4,1
DA:5,1
DA:6,1
DA:8,1
DA:12,10
DA:13,0
DA:16,10
DA:17,10
DA:19,10
DA:20,10
DA:23,10
DA:24,0
DA:28,10
DA:29,0
DA:33,10
DA:34,0
DA:38,10
DA:39,0
DA:40,0
DA:42,0
DA:46,10
DA:47,0
DA:48,0
DA:49,0
DA:50,0
DA:52,0
DA:57,10
DA:60,10
DA:61,10
DA:64,10
DA:65,0
DA:66,0
DA:67,0
DA:68,0
DA:70,0
DA:71,0
DA:73,0
DA:74,0
DA:76,0
DA:80,0
DA:83,0
DA:84,0
DA:85,0
DA:91,10
DA:92,0
DA:98,10
DA:99,10
DA:100,1
DA:102,10
DA:103,40
DA:107,40
DA:108,22
DA:111,40
DA:112,40
DA:113,40
DA:115,10
DA:116,10
DA:117,10
DA:119,0
LF:62
LH:35
BRDA:12,1,0,0
BRDA:12,1,1,10
BRDA:19,2,0,10
BRDA:19,2,1,0
BRDA:23,3,0,0
BRDA:23,3,1,10
BRDA:23,4,0,10
BRDA:23,4,1,10
BRDA:28,5,0,0
BRDA:28,5,1,10
BRDA:33,6,0,0
BRDA:33,6,1,10
BRDA:38,7,0,0
BRDA:38,7,1,10
BRDA:38,8,0,10
BRDA:38,8,1,10
BRDA:39,9,0,0
BRDA:39,9,1,0
BRDA:46,10,0,0
BRDA:46,10,1,10
BRDA:47,11,0,0
BRDA:47,11,1,0
BRDA:49,12,0,0
BRDA:49,12,1,0
BRDA:49,13,0,0
BRDA:49,13,1,0
BRDA:60,14,0,10
BRDA:60,14,1,0
BRDA:64,15,0,0
BRDA:64,15,1,10
BRDA:66,16,0,0
BRDA:66,16,1,0
BRDA:73,17,0,0
BRDA:73,17,1,0
BRDA:83,18,0,0
BRDA:83,18,1,0
BRDA:84,19,0,0
BRDA:84,19,1,0
BRDA:91,20,0,0
BRDA:91,20,1,10
BRDA:99,21,0,1
BRDA:99,21,1,9
BRDA:107,22,0,22
BRDA:107,22,1,18
BRDA:116,23,0,10
BRDA:116,23,1,0
BRF:46
BRH:19
end_of_record
TN:
SF:/Users/mpaulson/workspaces/work/f2/lib/get/util/clone.js
FN:5,clone
FNF:1
FNH:0
FNDA:0,clone
DA:2,1
DA:3,1
DA:5,1
DA:6,0
DA:7,0
DA:8,0
DA:9,0
DA:10,0
DA:11,0
DA:12,0
DA:14,0
DA:16,0
LF:12
LH:3
BRDA:11,1,0,0
BRDA:11,1,1,0
BRDA:11,2,0,0
BRDA:11,2,1,0
BRF:4
BRH:0
end_of_record
TN:
SF:/Users/mpaulson/workspaces/work/f2/lib/types/atom.js
FNF:0
FNH:0
DA:1,1
LF:1
LH:1
BRF:0
BRH:0
end_of_record
TN:
SF:/Users/mpaulson/workspaces/work/f2/lib/get/util/isExpired.js
FN:2,isExpired
FNF:1
FNH:1
FNDA:22,isExpired
DA:1,1
DA:2,1
DA:3,22
DA:4,22
LF:4
LH:4
BRDA:3,1,0,22
BRDA:3,1,1,22
BRDA:3,1,2,0
BRDA:4,2,0,22
BRDA:4,2,1,0
BRDA:4,2,2,0
BRDA:4,2,3,0
BRF:7
BRH:3
end_of_record
TN:
SF:/Users/mpaulson/workspaces/work/f2/lib/errors/InvalidModelError.js
FN:10,InvalidModelError
FNF:1
FNH:0
FNDA:0,InvalidModelError
DA:1,1
DA:2,1
DA:10,1
DA:11,0
DA:12,0
DA:13,0
DA:14,0
DA:18,1
DA:19,1
DA:20,1
DA:22,1
LF:11
LH:7
BRF:0
BRH:0
end_of_record
TN:
SF:/Users/mpaulson/workspaces/work/f2/lib/support/mergeValueOrInsertBranch.js
FN:18,mergeValueOrInsertBranch
FNF:1
FNH:0
FNDA:0,mergeValueOrInsertBranch
DA:1,1
DA:2,1
DA:3,1
DA:4,1
DA:5,1
DA:7,1
DA:8,1
DA:9,1
DA:11,1
DA:12,1
DA:13,1
DA:14,1
DA:15,1
DA:16,1
DA:18,1
DA:23,0
DA:25,0
DA:26,0
DA:27,0
DA:28,0
DA:30,0
DA:31,0
DA:32,0
DA:33,0
DA:36,0
DA:37,0
DA:44,0
DA:46,0
DA:47,0
DA:49,0
DA:51,0
DA:53,0
DA:54,0
DA:57,0
DA:59,0
DA:60,0
DA:61,0
DA:65,0
LF:38
LH:15
BRDA:25,1,0,0
BRDA:25,1,1,0
BRDA:25,2,0,0
BRDA:25,2,1,0
BRDA:26,3,0,0
BRDA:26,3,1,0
BRDA:26,4,0,0
BRDA:26,4,1,0
BRDA:30,5,0,0
BRDA:30,5,1,0
BRDA:30,6,0,0
BRDA:30,6,1,0
BRDA:30,6,2,0
BRDA:46,7,0,0
BRDA:46,7,1,0
BRDA:46,8,0,0
BRDA:46,8,1,0
BRDA:46,8,2,0
BRDA:49,9,0,0
BRDA:49,9,1,0
BRDA:51,10,0,0
BRDA:51,10,1,0
BRDA:53,11,0,0
BRDA:53,11,1,0
BRDA:53,12,0,0
BRDA:53,12,1,0
BRF:26
BRH:0
end_of_record
TN:
SF:/Users/mpaulson/workspaces/work/f2/lib/support/getType.js
FN:3,getType
FNF:1
FNH:0
FNDA:0,getType
DA:1,1
DA:3,1
DA:4,0
DA:5,0
DA:6,0
DA:8,0
LF:6
LH:2
BRDA:4,1,0,0
BRDA:4,1,1,0
BRDA:4,1,2,0
BRDA:5,2,0,0
BRDA:5,2,1,0
BRDA:5,3,0,0
BRDA:5,3,1,0
BRF:7
BRH:0
end_of_record
TN:
SF:/Users/mpaulson/workspaces/work/f2/lib/errors/InvalidSourceError.js
FN:9,InvalidSourceError
FN:19,(anonymous_2)
FNF:2
FNH:0
FNDA:0,InvalidSourceError
FNDA:0,(anonymous_2)
DA:1,1
DA:9,1
DA:10,0
DA:11,0
DA:12,0
DA:17,1
DA:18,1
DA:19,1
DA:20,0
DA:23,1
LF:10
LH:6
BRDA:20,1,0,0
BRDA:20,1,1,0
BRF:2
BRH:0
end_of_record
TN:
SF:/Users/mpaulson/workspaces/work/f2/lib/request/GetRequestV2.js
FN:20,(anonymous_1)
FN:47,(anonymous_2)
FN:65,(anonymous_3)
FN:66,(anonymous_4)
FN:112,(anonymous_5)
FN:150,(anonymous_6)
FN:183,(anonymous_7)
FN:208,createDisposable
FN:210,(anonymous_9)
FN:229,flattenRequestedPaths
FNF:10
FNH:7
FNDA:1,(anonymous_1)
FNDA:1,(anonymous_2)
FNDA:1,(anonymous_3)
FNDA:1,(anonymous_4)
FNDA:0,(anonymous_5)
FNDA:1,(anonymous_6)
FNDA:0,(anonymous_7)
FNDA:1,createDisposable
FNDA:0,(anonymous_9)
FNDA:1,flattenRequestedPaths
DA:1,1
DA:2,1
DA:3,1
DA:4,1
DA:5,1
DA:6,1
DA:7,1
DA:8,1
DA:9,1
DA:20,1
DA:21,1
DA:22,1
DA:23,1
DA:24,1
DA:25,1
DA:27,1
DA:28,1
DA:29,1
DA:30,1
DA:31,1
DA:32,1
DA:33,1
DA:34,1
DA:35,1
DA:38,1
DA:48,1
DA:49,1
DA:50,1
DA:51,1
DA:52,1
DA:56,1
DA:57,1
DA:58,1
DA:59,1
DA:62,1
DA:63,1
DA:65,1
DA:66,1
DA:67,1
DA:68,1
DA:69,1
DA:71,1
DA:72,0
DA:73,0
DA:74,0
DA:75,0
DA:78,0
DA:83,1
DA:84,1
DA:89,1
DA:90,1
DA:91,1
DA:92,1
DA:103,1
DA:114,0
DA:115,0
DA:116,0
DA:117,0
DA:119,0
DA:120,0
DA:121,0
DA:123,0
DA:124,0
DA:127,0
DA:128,0
DA:133,0
DA:134,0
DA:135,0
DA:136,0
DA:137,0
DA:138,0
DA:139,0
DA:141,0
DA:144,0
DA:151,1
DA:152,1
DA:153,1
DA:154,1
DA:155,1
DA:156,1
DA:158,1
DA:161,1
DA:164,1
DA:165,0
DA:169,0
DA:170,0
DA:176,0
DA:177,0
DA:183,0
DA:184,0
DA:189,0
DA:194,1
DA:201,1
DA:208,1
DA:209,1
DA:210,1
DA:211,0
DA:212,0
DA:215,0
DA:216,0
DA:217,0
DA:218,0
DA:221,0
DA:222,0
DA:223,0
DA:224,0
DA:229,1
DA:230,1
DA:231,1
DA:232,1
DA:233,1
DA:234,1
DA:235,1
DA:238,1
DA:241,1
LF:115
LH:72
BRDA:62,1,0,1
BRDA:62,1,1,0
BRDA:71,2,0,0
BRDA:71,2,1,1
BRDA:74,3,0,0
BRDA:74,3,1,0
BRDA:83,4,0,1
BRDA:83,4,1,0
BRDA:91,5,0,1
BRDA:91,5,1,0
BRDA:119,6,0,0
BRDA:119,6,1,0
BRDA:133,7,0,0
BRDA:133,7,1,0
BRDA:164,8,0,0
BRDA:164,8,1,1
BRDA:169,9,0,0
BRDA:169,9,1,0
BRDA:176,10,0,0
BRDA:176,10,1,0
BRDA:211,11,0,0
BRDA:211,11,1,0
BRDA:211,12,0,0
BRDA:211,12,1,0
BRDA:222,13,0,0
BRDA:222,13,1,0
BRDA:222,14,0,0
BRDA:222,14,1,0
BRF:28
BRH:5
end_of_record
TN:
SF:/Users/mpaulson/workspaces/work/f2/lib/request/complement.js
FN:11,complement
FNF:1
FNH:0
FNDA:0,complement
DA:1,1
DA:2,1
DA:11,1
DA:12,0
DA:13,0
DA:14,0
DA:15,0
DA:16,0
DA:18,0
DA:20,0
DA:21,0
DA:24,0
DA:26,0
DA:27,0
DA:28,0
DA:35,0
DA:36,0
DA:37,0
DA:40,0
DA:41,0
DA:45,0
DA:46,0
DA:49,0
LF:23
LH:3
BRDA:24,1,0,0
BRDA:24,1,1,0
BRDA:24,2,0,0
BRDA:24,2,1,0
BRDA:26,3,0,0
BRDA:26,3,1,0
BRDA:35,4,0,0
BRDA:35,4,1,0
BRDA:35,5,0,0
BRDA:35,5,1,0
BRDA:45,6,0,0
BRDA:45,6,1,0
BRF:12
BRH:0
end_of_record
TN:
SF:/Users/mpaulson/workspaces/work/f2/lib/support/array-slice.js
FN:1,arraySlice
FNF:1
FNH:0
FNDA:0,arraySlice
DA:1,1
DA:2,0
DA:3,0
DA:4,0
DA:6,0
DA:7,0
DA:10,0
DA:11,0
DA:14,0
DA:15,0
DA:16,0
DA:18,0
LF:12
LH:1
BRDA:2,1,0,0
BRDA:2,1,1,0
BRDA:6,2,0,0
BRDA:6,2,1,0
BRDA:10,3,0,0
BRDA:10,3,1,0
BRDA:10,4,0,0
BRDA:10,4,1,0
BRF:8
BRH:0
end_of_record
TN:
SF:/Users/mpaulson/workspaces/work/f2/lib/request/flushGetRequest.js
FN:15,flushGetRequest
FN:80,(anonymous_2)
FN:82,(anonymous_3)
FN:84,(anonymous_4)
FNF:4
FNH:3
FNDA:1,flushGetRequest
FNDA:1,(anonymous_2)
FNDA:0,(anonymous_3)
FNDA:1,(anonymous_4)
DA:1,1
DA:2,1
DA:3,1
DA:4,1
DA:15,1
DA:16,1
DA:17,0
DA:18,0
DA:21,1
DA:22,1
DA:30,1
DA:31,1
DA:32,1
DA:33,1
DA:34,1
DA:35,1
DA:36,1
DA:37,1
DA:39,1
DA:40,1
DA:42,0
DA:43,0
DA:49,1
DA:50,1
DA:51,1
DA:52,1
DA:53,1
DA:58,1
DA:59,1
DA:68,1
DA:69,1
DA:70,1
DA:75,0
DA:76,0
DA:79,1
DA:81,1
DA:83,0
DA:85,1
LF:38
LH:31
BRDA:16,1,0,0
BRDA:16,1,1,1
BRDA:39,2,0,1
BRDA:39,2,1,0
BRF:4
BRH:2
end_of_record
TN:
SF:/Users/mpaulson/workspaces/work/f2/lib/response/ModelResponse.js
FN:9,ModelResponse
FN:13,toJSONG
FN:74,progressively
FN:79,subscribe
FN:99,then
FN:101,(anonymous_6)
FN:105,(anonymous_7)
FN:108,(anonymous_8)
FN:112,(anonymous_9)
FNF:9
FNH:1
FNDA:0,ModelResponse
FNDA:0,toJSONG
FNDA:0,progressively
FNDA:1,subscribe
FNDA:0,then
FNDA:0,(anonymous_6)
FNDA:0,(anonymous_7)
FNDA:0,(anonymous_8)
FNDA:0,(anonymous_9)
DA:1,1
DA:2,1
DA:9,1
DA:10,0
DA:13,1
DA:14,0
DA:74,1
DA:75,0
DA:78,1
DA:80,1
DA:81,1
DA:82,1
DA:88,1
DA:89,1
DA:91,0
DA:93,1
DA:95,0
DA:99,1
DA:100,0
DA:101,0
DA:102,0
DA:103,0
DA:104,0
DA:106,0
DA:109,0
DA:110,0
DA:113,0
DA:114,0
DA:115,0
DA:118,0
DA:119,0
DA:126,1
LF:32
LH:14
BRDA:81,1,0,1
BRDA:81,1,1,0
BRDA:81,2,0,1
BRDA:81,2,1,0
BRDA:83,3,0,1
BRDA:83,3,1,1
BRDA:84,4,0,1
BRDA:84,4,1,1
BRDA:85,5,0,1
BRDA:85,5,1,1
BRDA:89,6,0,0
BRDA:89,6,1,1
BRDA:89,6,2,0
BRDA:93,7,0,1
BRDA:93,7,1,0
BRDA:114,8,0,0
BRDA:114,8,1,0
BRDA:118,9,0,0
BRDA:118,9,1,0
BRF:19
BRH:10
end_of_record
TN:
SF:/Users/mpaulson/workspaces/work/f2/lib/support/noop.js
FN:1,noop
FNF:1
FNH:1
FNDA:2,noop
DA:1,1
LF:1
LH:1
BRF:0
BRH:0
end_of_record
TN:
SF:/Users/mpaulson/workspaces/work/f2/lib/response/CallResponse.js
FN:10,CallResponse
FN:24,_subscribe
FN:55,(anonymous_3)
FN:57,(anonymous_4)
FN:59,(anonymous_5)
FN:70,(anonymous_6)
FN:72,(anonymous_7)
FN:74,(anonymous_8)
FNF:8
FNH:0
FNDA:0,CallResponse
FNDA:0,_subscribe
FNDA:0,(anonymous_3)
FNDA:0,(anonymous_4)
FNDA:0,(anonymous_5)
FNDA:0,(anonymous_6)
FNDA:0,(anonymous_7)
FNDA:0,(anonymous_8)
DA:1,1
DA:2,1
DA:4,1
DA:10,1
DA:11,0
DA:12,0
DA:14,0
DA:15,0
DA:17,0
DA:18,0
DA:20,0
DA:23,1
DA:24,1
DA:25,0
DA:26,0
DA:27,0
DA:28,0
DA:29,0
DA:30,0
DA:33,0
DA:34,0
DA:39,0
DA:40,0
DA:41,0
DA:45,0
DA:46,0
DA:47,0
DA:50,0
DA:51,0
DA:54,0
DA:56,0
DA:58,0
DA:62,0
DA:63,0
DA:64,0
DA:68,0
DA:71,0
DA:73,0
DA:75,0
DA:81,1
LF:40
LH:7
BRDA:14,1,0,0
BRDA:14,1,1,0
BRDA:17,2,0,0
BRDA:17,2,1,0
BRDA:39,3,0,0
BRDA:39,3,1,0
BRDA:63,4,0,0
BRDA:63,4,1,0
BRDA:63,5,0,0
BRDA:63,5,1,0
BRF:10
BRH:0
end_of_record
TN:
SF:/Users/mpaulson/workspaces/work/f2/lib/response/InvalidateResponse.js
FN:5,(anonymous_1)
FN:7,InvalidateResponse
FN:47,progressively
FN:50,_toJSONG
FN:54,_subscribe
FN:57,(anonymous_6)
FNF:6
FNH:0
FNDA:0,(anonymous_1)
FNDA:0,InvalidateResponse
FNDA:0,progressively
FNDA:0,_toJSONG
FNDA:0,_subscribe
FNDA:0,(anonymous_6)
DA:1,1
DA:2,1
DA:3,1
DA:4,1
DA:5,1
DA:7,1
DA:10,0
DA:12,0
DA:13,0
DA:14,0
DA:15,0
DA:18,0
DA:19,0
DA:20,0
DA:21,0
DA:22,0
DA:23,0
DA:24,0
DA:25,0
DA:26,0
DA:28,0
DA:31,0
DA:32,0
DA:33,0
DA:37,0
DA:40,0
DA:43,0
DA:46,1
DA:47,1
DA:48,0
DA:50,1
DA:51,0
DA:54,1
DA:56,0
DA:57,0
DA:58,0
DA:59,0
DA:60,0
DA:61,0
DA:62,0
DA:64,0
DA:66,0
DA:69,1
LF:43
LH:11
BRDA:21,1,0,0
BRDA:21,1,1,0
BRDA:23,2,0,0
BRDA:23,2,1,0
BRDA:25,3,0,0
BRDA:25,3,1,0
BRDA:31,4,0,0
BRDA:31,4,1,0
BRF:8
BRH:0
end_of_record
TN:
SF:/Users/mpaulson/workspaces/work/f2/lib/support/isPathValue.js
FN:4,isPathValue
FNF:1
FNH:0
FNDA:0,isPathValue
DA:1,1
DA:2,1
DA:4,1
DA:5,0
LF:4
LH:3
BRDA:5,1,0,0
BRDA:5,1,1,0
BRDA:5,1,2,0
BRF:3
BRH:0
end_of_record
TN:
SF:/Users/mpaulson/workspaces/work/f2/lib/support/isJSONEnvelope.js
FN:3,isJSONEnvelope
FNF:1
FNH:0
FNDA:0,isJSONEnvelope
DA:1,1
DA:3,1
DA:4,0
LF:3
LH:2
BRDA:4,1,0,0
BRDA:4,1,1,0
BRF:2
BRH:0
end_of_record
TN:
SF:/Users/mpaulson/workspaces/work/f2/lib/schedulers/ASAPScheduler.js
FN:2,(anonymous_1)
FN:4,ASAPScheduler
FN:6,schedule
FN:11,scheduleWithState
FN:13,(anonymous_5)
FNF:5
FNH:0
FNDA:0,(anonymous_1)
FNDA:0,ASAPScheduler
FNDA:0,schedule
FNDA:0,scheduleWithState
FNDA:0,(anonymous_5)
DA:1,1
DA:2,1
DA:4,1
DA:6,1
DA:7,0
DA:8,0
DA:11,1
DA:12,0
DA:13,0
DA:14,0
DA:16,0
DA:19,1
LF:12
LH:6
BRF:0
BRH:0
end_of_record
TN:
SF:/Users/mpaulson/workspaces/work/f2/lib/schedulers/TimeoutScheduler.js
FN:1,TimeoutScheduler
FN:5,TimerDisposable
FN:10,schedule
FN:15,scheduleWithState
FN:17,(anonymous_5)
FN:23,(anonymous_6)
FNF:6
FNH:0
FNDA:0,TimeoutScheduler
FNDA:0,TimerDisposable
FNDA:0,schedule
FNDA:0,scheduleWithState
FNDA:0,(anonymous_5)
FNDA:0,(anonymous_6)
DA:1,1
DA:2,0
DA:5,1
DA:6,0
DA:7,0
DA:10,1
DA:11,0
DA:12,0
DA:15,1
DA:16,0
DA:17,0
DA:18,0
DA:20,0
DA:23,1
DA:24,0
DA:25,0
DA:28,0
DA:29,0
DA:32,1
LF:19
LH:6
BRDA:24,1,0,0
BRDA:24,1,1,0
BRF:2
BRH:0
end_of_record
TN:
SF:/Users/mpaulson/workspaces/work/f2/lib/support/array-clone.js
FN:1,arrayClone
FNF:1
FNH:0
FNDA:0,arrayClone
DA:1,1
DA:2,0
DA:3,0
DA:5,0
DA:6,0
DA:7,0
DA:8,0
DA:9,0
DA:11,0
LF:9
LH:1
BRDA:2,1,0,0
BRDA:2,1,1,0
BRF:2
BRH:0
end_of_record
TN:
SF:/Users/mpaulson/workspaces/work/f2/lib/lru/collect.js
FN:12,collect
FNF:1
FNH:1
FNDA:1,collect
DA:1,1
DA:2,1
DA:4,1
DA:5,1
DA:6,1
DA:7,1
DA:9,1
DA:10,1
DA:12,1
DA:14,1
DA:15,1
DA:17,1
DA:18,0
DA:21,1
DA:22,1
DA:23,1
DA:25,1
DA:27,1
DA:28,0
DA:29,0
DA:30,0
DA:31,0
DA:32,0
DA:33,0
DA:35,0
DA:38,1
DA:39,0
DA:40,0
DA:41,0
DA:42,0
DA:43,0
DA:44,0
DA:45,0
DA:46,0
DA:48,0
DA:51,0
DA:52,0
DA:53,0
DA:55,0
LF:39
LH:18
BRDA:17,1,0,0
BRDA:17,1,1,1
BRDA:28,2,0,0
BRDA:28,2,1,0
BRDA:30,3,0,0
BRDA:30,3,1,0
BRDA:32,4,0,0
BRDA:32,4,1,0
BRDA:38,5,0,0
BRDA:38,5,1,1
BRDA:41,6,0,0
BRDA:41,6,1,0
BRDA:43,7,0,0
BRDA:43,7,1,0
BRDA:45,8,0,0
BRDA:45,8,1,0
BRDA:52,9,0,0
BRDA:52,9,1,0
BRF:18
BRH:2
end_of_record
TN:
SF:/Users/mpaulson/workspaces/work/f2/lib/support/isJSONGraphEnvelope.js
FN:4,isJSONGraphEnvelope
FNF:1
FNH:0
FNDA:0,isJSONGraphEnvelope
DA:1,1
DA:2,1
DA:4,1
DA:5,0
LF:4
LH:3
BRDA:5,1,0,0
BRDA:5,1,1,0
BRDA:5,1,2,0
BRDA:5,1,3,0
BRDA:5,1,4,0
BRDA:5,1,5,0
BRDA:5,1,6,0
BRF:7
BRH:0
end_of_record
TN:
SF:/Users/mpaulson/workspaces/work/f2/lib/set/setPathMaps.js
FN:34,setPathMaps
FN:77,setPathMap
FN:127,setReference
FN:189,setNode
FN:236,getKeys
FNF:5
FNH:0
FNDA:0,setPathMaps
FNDA:0,setPathMap
FNDA:0,setReference
FNDA:0,setNode
FNDA:0,getKeys
DA:1,1
DA:2,1
DA:3,1
DA:4,1
DA:5,1
DA:6,1
DA:7,1
DA:8,1
DA:10,1
DA:12,1
DA:14,1
DA:15,1
DA:16,1
DA:17,1
DA:18,1
DA:19,1
DA:20,1
DA:21,1
DA:22,1
DA:23,1
DA:24,1
DA:34,1
DA:36,0
DA:37,0
DA:38,0
DA:39,0
DA:40,0
DA:41,0
DA:42,0
DA:43,0
DA:44,0
DA:46,0
DA:47,0
DA:48,0
DA:49,0
DA:50,0
DA:51,0
DA:53,0
DA:55,0
DA:56,0
DA:57,0
DA:59,0
DA:66,0
DA:67,0
DA:69,0
DA:70,0
DA:73,0
DA:77,1
DA:82,0
DA:84,0
DA:86,0
DA:87,0
DA:88,0
DA:90,0
DA:91,0
DA:92,0
DA:93,0
DA:94,0
DA:99,0
DA:100,0
DA:101,0
DA:102,0
DA:103,0
DA:104,0
DA:105,0
DA:106,0
DA:113,0
DA:114,0
DA:115,0
DA:118,0
DA:119,0
DA:121,0
DA:127,1
DA:131,0
DA:132,0
DA:133,0
DA:135,0
DA:136,0
DA:137,0
DA:138,0
DA:141,0
DA:143,0
DA:144,0
DA:146,0
DA:148,0
DA:149,0
DA:150,0
DA:153,0
DA:154,0
DA:155,0
DA:157,0
DA:159,0
DA:160,0
DA:161,0
DA:162,0
DA:167,0
DA:168,0
DA:169,0
DA:170,0
DA:172,0
DA:175,0
DA:177,0
DA:178,0
DA:179,0
DA:180,0
DA:181,0
DA:182,0
DA:186,0
DA:189,1
DA:194,0
DA:196,0
DA:198,0
DA:202,0
DA:204,0
DA:205,0
DA:208,0
DA:209,0
DA:212,0
DA:213,0
DA:216,0
DA:217,0
DA:218,0
DA:219,0
DA:220,0
DA:223,0
DA:224,0
DA:227,0
DA:233,0
DA:236,1
DA:238,0
DA:239,0
DA:240,0
DA:241,0
DA:242,0
DA:244,0
DA:245,0
DA:246,0
DA:248,0
DA:250,0
DA:253,0
LF:140
LH:26
BRDA:42,1,0,0
BRDA:42,1,1,0
BRDA:43,2,0,0
BRDA:43,2,1,0
BRDA:69,3,0,0
BRDA:69,3,1,0
BRDA:69,4,0,0
BRDA:69,4,1,0
BRDA:84,5,0,0
BRDA:84,5,1,0
BRDA:84,6,0,0
BRDA:84,6,1,0
BRDA:93,7,0,0
BRDA:93,7,1,0
BRDA:104,8,0,0
BRDA:104,8,1,0
BRDA:105,9,0,0
BRDA:105,9,1,0
BRDA:118,10,0,0
BRDA:118,10,1,0
BRDA:135,11,0,0
BRDA:135,11,1,0
BRDA:148,12,0,0
BRDA:148,12,1,0
BRDA:149,13,0,0
BRDA:149,13,1,0
BRDA:168,14,0,0
BRDA:168,14,1,0
BRDA:177,15,0,0
BRDA:177,15,1,0
BRDA:178,16,0,0
BRDA:178,16,1,0
BRDA:204,17,0,0
BRDA:204,17,1,0
BRDA:209,18,0,0
BRDA:209,18,1,0
BRDA:212,19,0,0
BRDA:212,19,1,0
BRDA:216,20,0,0
BRDA:216,20,1,0
BRDA:217,21,0,0
BRDA:217,21,1,0
BRDA:219,22,0,0
BRDA:219,22,1,0
BRDA:238,23,0,0
BRDA:238,23,1,0
BRDA:238,24,0,0
BRDA:238,24,1,0
BRDA:241,25,0,0
BRDA:241,25,1,0
BRDA:245,26,0,0
BRDA:245,26,1,0
BRDA:245,27,0,0
BRDA:245,27,1,0
BRDA:245,27,2,0
BRF:55
BRH:0
end_of_record
TN:
SF:/Users/mpaulson/workspaces/work/f2/lib/support/validateInput.js
FN:13,validateInput
FNF:1
FNH:1
FNDA:1,validateInput
DA:1,1
DA:2,1
DA:3,1
DA:4,1
DA:5,1
DA:13,1
DA:14,1
DA:15,1
DA:16,1
DA:19,1
DA:20,1
DA:24,0
DA:25,0
DA:29,0
DA:30,0
DA:31,0
DA:35,0
DA:36,0
DA:40,0
DA:41,0
DA:45,0
DA:48,0
DA:51,1
DA:52,0
DA:55,1
LF:25
LH:13
BRDA:19,1,0,1
BRDA:19,1,1,0
BRDA:19,2,0,1
BRDA:19,2,1,1
BRDA:24,3,0,0
BRDA:24,3,1,0
BRDA:24,4,0,0
BRDA:24,4,1,0
BRDA:29,5,0,0
BRDA:29,5,1,0
BRDA:29,6,0,0
BRDA:29,6,1,0
BRDA:35,7,0,0
BRDA:35,7,1,0
BRDA:35,8,0,0
BRDA:35,8,1,0
BRDA:40,9,0,0
BRDA:40,9,1,0
BRDA:40,10,0,0
BRDA:40,10,1,0
BRDA:45,11,0,0
BRDA:45,11,1,0
BRDA:45,12,0,0
BRDA:45,12,1,0
BRDA:45,12,2,0
BRDA:51,13,0,0
BRDA:51,13,1,1
BRF:27
BRH:4
end_of_record
TN:
SF:/Users/mpaulson/workspaces/work/f2/lib/get/getCache.js
FN:8,getCache
FN:15,_copyCache
FN:20,(anonymous_3)
FN:29,(anonymous_4)
FNF:4
FNH:0
FNDA:0,getCache
FNDA:0,_copyCache
FNDA:0,(anonymous_3)
FNDA:0,(anonymous_4)
DA:1,1
DA:2,1
DA:3,1
DA:8,1
DA:9,0
DA:10,0
DA:12,0
DA:15,1
DA:18,0
DA:27,0
DA:30,0
DA:31,0
DA:33,0
DA:34,0
DA:38,0
DA:39,0
DA:40,0
DA:41,0
DA:42,0
DA:43,0
DA:45,0
DA:48,0
DA:49,0
DA:52,0
LF:24
LH:5
BRDA:27,1,0,0
BRDA:27,1,1,0
BRDA:33,2,0,0
BRDA:33,2,1,0
BRDA:38,3,0,0
BRDA:38,3,1,0
BRDA:39,4,0,0
BRDA:39,4,1,0
BRDA:42,5,0,0
BRDA:42,5,1,0
BRDA:42,6,0,0
BRDA:42,6,1,0
BRF:12
BRH:0
end_of_record
TN:
SF:/Users/mpaulson/workspaces/work/f2/lib/support/isInternalKey.js
FN:16,isInternalKey
FNF:1
FNH:0
FNDA:0,isInternalKey
DA:1,1
DA:2,1
DA:3,1
DA:4,1
DA:5,1
DA:6,1
DA:16,1
DA:17,0
LF:8
LH:7
BRDA:17,1,0,0
BRDA:17,1,1,0
BRDA:17,1,2,0
BRDA:17,1,3,0
BRDA:17,1,4,0
BRDA:17,1,5,0
BRDA:17,1,6,0
BRF:7
BRH:0
end_of_record
TN:
SF:/Users/mpaulson/workspaces/work/f2/lib/get/index.js
FNF:0
FNH:0
DA:1,1
DA:2,1
DA:4,1
DA:5,1
DA:7,1
LF:5
LH:5
BRF:0
BRH:0
end_of_record
TN:
SF:/Users/mpaulson/workspaces/work/f2/lib/get/get.js
FN:5,get
FN:6,innerGet
FNF:2
FNH:2
FNDA:2,get
FNDA:2,innerGet
DA:1,1
DA:2,1
DA:3,1
DA:5,1
DA:6,2
DA:7,2
DA:8,2
DA:12,2
DA:13,2
DA:14,2
DA:15,2
DA:16,2
DA:17,2
DA:18,2
DA:19,2
DA:22,2
DA:26,0
DA:27,0
DA:31,0
DA:35,0
DA:36,0
DA:43,0
DA:44,0
DA:45,0
DA:47,0
DA:52,2
DA:53,2
DA:56,2
DA:57,2
DA:62,2
LF:30
LH:21
BRDA:22,1,0,0
BRDA:22,1,1,2
BRDA:26,2,0,0
BRDA:26,2,1,0
BRDA:35,3,0,0
BRDA:35,3,1,0
BRF:6
BRH:1
end_of_record
TN:
SF:/Users/mpaulson/workspaces/work/f2/lib/get/getCachePosition.js
FN:10,getCachePosition
FNF:1
FNH:0
FNDA:0,getCachePosition
DA:10,1
DA:11,0
DA:12,0
DA:13,0
DA:17,0
DA:20,0
DA:23,0
LF:7
LH:1
BRDA:17,1,0,0
BRDA:17,1,1,0
BRDA:17,1,2,0
BRF:3
BRH:0
end_of_record
TN:
SF:/Users/mpaulson/workspaces/work/f2/lib/errors/BoundJSONGraphModelError.js
FN:7,BoundJSONGraphModelError
FNF:1
FNH:0
FNDA:0,BoundJSONGraphModelError
DA:7,1
DA:8,0
DA:9,0
DA:13,1
DA:14,1
DA:15,1
DA:20,1
LF:7
LH:5
BRF:0
BRH:0
end_of_record
TN:
SF:/Users/mpaulson/workspaces/work/f2/lib/get/walkPath.js
FN:11,walkPath
FNF:1
FNH:1
FNDA:35,walkPath
DA:1,1
DA:2,1
DA:3,1
DA:4,1
DA:5,1
DA:6,1
DA:7,1
DA:8,1
DA:9,1
DA:11,1
DA:16,35
DA:17,35
DA:18,35
DA:22,35
DA:23,11
DA:26,11
DA:29,24
DA:30,24
DA:32,24
DA:33,24
DA:34,24
DA:35,24
DA:36,24
DA:38,24
DA:39,1
DA:40,1
DA:45,24
DA:46,0
DA:50,24
DA:51,24
DA:52,24
DA:53,33
DA:55,33
DA:59,33
DA:62,0
DA:63,0
DA:68,0
DA:74,33
DA:75,33
DA:76,33
DA:79,33
DA:80,33
DA:83,33
DA:84,32
DA:85,32
DA:91,32
DA:95,12
DA:97,12
DA:98,0
DA:102,12
DA:104,12
DA:105,12
DA:106,12
DA:107,12
DA:108,12
DA:109,12
DA:110,12
DA:111,24
DA:117,32
DA:118,32
DA:121,32
DA:122,0
DA:133,32
DA:138,32
DA:143,33
DA:149,33
DA:150,10
LF:67
LH:61
BRDA:22,1,0,11
BRDA:22,1,1,24
BRDA:22,2,0,35
BRDA:22,2,1,34
BRDA:22,2,2,34
BRDA:22,2,3,24
BRDA:38,3,0,1
BRDA:38,3,1,23
BRDA:45,4,0,0
BRDA:45,4,1,24
BRDA:45,5,0,24
BRDA:45,5,1,0
BRDA:59,6,0,0
BRDA:59,6,1,33
BRDA:62,7,0,0
BRDA:62,7,1,0
BRDA:83,8,0,32
BRDA:83,8,1,1
BRDA:85,9,0,32
BRDA:85,9,1,22
BRDA:85,9,2,10
BRDA:91,10,0,12
BRDA:91,10,1,20
BRDA:91,11,0,32
BRDA:91,11,1,22
BRDA:91,11,2,12
BRDA:91,11,3,12
BRDA:97,12,0,0
BRDA:97,12,1,12
BRDA:117,13,0,32
BRDA:117,13,1,0
BRDA:121,14,0,0
BRDA:121,14,1,32
BRDA:121,15,0,32
BRDA:121,15,1,32
BRDA:149,16,0,10
BRDA:149,16,1,23
BRDA:149,17,0,33
BRDA:149,17,1,10
BRDA:153,18,0,33
BRDA:153,18,1,10
BRF:41
BRH:33
end_of_record
TN:
SF:/Users/mpaulson/workspaces/work/f2/lib/get/onValueType.js
FN:16,onValueType
FNF:1
FNH:1
FNDA:11,onValueType
DA:1,1
DA:2,1
DA:3,1
DA:4,1
DA:5,1
DA:6,1
DA:7,1
DA:8,1
DA:16,1
DA:20,11
DA:21,11
DA:25,11
DA:26,1
DA:27,0
DA:31,1
DA:35,1
DA:39,10
DA:40,0
DA:41,0
DA:43,0
DA:49,10
DA:50,0
DA:51,0
DA:53,0
DA:54,0
DA:58,0
DA:64,10
DA:65,0
DA:68,10
DA:71,10
LF:30
LH:20
BRDA:20,1,0,11
BRDA:20,1,1,10
BRDA:21,2,0,11
BRDA:21,2,1,10
BRDA:25,3,0,1
BRDA:25,3,1,10
BRDA:25,4,0,11
BRDA:25,4,1,10
BRDA:26,5,0,0
BRDA:26,5,1,1
BRDA:39,6,0,0
BRDA:39,6,1,10
BRDA:40,7,0,0
BRDA:40,7,1,0
BRDA:49,8,0,0
BRDA:49,8,1,10
BRDA:50,9,0,0
BRDA:50,9,1,0
BRDA:53,10,0,0
BRDA:53,10,1,0
BRDA:53,11,0,0
BRDA:53,11,1,0
BRDA:64,12,0,0
BRDA:64,12,1,10
BRDA:68,13,0,10
BRDA:68,13,1,0
BRDA:68,14,0,10
BRDA:68,14,1,0
BRDA:68,14,2,0
BRF:29
BRH:14
end_of_record
TN:
SF:/Users/mpaulson/workspaces/work/f2/lib/get/onError.js
FN:4,onError
FNF:1
FNH:0
FNDA:0,onError
DA:1,1
DA:2,1
DA:4,1
DA:6,0
DA:7,0
DA:8,0
DA:11,0
DA:12,0
DA:14,0
DA:18,0
LF:10
LH:3
BRDA:7,1,0,0
BRDA:7,1,1,0
BRDA:11,2,0,0
BRDA:11,2,1,0
BRF:4
BRH:0
end_of_record
TN:
SF:/Users/mpaulson/workspaces/work/f2/lib/get/onMissing.js
FN:4,onMissing
FN:23,concatAndInsertMissing
FNF:2
FNH:2
FNDA:1,onMissing
FNDA:1,concatAndInsertMissing
DA:1,1
DA:2,1
DA:4,1
DA:7,1
DA:8,1
DA:9,1
DA:10,1
DA:13,1
DA:14,1
DA:16,0
DA:19,1
DA:23,1
DA:27,1
DA:32,1
LF:14
LH:13
BRDA:8,1,0,1
BRDA:8,1,1,0
BRDA:13,2,0,1
BRDA:13,2,1,0
BRF:4
BRH:2
end_of_record
TN:
SF:/Users/mpaulson/workspaces/work/f2/lib/get/util/support.js
FN:1,fastCopy
FN:10,fastCat
FNF:2
FNH:1
FNDA:1,fastCopy
FNDA:0,fastCat
DA:1,1
DA:2,1
DA:3,1
DA:4,4
DA:6,1
DA:10,1
DA:11,0
DA:12,0
DA:13,0
DA:15,0
DA:16,0
DA:18,0
DA:23,1
LF:13
LH:7
BRF:0
BRH:0
end_of_record
TN:
SF:/Users/mpaulson/workspaces/work/f2/lib/get/util/isMaterialzed.js
FN:1,isMaterialized
FNF:1
FNH:1
FNDA:1,isMaterialized
DA:1,1
DA:2,1
LF:2
LH:2
BRDA:2,1,0,1
BRDA:2,1,1,0
BRF:2
BRH:1
end_of_record
TN:
SF:/Users/mpaulson/workspaces/work/f2/lib/response/get/validInput.js
FNF:0
FNH:0
DA:1,1
LF:1
LH:1
BRF:0
BRH:0
end_of_record
TN:
SF:/Users/mpaulson/workspaces/work/f2/lib/response/get/index.js
FN:12,get
FN:17,(anonymous_2)
FNF:2
FNH:1
FNDA:1,get
FNDA:0,(anonymous_2)
DA:1,1
DA:2,1
DA:3,1
DA:4,1
DA:5,1
DA:12,1
DA:15,1
DA:16,1
DA:17,0
DA:18,0
DA:22,1
DA:23,1
LF:12
LH:10
BRDA:16,1,0,0
BRDA:16,1,1,1
BRF:2
BRH:1
end_of_record
TN:
SF:/Users/mpaulson/workspaces/work/f2/lib/response/get/GetResponse.js
FN:4,(anonymous_1)
FN:18,GetResponse
FN:35,_toJSONGraph
FN:45,progressively
FN:56,_subscribe
FNF:5
FNH:2
FNDA:0,(anonymous_1)
FNDA:1,GetResponse
FNDA:0,_toJSONGraph
FNDA:0,progressively
FNDA:1,_subscribe
DA:1,1
DA:2,1
DA:3,1
DA:4,1
DA:5,1
DA:6,1
DA:7,1
DA:18,1
DA:22,1
DA:23,1
DA:24,1
DA:25,1
DA:26,1
DA:29,1
DA:35,1
DA:36,0
DA:45,1
DA:46,0
DA:56,1
DA:57,1
DA:58,1
DA:59,1
DA:60,1
DA:61,1
DA:62,1
DA:67,1
DA:68,0
DA:69,0
DA:70,0
DA:71,0
DA:73,0
DA:76,0
DA:80,1
LF:33
LH:25
BRDA:24,1,0,1
BRDA:24,1,1,1
BRDA:25,2,0,1
BRDA:25,2,1,1
BRDA:26,3,0,1
BRDA:26,3,1,1
BRDA:67,4,0,0
BRDA:67,4,1,1
BRDA:68,5,0,0
BRDA:68,5,1,0
BRF:10
BRH:7
end_of_record
TN:
SF:/Users/mpaulson/workspaces/work/f2/lib/response/get/checkCacheAndReport.js
FN:19,checkCacheAndReport
FNF:1
FNH:1
FNDA:2,checkCacheAndReport
DA:1,1
DA:2,1
DA:3,1
DA:19,1
DA:24,2
DA:25,2
DA:26,0
DA:28,2
DA:34,2
DA:35,0
DA:36,0
DA:41,2
DA:42,2
DA:45,2
DA:46,0
DA:47,0
DA:48,0
DA:49,0
DA:55,2
DA:57,1
DA:58,1
DA:59,1
DA:61,0
DA:63,1
DA:68,2
DA:69,1
DA:70,0
DA:72,1
DA:75,1
DA:79,1
LF:30
LH:21
BRDA:25,1,0,0
BRDA:25,1,1,2
BRDA:34,2,0,0
BRDA:34,2,1,2
BRDA:42,3,0,2
BRDA:42,3,1,1
BRDA:45,4,0,0
BRDA:45,4,1,2
BRDA:55,5,0,1
BRDA:55,5,1,1
BRDA:55,6,0,2
BRDA:55,6,1,1
BRDA:55,6,2,1
BRDA:68,7,0,1
BRDA:68,7,1,1
BRDA:69,8,0,0
BRDA:69,8,1,1
BRF:17
BRH:13
end_of_record
TN:
SF:/Users/mpaulson/workspaces/work/f2/lib/response/get/getRequestCycle.js
FN:24,getRequestCycle
FN:53,(anonymous_2)
FNF:2
FNH:2
FNDA:1,getRequestCycle
FNDA:1,(anonymous_2)
DA:1,1
DA:2,1
DA:3,1
DA:4,1
DA:5,1
DA:6,1
DA:7,1
DA:8,1
DA:24,1
DA:27,1
DA:28,0
DA:31,1
DA:32,1
DA:33,1
DA:34,1
DA:38,1
DA:39,1
DA:40,1
DA:41,0
DA:42,0
DA:49,1
DA:52,1
DA:55,1
DA:56,0
DA:57,0
DA:62,1
DA:70,1
DA:73,0
DA:82,1
DA:83,1
DA:84,1
DA:86,1
DA:91,1
DA:92,1
LF:34
LH:28
BRDA:27,1,0,0
BRDA:27,1,1,1
BRDA:40,2,0,0
BRDA:40,2,1,1
BRDA:55,3,0,0
BRDA:55,3,1,1
BRDA:70,4,0,0
BRDA:70,4,1,1
BRF:8
BRH:4
end_of_record
TN:
SF:/Users/mpaulson/workspaces/work/f2/lib/errors/MaxRetryExceededError.js
FN:8,MaxRetryExceededError
FN:17,(anonymous_2)
FNF:2
FNH:0
FNDA:0,MaxRetryExceededError
FNDA:0,(anonymous_2)
DA:1,1
DA:8,1
DA:9,0
DA:10,0
DA:15,1
DA:16,1
DA:17,1
DA:18,0
DA:21,1
LF:9
LH:6
BRDA:18,1,0,0
BRDA:18,1,1,0
BRF:2
BRH:0
end_of_record
TN:
SF:/Users/mpaulson/workspaces/work/f2/lib/response/AssignableDisposable.js
FN:6,AssignableDisposable
FN:18,dispose
FNF:2
FNH:1
FNDA:1,AssignableDisposable
FNDA:0,dispose
DA:6,1
DA:7,1
DA:8,1
DA:12,1
DA:19,0
DA:20,0
DA:22,0
DA:26,0
DA:27,0
DA:28,0
DA:32,0
DA:38,1
LF:12
LH:5
BRDA:19,1,0,0
BRDA:19,1,1,0
BRDA:19,2,0,0
BRDA:19,2,1,0
BRDA:27,3,0,0
BRDA:27,3,1,0
BRF:6
BRH:0
end_of_record
TN:
SF:/Users/mpaulson/workspaces/work/f2/lib/response/get/getWithPaths.js
FN:8,getWithPaths
FNF:1
FNH:0
FNDA:0,getWithPaths
DA:1,1
DA:8,1
DA:9,0
LF:3
LH:2
BRF:0
BRH:0
end_of_record
TN:
SF:/Users/mpaulson/workspaces/work/f2/lib/response/set/index.js
FN:6,set
FN:9,(anonymous_2)
FNF:2
FNH:0
FNDA:0,set
FNDA:0,(anonymous_2)
DA:1,1
DA:2,1
DA:3,1
DA:4,1
DA:6,1
DA:7,0
DA:8,0
DA:9,0
DA:10,0
DA:14,0
DA:15,0
DA:16,0
DA:17,0
DA:18,0
DA:20,0
LF:15
LH:5
BRDA:8,1,0,0
BRDA:8,1,1,0
BRF:2
BRH:0
end_of_record
TN:
SF:/Users/mpaulson/workspaces/work/f2/lib/response/set/setValidInput.js
FNF:0
FNH:0
DA:1,1
LF:1
LH:1
BRF:0
BRH:0
end_of_record
TN:
SF:/Users/mpaulson/workspaces/work/f2/lib/response/set/SetResponse.js
FN:25,SetResponse
FN:80,_subscribe
FN:95,_toJSONGraph
FN:105,progressively
FNF:4
FNH:0
FNDA:0,SetResponse
FNDA:0,_subscribe
FNDA:0,_toJSONGraph
FNDA:0,progressively
DA:1,1
DA:2,1
DA:3,1
DA:4,1
DA:5,1
DA:6,1
DA:7,1
DA:25,1
DA:30,0
DA:31,0
DA:32,0
DA:33,0
DA:34,0
DA:36,0
DA:37,0
DA:38,0
DA:39,0
DA:42,0
DA:43,0
DA:44,0
DA:45,0
DA:46,0
DA:47,0
DA:48,0
DA:49,0
DA:50,0
DA:51,0
DA:52,0
DA:53,0
DA:54,0
DA:57,0
DA:58,0
DA:59,0
DA:63,0
DA:66,0
DA:69,0
DA:72,1
DA:80,1
DA:81,0
DA:82,0
DA:83,0
DA:84,0
DA:87,0
DA:95,1
DA:96,0
DA:105,1
DA:106,0
LF:47
LH:12
BRDA:31,1,0,0
BRDA:31,1,1,0
BRDA:32,2,0,0
BRDA:32,2,1,0
BRDA:45,3,0,0
BRDA:45,3,1,0
BRDA:45,4,0,0
BRDA:45,4,1,0
BRDA:48,5,0,0
BRDA:48,5,1,0
BRDA:51,6,0,0
BRDA:51,6,1,0
BRDA:53,7,0,0
BRDA:53,7,1,0
BRDA:57,8,0,0
BRDA:57,8,1,0
BRF:16
BRH:0
end_of_record
TN:
SF:/Users/mpaulson/workspaces/work/f2/lib/response/set/setRequestCycle.js
FN:13,setRequestCycle
FN:52,(anonymous_2)
FN:88,getJSONGraph
FN:98,subscribeToFollowupGet
FNF:4
FNH:0
FNDA:0,setRequestCycle
FNDA:0,(anonymous_2)
FNDA:0,getJSONGraph
FNDA:0,subscribeToFollowupGet
DA:1,1
DA:2,1
DA:3,1
DA:4,1
DA:5,1
DA:6,1
DA:7,1
DA:13,1
DA:16,0
DA:17,0
DA:20,0
DA:21,0
DA:22,0
DA:23,0
DA:28,0
DA:29,0
DA:35,0
DA:36,0
DA:37,0
DA:38,0
DA:41,0
DA:42,0
DA:46,0
DA:53,0
DA:54,0
DA:60,0
DA:61,0
DA:62,0
DA:67,0
DA:68,0
DA:77,0
DA:83,0
DA:85,0
DA:88,1
DA:89,0
DA:90,0
DA:91,0
DA:92,0
DA:93,0
DA:95,0
DA:98,1
DA:104,0
DA:106,0
LF:43
LH:10
BRDA:16,1,0,0
BRDA:16,1,1,0
BRDA:28,2,0,0
BRDA:28,2,1,0
BRDA:35,3,0,0
BRDA:35,3,1,0
BRDA:53,4,0,0
BRDA:53,4,1,0
BRDA:61,5,0,0
BRDA:61,5,1,0
BRDA:61,6,0,0
BRDA:61,6,1,0
BRDA:67,7,0,0
BRDA:67,7,1,0
BRF:14
BRH:0
end_of_record
TN:
SF:/Users/mpaulson/workspaces/work/f2/lib/response/set/setGroupsIntoCache.js
FN:7,setGroupsIntoCache
FN:47,pluckPath
FN:51,pluckEnvelopePaths
FNF:3
FNH:0
FNDA:0,setGroupsIntoCache
FNDA:0,pluckPath
FNDA:0,pluckEnvelopePaths
DA:1,1
DA:7,1
DA:8,0
DA:9,0
DA:10,0
DA:11,0
DA:12,0
DA:13,0
DA:14,0
DA:21,0
DA:23,0
DA:24,0
DA:25,0
DA:27,0
DA:28,0
DA:29,0
DA:30,0
DA:32,0
DA:34,0
DA:35,0
DA:36,0
DA:37,0
DA:39,0
DA:44,0
DA:47,1
DA:48,0
DA:51,1
DA:52,0
LF:28
LH:4
BRDA:27,1,0,0
BRDA:27,1,1,0
BRDA:34,2,0,0
BRDA:34,2,1,0
BRDA:36,3,0,0
BRDA:36,3,1,0
BRF:6
BRH:0
end_of_record
TN:
SF:/Users/mpaulson/workspaces/work/f2/lib/support/array-flat-map.js
FN:1,arrayFlatMap
FNF:1
FNH:0
FNDA:0,arrayFlatMap
DA:1,1
DA:2,0
DA:3,0
DA:4,0
DA:5,0
DA:6,0
DA:7,0
DA:8,0
DA:9,0
DA:10,0
DA:11,0
DA:14,0
LF:12
LH:1
BRF:0
BRH:0
end_of_record
TN:
SF:/Users/mpaulson/workspaces/work/f2/lib/deref/index.js
FN:6,deref
FNF:1
FNH:0
FNDA:0,deref
DA:1,1
DA:2,1
DA:3,1
DA:4,1
DA:6,1
DA:8,0
DA:9,0
DA:10,0
DA:11,0
DA:15,0
DA:16,0
DA:18,0
DA:19,0
DA:20,0
DA:25,0
DA:28,0
DA:29,0
DA:30,0
DA:32,0
DA:33,0
DA:34,0
DA:35,0
DA:43,0
DA:44,0
DA:49,0
DA:50,0
DA:53,0
DA:59,0
LF:28
LH:5
BRDA:8,1,0,0
BRDA:8,1,1,0
BRDA:9,2,0,0
BRDA:9,2,1,0
BRDA:10,3,0,0
BRDA:10,3,1,0
BRDA:15,4,0,0
BRDA:15,4,1,0
BRDA:18,5,0,0
BRDA:18,5,1,0
BRDA:25,6,0,0
BRDA:25,6,1,0
BRDA:25,7,0,0
BRDA:25,7,1,0
BRDA:25,7,2,0
BRDA:33,8,0,0
BRDA:33,8,1,0
BRDA:34,9,0,0
BRDA:34,9,1,0
BRDA:43,10,0,0
BRDA:43,10,1,0
BRDA:49,11,0,0
BRDA:49,11,1,0
BRF:23
BRH:0
end_of_record
TN:
SF:/Users/mpaulson/workspaces/work/f2/lib/errors/InvalidDerefInputError.js
FN:10,InvalidDerefInputError
FNF:1
FNH:0
FNDA:0,InvalidDerefInputError
DA:1,1
DA:2,1
DA:10,1
DA:11,0
DA:12,0
DA:16,1
DA:17,1
DA:18,1
DA:19,1
DA:21,1
LF:10
LH:8
BRF:0
BRH:0
end_of_record
TN:
SF:/Users/mpaulson/workspaces/work/f2/lib/deref/hasValidParentReference.js
FN:3,fromWhenceYeCame
FNF:1
FNH:0
FNDA:0,fromWhenceYeCame
DA:1,1
DA:2,1
DA:3,1
DA:4,0
DA:7,0
DA:8,0
DA:13,0
DA:14,0
DA:18,0
DA:19,0
DA:23,0
DA:24,0
DA:28,0
DA:29,0
DA:32,0
LF:15
LH:3
BRDA:7,1,0,0
BRDA:7,1,1,0
BRDA:13,2,0,0
BRDA:13,2,1,0
BRDA:18,3,0,0
BRDA:18,3,1,0
BRDA:23,4,0,0
BRDA:23,4,1,0
BRDA:23,5,0,0
BRDA:23,5,1,0
BRDA:28,6,0,0
BRDA:28,6,1,0
BRDA:28,7,0,0
BRDA:28,7,1,0
BRF:14
BRH:0
end_of_record
TN:
SF:/Users/mpaulson/workspaces/work/f2/lib/get/getValue.js
FN:4,getValue
FN:11,(anonymous_2)
FN:19,(anonymous_3)
FN:20,(anonymous_4)
FN:29,(anonymous_5)
FN:31,(anonymous_6)
FNF:6
FNH:0
FNDA:0,getValue
FNDA:0,(anonymous_2)
FNDA:0,(anonymous_3)
FNDA:0,(anonymous_4)
FNDA:0,(anonymous_5)
FNDA:0,(anonymous_6)
DA:1,1
DA:2,1
DA:4,1
DA:5,0
DA:6,0
DA:7,0
DA:8,0
DA:9,0
DA:11,0
DA:12,0
DA:18,0
DA:19,0
DA:20,0
DA:21,0
DA:22,0
DA:23,0
DA:25,0
DA:26,0
DA:28,0
DA:30,0
DA:32,0
LF:21
LH:3
BRDA:9,1,0,0
BRDA:9,1,1,0
BRDA:25,2,0,0
BRDA:25,2,1,0
BRF:4
BRH:0
end_of_record
TN:
SF:/Users/mpaulson/workspaces/work/f2/lib/set/setValue.js
FN:5,setValue
FN:13,(anonymous_2)
FN:20,(anonymous_3)
FN:21,(anonymous_4)
FN:30,(anonymous_5)
FN:32,(anonymous_6)
FNF:6
FNH:0
FNDA:0,setValue
FNDA:0,(anonymous_2)
FNDA:0,(anonymous_3)
FNDA:0,(anonymous_4)
FNDA:0,(anonymous_5)
FNDA:0,(anonymous_6)
DA:1,1
DA:2,1
DA:3,1
DA:5,1
DA:6,0
DA:7,0
DA:8,0
DA:9,0
DA:10,0
DA:11,0
DA:13,0
DA:14,0
DA:19,0
DA:20,0
DA:21,0
DA:22,0
DA:23,0
DA:24,0
DA:26,0
DA:27,0
DA:29,0
DA:31,0
DA:33,0
LF:23
LH:4
BRDA:6,1,0,0
BRDA:6,1,1,0
BRDA:11,2,0,0
BRDA:11,2,1,0
BRDA:26,3,0,0
BRDA:26,3,1,0
BRF:6
BRH:0
end_of_record
TN:
SF:/Users/mpaulson/workspaces/work/f2/lib/get/sync.js
FN:3,getValueSync
FNF:1
FNH:0
FNDA:0,getValueSync
DA:1,1
DA:3,1
DA:4,0
DA:5,0
DA:6,0
DA:8,0
DA:9,0
DA:11,0
LF:8
LH:2
BRDA:5,1,0,0
BRDA:5,1,1,0
BRDA:8,2,0,0
BRDA:8,2,1,0
BRDA:11,3,0,0
BRDA:11,3,1,0
BRF:6
BRH:0
end_of_record
TN:
SF:/Users/mpaulson/workspaces/work/f2/lib/set/sync.js
FN:5,setValueSync
FNF:1
FNH:0
FNDA:0,setValueSync
DA:1,1
DA:2,1
DA:3,1
DA:5,1
DA:7,0
DA:8,0
DA:9,0
DA:10,0
DA:12,0
DA:13,0
DA:14,0
DA:15,0
DA:17,0
DA:23,0
DA:24,0
DA:27,0
DA:28,0
DA:31,0
DA:32,0
DA:35,0
DA:36,0
DA:37,0
LF:22
LH:4
BRDA:12,1,0,0
BRDA:12,1,1,0
BRDA:23,2,0,0
BRDA:23,2,1,0
BRDA:27,3,0,0
BRDA:27,3,1,0
BRDA:31,4,0,0
BRDA:31,4,1,0
BRDA:35,5,0,0
BRDA:35,5,1,0
BRF:10
BRH:0
end_of_record
TN:
SF:/Users/mpaulson/workspaces/work/f2/lib/deref/sync.js
FN:5,derefSync
FNF:1
FNH:0
FNDA:0,derefSync
DA:1,1
DA:2,1
DA:3,1
DA:5,1
DA:7,0
DA:9,0
DA:10,0
DA:13,0
DA:15,0
DA:16,0
DA:17,0
DA:19,0
DA:20,0
DA:23,0
DA:24,0
DA:27,0
LF:16
LH:4
BRDA:9,1,0,0
BRDA:9,1,1,0
BRDA:19,2,0,0
BRDA:19,2,1,0
BRDA:23,3,0,0
BRDA:23,3,1,0
BRF:6
BRH:0
end_of_record
TN:
SF:/Users/mpaulson/workspaces/work/f2/lib/get/getVersion.js
FN:3,_getVersion
FNF:1
FNH:0
FNDA:0,_getVersion
DA:1,1
DA:3,1
DA:5,0
DA:10,0
DA:11,0
LF:5
LH:2
BRDA:10,1,0,0
BRDA:10,1,1,0
BRDA:11,2,0,0
BRDA:11,2,1,0
BRF:4
BRH:0
end_of_record
TN:
SF:/Users/mpaulson/workspaces/work/f2/lib/invalidate/invalidatePathSets.js
FN:31,invalidatePathSets
FN:64,invalidatePathSet
FN:96,invalidateReference
FN:147,invalidateNode
FNF:4
FNH:0
FNDA:0,invalidatePathSets
FNDA:0,invalidatePathSet
FNDA:0,invalidateReference
FNDA:0,invalidateNode
DA:1,1
DA:2,1
DA:3,1
DA:4,1
DA:5,1
DA:6,1
DA:7,1
DA:9,1
DA:11,1
DA:13,1
DA:14,1
DA:15,1
DA:16,1
DA:17,1
DA:18,1
DA:19,1
DA:20,1
DA:21,1
DA:22,1
DA:31,1
DA:33,0
DA:34,0
DA:35,0
DA:36,0
DA:37,0
DA:38,0
DA:39,0
DA:40,0
DA:41,0
DA:43,0
DA:44,0
DA:46,0
DA:48,0
DA:50,0
DA:56,0
DA:57,0
DA:59,0
DA:60,0
DA:64,1
DA:68,0
DA:69,0
DA:70,0
DA:71,0
DA:73,0
DA:74,0
DA:79,0
DA:80,0
DA:81,0
DA:82,0
DA:83,0
DA:88,0
DA:89,0
DA:92,0
DA:96,1
DA:98,0
DA:99,0
DA:100,0
DA:103,0
DA:105,0
DA:106,0
DA:107,0
DA:109,0
DA:111,0
DA:112,0
DA:115,0
DA:116,0
DA:118,0
DA:120,0
DA:121,0
DA:122,0
DA:123,0
DA:128,0
DA:129,0
DA:130,0
DA:132,0
DA:135,0
DA:136,0
DA:137,0
DA:138,0
DA:139,0
DA:140,0
DA:144,0
DA:147,1
DA:152,0
DA:154,0
DA:156,0
DA:158,0
DA:160,0
DA:161,0
DA:164,0
DA:165,0
DA:168,0
DA:169,0
DA:172,0
DA:173,0
DA:174,0
DA:175,0
DA:176,0
DA:179,0
DA:180,0
DA:183,0
LF:101
LH:23
BRDA:39,1,0,0
BRDA:39,1,1,0
BRDA:40,2,0,0
BRDA:40,2,1,0
BRDA:59,3,0,0
BRDA:59,3,1,0
BRDA:59,4,0,0
BRDA:59,4,1,0
BRDA:81,5,0,0
BRDA:81,5,1,0
BRDA:82,6,0,0
BRDA:82,6,1,0
BRDA:88,7,0,0
BRDA:88,7,1,0
BRDA:98,8,0,0
BRDA:98,8,1,0
BRDA:111,9,0,0
BRDA:111,9,1,0
BRDA:112,10,0,0
BRDA:112,10,1,0
BRDA:129,11,0,0
BRDA:129,11,1,0
BRDA:135,12,0,0
BRDA:135,12,1,0
BRDA:136,13,0,0
BRDA:136,13,1,0
BRDA:160,14,0,0
BRDA:160,14,1,0
BRDA:168,15,0,0
BRDA:168,15,1,0
BRDA:172,16,0,0
BRDA:172,16,1,0
BRDA:173,17,0,0
BRDA:173,17,1,0
BRDA:175,18,0,0
BRDA:175,18,1,0
BRF:36
BRH:0
end_of_record
TN:
SF:/Users/mpaulson/workspaces/work/f2/lib/invalidate/invalidatePathMaps.js
FN:33,invalidatePathMaps
FN:68,invalidatePathMap
FN:100,invalidateReference
FN:151,invalidateNode
FNF:4
FNH:0
FNDA:0,invalidatePathMaps
FNDA:0,invalidatePathMap
FNDA:0,invalidateReference
FNDA:0,invalidateNode
DA:1,1
DA:2,1
DA:3,1
DA:4,1
DA:5,1
DA:6,1
DA:7,1
DA:8,1
DA:10,1
DA:12,1
DA:14,1
DA:15,1
DA:16,1
DA:17,1
DA:18,1
DA:19,1
DA:20,1
DA:21,1
DA:22,1
DA:23,1
DA:24,1
DA:33,1
DA:35,0
DA:36,0
DA:37,0
DA:38,0
DA:39,0
DA:40,0
DA:41,0
DA:42,0
DA:43,0
DA:44,0
DA:45,0
DA:47,0
DA:48,0
DA:50,0
DA:52,0
DA:54,0
DA:60,0
DA:61,0
DA:63,0
DA:64,0
DA:68,1
DA:70,0
DA:71,0
DA:74,0
DA:75,0
DA:76,0
DA:77,0
DA:78,0
DA:83,0
DA:84,0
DA:85,0
DA:86,0
DA:87,0
DA:92,0
DA:93,0
DA:100,1
DA:102,0
DA:103,0
DA:104,0
DA:107,0
DA:109,0
DA:110,0
DA:111,0
DA:113,0
DA:115,0
DA:116,0
DA:119,0
DA:120,0
DA:122,0
DA:124,0
DA:125,0
DA:126,0
DA:127,0
DA:132,0
DA:133,0
DA:134,0
DA:136,0
DA:139,0
DA:140,0
DA:141,0
DA:142,0
DA:143,0
DA:144,0
DA:148,0
DA:151,1
DA:156,0
DA:158,0
DA:160,0
DA:162,0
DA:164,0
DA:165,0
DA:168,0
DA:169,0
DA:172,0
DA:173,0
DA:176,0
DA:177,0
DA:178,0
DA:179,0
DA:180,0
DA:183,0
DA:184,0
DA:187,0
LF:105
LH:25
BRDA:43,1,0,0
BRDA:43,1,1,0
BRDA:44,2,0,0
BRDA:44,2,1,0
BRDA:63,3,0,0
BRDA:63,3,1,0
BRDA:63,4,0,0
BRDA:63,4,1,0
BRDA:70,5,0,0
BRDA:70,5,1,0
BRDA:70,6,0,0
BRDA:70,6,1,0
BRDA:75,7,0,0
BRDA:75,7,1,0
BRDA:75,8,0,0
BRDA:75,8,1,0
BRDA:75,8,2,0
BRDA:77,9,0,0
BRDA:77,9,1,0
BRDA:85,10,0,0
BRDA:85,10,1,0
BRDA:86,11,0,0
BRDA:86,11,1,0
BRDA:92,12,0,0
BRDA:92,12,1,0
BRDA:102,13,0,0
BRDA:102,13,1,0
BRDA:115,14,0,0
BRDA:115,14,1,0
BRDA:116,15,0,0
BRDA:116,15,1,0
BRDA:133,16,0,0
BRDA:133,16,1,0
BRDA:139,17,0,0
BRDA:139,17,1,0
BRDA:140,18,0,0
BRDA:140,18,1,0
BRDA:164,19,0,0
BRDA:164,19,1,0
BRDA:169,20,0,0
BRDA:169,20,1,0
BRDA:172,21,0,0
BRDA:172,21,1,0
BRDA:176,22,0,0
BRDA:176,22,1,0
BRDA:177,23,0,0
BRDA:177,23,1,0
BRDA:179,24,0,0
BRDA:179,24,1,0
BRF:49
BRH:0
end_of_record
